<?xml version="1.0" encoding="UTF-8"?>
<!-- Generated by org.testng.reporters.JUnitXMLReporter -->
<testsuite hostname="FOCUS-QA-133" name="Default test" tests="337" failures="1" timestamp="23 May 2022 11:18:54 GMT" time="46.372" errors="0">
  <testcase name="@AfterMethod afterMethodExecution" time="0.0" classname="com.focus.testcases.BatchNegativeTestingOptionsTest">
    <failure type="org.openqa.selenium.NoSuchWindowException" message="no such window: target window already closed
from unknown error: web view not found
  (Session info: chrome=101.0.4951.67)
Build info: version: &amp;apos;3.12.0&amp;apos;, revision: &amp;apos;7c6e0b3&amp;apos;, time: &amp;apos;2018-05-08T14:04:26.12Z&amp;apos;
System info: host: &amp;apos;FOCUS-QA-133&amp;apos;, ip: &amp;apos;192.168.4.45&amp;apos;, os.name: &amp;apos;Windows 10&amp;apos;, os.arch: &amp;apos;amd64&amp;apos;, os.version: &amp;apos;10.0&amp;apos;, java.version: &amp;apos;1.8.0_111&amp;apos;
Driver info: org.openqa.selenium.chrome.ChromeDriver
Capabilities {acceptInsecureCerts: false, browserName: chrome, browserVersion: 101.0.4951.67, chrome: {chromedriverVersion: 100.0.4896.60 (6a5d10861ce8..., userDataDir: C:\Users\Roja\AppData\Local...}, goog:chromeOptions: {debuggerAddress: localhost:62871}, javascriptEnabled: true, networkConnectionEnabled: false, pageLoadStrategy: normal, platform: WINDOWS, platformName: WINDOWS, proxy: Proxy(), setWindowRect: true, strictFileInteractability: false, timeouts: {implicit: 0, pageLoad: 300000, script: 30000}, unhandledPromptBehavior: dismiss and notify, webauthn:extension:credBlob: true, webauthn:extension:largeBlob: true, webauthn:virtualAuthenticators: true}
Session ID: 7c9a4a81989d1b6fca99aced301b4fdd">
      <![CDATA[org.openqa.selenium.NoSuchWindowException: no such window: target window already closed
from unknown error: web view not found
  (Session info: chrome=101.0.4951.67)
Build info: version: '3.12.0', revision: '7c6e0b3', time: '2018-05-08T14:04:26.12Z'
System info: host: 'FOCUS-QA-133', ip: '192.168.4.45', os.name: 'Windows 10', os.arch: 'amd64', os.version: '10.0', java.version: '1.8.0_111'
Driver info: org.openqa.selenium.chrome.ChromeDriver
Capabilities {acceptInsecureCerts: false, browserName: chrome, browserVersion: 101.0.4951.67, chrome: {chromedriverVersion: 100.0.4896.60 (6a5d10861ce8..., userDataDir: C:\Users\Roja\AppData\Local...}, goog:chromeOptions: {debuggerAddress: localhost:62871}, javascriptEnabled: true, networkConnectionEnabled: false, pageLoadStrategy: normal, platform: WINDOWS, platformName: WINDOWS, proxy: Proxy(), setWindowRect: true, strictFileInteractability: false, timeouts: {implicit: 0, pageLoad: 300000, script: 30000}, unhandledPromptBehavior: dismiss and notify, webauthn:extension:credBlob: true, webauthn:extension:largeBlob: true, webauthn:virtualAuthenticators: true}
Session ID: 7c9a4a81989d1b6fca99aced301b4fdd
	at sun.reflect.NativeConstructorAccessorImpl.newInstance0(Native Method)
	at sun.reflect.NativeConstructorAccessorImpl.newInstance(Unknown Source)
	at sun.reflect.DelegatingConstructorAccessorImpl.newInstance(Unknown Source)
	at java.lang.reflect.Constructor.newInstance(Unknown Source)
	at org.openqa.selenium.remote.http.W3CHttpResponseCodec.createException(W3CHttpResponseCodec.java:187)
	at org.openqa.selenium.remote.http.W3CHttpResponseCodec.decode(W3CHttpResponseCodec.java:122)
	at org.openqa.selenium.remote.http.W3CHttpResponseCodec.decode(W3CHttpResponseCodec.java:49)
	at org.openqa.selenium.remote.HttpCommandExecutor.execute(HttpCommandExecutor.java:158)
	at org.openqa.selenium.remote.service.DriverCommandExecutor.execute(DriverCommandExecutor.java:83)
	at org.openqa.selenium.remote.RemoteWebDriver.execute(RemoteWebDriver.java:543)
	at org.openqa.selenium.remote.RemoteWebDriver.execute(RemoteWebDriver.java:600)
	at org.openqa.selenium.remote.RemoteWebDriver.getScreenshotAs(RemoteWebDriver.java:289)
	at com.focus.utilities.ScreenshotUtility.screenshot(ScreenshotUtility.java:19)
	at com.focus.base.BaseEngine.afterMethodExecution(BaseEngine.java:182)
	at sun.reflect.NativeMethodAccessorImpl.invoke0(Native Method)
	at sun.reflect.NativeMethodAccessorImpl.invoke(Unknown Source)
	at sun.reflect.DelegatingMethodAccessorImpl.invoke(Unknown Source)
	at java.lang.reflect.Method.invoke(Unknown Source)
	at org.testng.internal.MethodInvocationHelper.invokeMethod(MethodInvocationHelper.java:86)
	at org.testng.internal.Invoker.invokeConfigurationMethod(Invoker.java:514)
	at org.testng.internal.Invoker.invokeConfigurations(Invoker.java:215)
	at org.testng.internal.Invoker.invokeMethod(Invoker.java:707)
	at org.testng.internal.Invoker.invokeTestMethod(Invoker.java:820)
	at org.testng.internal.Invoker.invokeTestMethods(Invoker.java:1128)
	at org.testng.internal.TestMethodWorker.invokeTestMethods(TestMethodWorker.java:129)
	at org.testng.internal.TestMethodWorker.run(TestMethodWorker.java:112)
	at org.testng.TestRunner.privateRun(TestRunner.java:782)
	at org.testng.TestRunner.run(TestRunner.java:632)
	at org.testng.SuiteRunner.runTest(SuiteRunner.java:366)
	at org.testng.SuiteRunner.runSequentially(SuiteRunner.java:361)
	at org.testng.SuiteRunner.privateRun(SuiteRunner.java:319)
	at org.testng.SuiteRunner.run(SuiteRunner.java:268)
	at org.testng.SuiteRunnerWorker.runSuite(SuiteRunnerWorker.java:52)
	at org.testng.SuiteRunnerWorker.run(SuiteRunnerWorker.java:86)
	at org.testng.TestNG.runSuitesSequentially(TestNG.java:1244)
	at org.testng.TestNG.runSuitesLocally(TestNG.java:1169)
	at org.testng.TestNG.run(TestNG.java:1064)
	at org.testng.remote.AbstractRemoteTestNG.run(AbstractRemoteTestNG.java:115)
	at org.testng.remote.RemoteTestNG.initAndRun(RemoteTestNG.java:251)
	at org.testng.remote.RemoteTestNG.main(RemoteTestNG.java:77)
]]>
    </failure>
  </testcase> <!-- @AfterMethod afterMethodExecution -->
  <testcase name="@BeforeMethod beforeMethodExecution" time="0.0" classname="com.focus.testcases.BatchNegativeTestingOptionsTest">
    <skipped/>
  </testcase> <!-- @BeforeMethod beforeMethodExecution -->
  <testcase name="@AfterMethod afterMethodExecution" time="0.0" classname="com.focus.testcases.BatchNegativeTestingOptionsTest">
    <skipped/>
  </testcase> <!-- @AfterMethod afterMethodExecution -->
  <testcase name="@BeforeMethod beforeMethodExecution" time="0.0" classname="com.focus.testcases.BatchNegativeTestingOptionsTest">
    <skipped/>
  </testcase> <!-- @BeforeMethod beforeMethodExecution -->
  <testcase name="@AfterMethod afterMethodExecution" time="0.0" classname="com.focus.testcases.BatchNegativeTestingOptionsTest">
    <skipped/>
  </testcase> <!-- @AfterMethod afterMethodExecution -->
  <testcase name="@BeforeMethod beforeMethodExecution" time="0.0" classname="com.focus.testcases.BatchNegativeTestingOptionsTest">
    <skipped/>
  </testcase> <!-- @BeforeMethod beforeMethodExecution -->
  <testcase name="@AfterMethod afterMethodExecution" time="0.0" classname="com.focus.testcases.BatchNegativeTestingOptionsTest">
    <skipped/>
  </testcase> <!-- @AfterMethod afterMethodExecution -->
  <testcase name="@BeforeMethod beforeMethodExecution" time="0.0" classname="com.focus.testcases.BatchNegativeTestingOptionsTest">
    <skipped/>
  </testcase> <!-- @BeforeMethod beforeMethodExecution -->
  <testcase name="@AfterMethod afterMethodExecution" time="0.0" classname="com.focus.testcases.BatchNegativeTestingOptionsTest">
    <skipped/>
  </testcase> <!-- @AfterMethod afterMethodExecution -->
  <testcase name="@BeforeMethod beforeMethodExecution" time="0.0" classname="com.focus.testcases.BatchNegativeTestingOptionsTest">
    <skipped/>
  </testcase> <!-- @BeforeMethod beforeMethodExecution -->
  <testcase name="@AfterMethod afterMethodExecution" time="0.0" classname="com.focus.testcases.BatchNegativeTestingOptionsTest">
    <skipped/>
  </testcase> <!-- @AfterMethod afterMethodExecution -->
  <testcase name="@BeforeMethod beforeMethodExecution" time="0.0" classname="com.focus.testcases.BatchNegativeTestingOptionsTest">
    <skipped/>
  </testcase> <!-- @BeforeMethod beforeMethodExecution -->
  <testcase name="@AfterMethod afterMethodExecution" time="0.0" classname="com.focus.testcases.BatchNegativeTestingOptionsTest">
    <skipped/>
  </testcase> <!-- @AfterMethod afterMethodExecution -->
  <testcase name="@BeforeMethod beforeMethodExecution" time="0.0" classname="com.focus.testcases.BatchNegativeTestingOptionsTest">
    <skipped/>
  </testcase> <!-- @BeforeMethod beforeMethodExecution -->
  <testcase name="@AfterMethod afterMethodExecution" time="0.0" classname="com.focus.testcases.BatchNegativeTestingOptionsTest">
    <skipped/>
  </testcase> <!-- @AfterMethod afterMethodExecution -->
  <testcase name="@BeforeMethod beforeMethodExecution" time="0.0" classname="com.focus.testcases.BatchNegativeTestingOptionsTest">
    <skipped/>
  </testcase> <!-- @BeforeMethod beforeMethodExecution -->
  <testcase name="@AfterMethod afterMethodExecution" time="0.0" classname="com.focus.testcases.BatchNegativeTestingOptionsTest">
    <skipped/>
  </testcase> <!-- @AfterMethod afterMethodExecution -->
  <testcase name="@BeforeMethod beforeMethodExecution" time="0.0" classname="com.focus.testcases.BatchNegativeTestingOptionsTest">
    <skipped/>
  </testcase> <!-- @BeforeMethod beforeMethodExecution -->
  <testcase name="@AfterMethod afterMethodExecution" time="0.0" classname="com.focus.testcases.BatchNegativeTestingOptionsTest">
    <skipped/>
  </testcase> <!-- @AfterMethod afterMethodExecution -->
  <testcase name="@BeforeMethod beforeMethodExecution" time="0.0" classname="com.focus.testcases.BatchNegativeTestingOptionsTest">
    <skipped/>
  </testcase> <!-- @BeforeMethod beforeMethodExecution -->
  <testcase name="@AfterMethod afterMethodExecution" time="0.0" classname="com.focus.testcases.BatchNegativeTestingOptionsTest">
    <skipped/>
  </testcase> <!-- @AfterMethod afterMethodExecution -->
  <testcase name="@BeforeMethod beforeMethodExecution" time="0.0" classname="com.focus.testcases.BatchNegativeTestingOptionsTest">
    <skipped/>
  </testcase> <!-- @BeforeMethod beforeMethodExecution -->
  <testcase name="@AfterMethod afterMethodExecution" time="0.0" classname="com.focus.testcases.BatchNegativeTestingOptionsTest">
    <skipped/>
  </testcase> <!-- @AfterMethod afterMethodExecution -->
  <testcase name="@BeforeMethod beforeMethodExecution" time="0.0" classname="com.focus.testcases.BatchNegativeTestingOptionsTest">
    <skipped/>
  </testcase> <!-- @BeforeMethod beforeMethodExecution -->
  <testcase name="@AfterMethod afterMethodExecution" time="0.0" classname="com.focus.testcases.BatchNegativeTestingOptionsTest">
    <skipped/>
  </testcase> <!-- @AfterMethod afterMethodExecution -->
  <testcase name="@BeforeMethod beforeMethodExecution" time="0.0" classname="com.focus.testcases.BatchNegativeTestingOptionsTest">
    <skipped/>
  </testcase> <!-- @BeforeMethod beforeMethodExecution -->
  <testcase name="@AfterMethod afterMethodExecution" time="0.0" classname="com.focus.testcases.BatchNegativeTestingOptionsTest">
    <skipped/>
  </testcase> <!-- @AfterMethod afterMethodExecution -->
  <testcase name="@BeforeMethod beforeMethodExecution" time="0.0" classname="com.focus.testcases.BatchNegativeTestingOptionsTest">
    <skipped/>
  </testcase> <!-- @BeforeMethod beforeMethodExecution -->
  <testcase name="@AfterMethod afterMethodExecution" time="0.0" classname="com.focus.testcases.BatchNegativeTestingOptionsTest">
    <skipped/>
  </testcase> <!-- @AfterMethod afterMethodExecution -->
  <testcase name="@BeforeMethod beforeMethodExecution" time="0.0" classname="com.focus.testcases.BatchNegativeTestingOptionsTest">
    <skipped/>
  </testcase> <!-- @BeforeMethod beforeMethodExecution -->
  <testcase name="@AfterMethod afterMethodExecution" time="0.0" classname="com.focus.testcases.BatchNegativeTestingOptionsTest">
    <skipped/>
  </testcase> <!-- @AfterMethod afterMethodExecution -->
  <testcase name="@BeforeMethod beforeMethodExecution" time="0.0" classname="com.focus.testcases.BatchNegativeTestingOptionsTest">
    <skipped/>
  </testcase> <!-- @BeforeMethod beforeMethodExecution -->
  <testcase name="@AfterMethod afterMethodExecution" time="0.0" classname="com.focus.testcases.BatchNegativeTestingOptionsTest">
    <skipped/>
  </testcase> <!-- @AfterMethod afterMethodExecution -->
  <testcase name="@BeforeMethod beforeMethodExecution" time="0.0" classname="com.focus.testcases.BatchNegativeTestingOptionsTest">
    <skipped/>
  </testcase> <!-- @BeforeMethod beforeMethodExecution -->
  <testcase name="@AfterMethod afterMethodExecution" time="0.0" classname="com.focus.testcases.BatchNegativeTestingOptionsTest">
    <skipped/>
  </testcase> <!-- @AfterMethod afterMethodExecution -->
  <testcase name="@BeforeMethod beforeMethodExecution" time="0.0" classname="com.focus.testcases.BatchNegativeTestingOptionsTest">
    <skipped/>
  </testcase> <!-- @BeforeMethod beforeMethodExecution -->
  <testcase name="@AfterMethod afterMethodExecution" time="0.0" classname="com.focus.testcases.BatchNegativeTestingOptionsTest">
    <skipped/>
  </testcase> <!-- @AfterMethod afterMethodExecution -->
  <testcase name="@BeforeMethod beforeMethodExecution" time="0.0" classname="com.focus.testcases.BatchNegativeTestingOptionsTest">
    <skipped/>
  </testcase> <!-- @BeforeMethod beforeMethodExecution -->
  <testcase name="@AfterMethod afterMethodExecution" time="0.0" classname="com.focus.testcases.BatchNegativeTestingOptionsTest">
    <skipped/>
  </testcase> <!-- @AfterMethod afterMethodExecution -->
  <testcase name="@BeforeMethod beforeMethodExecution" time="0.0" classname="com.focus.testcases.BatchNegativeTestingOptionsTest">
    <skipped/>
  </testcase> <!-- @BeforeMethod beforeMethodExecution -->
  <testcase name="@AfterMethod afterMethodExecution" time="0.0" classname="com.focus.testcases.BatchNegativeTestingOptionsTest">
    <skipped/>
  </testcase> <!-- @AfterMethod afterMethodExecution -->
  <testcase name="@BeforeMethod beforeMethodExecution" time="0.0" classname="com.focus.testcases.BatchNegativeTestingOptionsTest">
    <skipped/>
  </testcase> <!-- @BeforeMethod beforeMethodExecution -->
  <testcase name="@AfterMethod afterMethodExecution" time="0.0" classname="com.focus.testcases.BatchNegativeTestingOptionsTest">
    <skipped/>
  </testcase> <!-- @AfterMethod afterMethodExecution -->
  <testcase name="@BeforeMethod beforeMethodExecution" time="0.0" classname="com.focus.testcases.BatchNegativeTestingOptionsTest">
    <skipped/>
  </testcase> <!-- @BeforeMethod beforeMethodExecution -->
  <testcase name="@AfterMethod afterMethodExecution" time="0.0" classname="com.focus.testcases.BatchNegativeTestingOptionsTest">
    <skipped/>
  </testcase> <!-- @AfterMethod afterMethodExecution -->
  <testcase name="@BeforeMethod beforeMethodExecution" time="0.0" classname="com.focus.testcases.BatchNegativeTestingOptionsTest">
    <skipped/>
  </testcase> <!-- @BeforeMethod beforeMethodExecution -->
  <testcase name="@AfterMethod afterMethodExecution" time="0.0" classname="com.focus.testcases.BatchNegativeTestingOptionsTest">
    <skipped/>
  </testcase> <!-- @AfterMethod afterMethodExecution -->
  <testcase name="@BeforeMethod beforeMethodExecution" time="0.0" classname="com.focus.testcases.BatchNegativeTestingOptionsTest">
    <skipped/>
  </testcase> <!-- @BeforeMethod beforeMethodExecution -->
  <testcase name="@AfterMethod afterMethodExecution" time="0.0" classname="com.focus.testcases.BatchNegativeTestingOptionsTest">
    <skipped/>
  </testcase> <!-- @AfterMethod afterMethodExecution -->
  <testcase name="@BeforeMethod beforeMethodExecution" time="0.0" classname="com.focus.testcases.BatchNegativeTestingOptionsTest">
    <skipped/>
  </testcase> <!-- @BeforeMethod beforeMethodExecution -->
  <testcase name="@AfterMethod afterMethodExecution" time="0.0" classname="com.focus.testcases.BatchNegativeTestingOptionsTest">
    <skipped/>
  </testcase> <!-- @AfterMethod afterMethodExecution -->
  <testcase name="@BeforeMethod beforeMethodExecution" time="0.0" classname="com.focus.testcases.BatchNegativeTestingOptionsTest">
    <skipped/>
  </testcase> <!-- @BeforeMethod beforeMethodExecution -->
  <testcase name="@AfterMethod afterMethodExecution" time="0.0" classname="com.focus.testcases.BatchNegativeTestingOptionsTest">
    <skipped/>
  </testcase> <!-- @AfterMethod afterMethodExecution -->
  <testcase name="@BeforeMethod beforeMethodExecution" time="0.0" classname="com.focus.testcases.BatchNegativeTestingOptionsTest">
    <skipped/>
  </testcase> <!-- @BeforeMethod beforeMethodExecution -->
  <testcase name="@AfterMethod afterMethodExecution" time="0.0" classname="com.focus.testcases.BatchNegativeTestingOptionsTest">
    <skipped/>
  </testcase> <!-- @AfterMethod afterMethodExecution -->
  <testcase name="@BeforeMethod beforeMethodExecution" time="0.0" classname="com.focus.testcases.BatchNegativeTestingOptionsTest">
    <skipped/>
  </testcase> <!-- @BeforeMethod beforeMethodExecution -->
  <testcase name="@AfterMethod afterMethodExecution" time="0.0" classname="com.focus.testcases.BatchNegativeTestingOptionsTest">
    <skipped/>
  </testcase> <!-- @AfterMethod afterMethodExecution -->
  <testcase name="@BeforeMethod beforeMethodExecution" time="0.0" classname="com.focus.testcases.BatchNegativeTestingOptionsTest">
    <skipped/>
  </testcase> <!-- @BeforeMethod beforeMethodExecution -->
  <testcase name="@AfterMethod afterMethodExecution" time="0.0" classname="com.focus.testcases.BatchNegativeTestingOptionsTest">
    <skipped/>
  </testcase> <!-- @AfterMethod afterMethodExecution -->
  <testcase name="@BeforeMethod beforeMethodExecution" time="0.0" classname="com.focus.testcases.BatchNegativeTestingOptionsTest">
    <skipped/>
  </testcase> <!-- @BeforeMethod beforeMethodExecution -->
  <testcase name="@AfterMethod afterMethodExecution" time="0.0" classname="com.focus.testcases.BatchNegativeTestingOptionsTest">
    <skipped/>
  </testcase> <!-- @AfterMethod afterMethodExecution -->
  <testcase name="@BeforeMethod beforeMethodExecution" time="0.0" classname="com.focus.testcases.BatchNegativeTestingOptionsTest">
    <skipped/>
  </testcase> <!-- @BeforeMethod beforeMethodExecution -->
  <testcase name="@AfterMethod afterMethodExecution" time="0.0" classname="com.focus.testcases.BatchNegativeTestingOptionsTest">
    <skipped/>
  </testcase> <!-- @AfterMethod afterMethodExecution -->
  <testcase name="@BeforeMethod beforeMethodExecution" time="0.0" classname="com.focus.testcases.BatchNegativeTestingOptionsTest">
    <skipped/>
  </testcase> <!-- @BeforeMethod beforeMethodExecution -->
  <testcase name="@AfterMethod afterMethodExecution" time="0.0" classname="com.focus.testcases.BatchNegativeTestingOptionsTest">
    <skipped/>
  </testcase> <!-- @AfterMethod afterMethodExecution -->
  <testcase name="@BeforeMethod beforeMethodExecution" time="0.0" classname="com.focus.testcases.BatchNegativeTestingOptionsTest">
    <skipped/>
  </testcase> <!-- @BeforeMethod beforeMethodExecution -->
  <testcase name="@AfterMethod afterMethodExecution" time="0.0" classname="com.focus.testcases.BatchNegativeTestingOptionsTest">
    <skipped/>
  </testcase> <!-- @AfterMethod afterMethodExecution -->
  <testcase name="@BeforeMethod beforeMethodExecution" time="0.0" classname="com.focus.testcases.BatchNegativeTestingOptionsTest">
    <skipped/>
  </testcase> <!-- @BeforeMethod beforeMethodExecution -->
  <testcase name="@AfterMethod afterMethodExecution" time="0.0" classname="com.focus.testcases.BatchNegativeTestingOptionsTest">
    <skipped/>
  </testcase> <!-- @AfterMethod afterMethodExecution -->
  <testcase name="@BeforeMethod beforeMethodExecution" time="0.0" classname="com.focus.testcases.BatchNegativeTestingOptionsTest">
    <skipped/>
  </testcase> <!-- @BeforeMethod beforeMethodExecution -->
  <testcase name="@AfterMethod afterMethodExecution" time="0.0" classname="com.focus.testcases.BatchNegativeTestingOptionsTest">
    <skipped/>
  </testcase> <!-- @AfterMethod afterMethodExecution -->
  <testcase name="@BeforeMethod beforeMethodExecution" time="0.0" classname="com.focus.testcases.BatchNegativeTestingOptionsTest">
    <skipped/>
  </testcase> <!-- @BeforeMethod beforeMethodExecution -->
  <testcase name="@AfterMethod afterMethodExecution" time="0.0" classname="com.focus.testcases.BatchNegativeTestingOptionsTest">
    <skipped/>
  </testcase> <!-- @AfterMethod afterMethodExecution -->
  <testcase name="@BeforeMethod beforeMethodExecution" time="0.0" classname="com.focus.testcases.BatchNegativeTestingOptionsTest">
    <skipped/>
  </testcase> <!-- @BeforeMethod beforeMethodExecution -->
  <testcase name="@AfterMethod afterMethodExecution" time="0.0" classname="com.focus.testcases.BatchNegativeTestingOptionsTest">
    <skipped/>
  </testcase> <!-- @AfterMethod afterMethodExecution -->
  <testcase name="@BeforeMethod beforeMethodExecution" time="0.0" classname="com.focus.testcases.BatchNegativeTestingOptionsTest">
    <skipped/>
  </testcase> <!-- @BeforeMethod beforeMethodExecution -->
  <testcase name="@AfterMethod afterMethodExecution" time="0.0" classname="com.focus.testcases.BatchNegativeTestingOptionsTest">
    <skipped/>
  </testcase> <!-- @AfterMethod afterMethodExecution -->
  <testcase name="@BeforeMethod beforeMethodExecution" time="0.0" classname="com.focus.testcases.BatchNegativeTestingOptionsTest">
    <skipped/>
  </testcase> <!-- @BeforeMethod beforeMethodExecution -->
  <testcase name="@AfterMethod afterMethodExecution" time="0.0" classname="com.focus.testcases.BatchNegativeTestingOptionsTest">
    <skipped/>
  </testcase> <!-- @AfterMethod afterMethodExecution -->
  <testcase name="@BeforeMethod beforeMethodExecution" time="0.0" classname="com.focus.testcases.BatchNegativeTestingOptionsTest">
    <skipped/>
  </testcase> <!-- @BeforeMethod beforeMethodExecution -->
  <testcase name="@AfterMethod afterMethodExecution" time="0.0" classname="com.focus.testcases.BatchNegativeTestingOptionsTest">
    <skipped/>
  </testcase> <!-- @AfterMethod afterMethodExecution -->
  <testcase name="@BeforeMethod beforeMethodExecution" time="0.0" classname="com.focus.testcases.BatchNegativeTestingOptionsTest">
    <skipped/>
  </testcase> <!-- @BeforeMethod beforeMethodExecution -->
  <testcase name="@AfterMethod afterMethodExecution" time="0.0" classname="com.focus.testcases.BatchNegativeTestingOptionsTest">
    <skipped/>
  </testcase> <!-- @AfterMethod afterMethodExecution -->
  <testcase name="@BeforeMethod beforeMethodExecution" time="0.0" classname="com.focus.testcases.BatchNegativeTestingOptionsTest">
    <skipped/>
  </testcase> <!-- @BeforeMethod beforeMethodExecution -->
  <testcase name="@AfterMethod afterMethodExecution" time="0.0" classname="com.focus.testcases.BatchNegativeTestingOptionsTest">
    <skipped/>
  </testcase> <!-- @AfterMethod afterMethodExecution -->
  <testcase name="@BeforeMethod beforeMethodExecution" time="0.0" classname="com.focus.testcases.BatchNegativeTestingOptionsTest">
    <skipped/>
  </testcase> <!-- @BeforeMethod beforeMethodExecution -->
  <testcase name="@AfterMethod afterMethodExecution" time="0.0" classname="com.focus.testcases.BatchNegativeTestingOptionsTest">
    <skipped/>
  </testcase> <!-- @AfterMethod afterMethodExecution -->
  <testcase name="@BeforeMethod beforeMethodExecution" time="0.0" classname="com.focus.testcases.BatchNegativeTestingOptionsTest">
    <skipped/>
  </testcase> <!-- @BeforeMethod beforeMethodExecution -->
  <testcase name="@AfterMethod afterMethodExecution" time="0.0" classname="com.focus.testcases.BatchNegativeTestingOptionsTest">
    <skipped/>
  </testcase> <!-- @AfterMethod afterMethodExecution -->
  <testcase name="@BeforeMethod beforeMethodExecution" time="0.0" classname="com.focus.testcases.BatchNegativeTestingOptionsTest">
    <skipped/>
  </testcase> <!-- @BeforeMethod beforeMethodExecution -->
  <testcase name="@AfterMethod afterMethodExecution" time="0.0" classname="com.focus.testcases.BatchNegativeTestingOptionsTest">
    <skipped/>
  </testcase> <!-- @AfterMethod afterMethodExecution -->
  <testcase name="@BeforeMethod beforeMethodExecution" time="0.0" classname="com.focus.testcases.BatchNegativeTestingOptionsTest">
    <skipped/>
  </testcase> <!-- @BeforeMethod beforeMethodExecution -->
  <testcase name="@AfterMethod afterMethodExecution" time="0.0" classname="com.focus.testcases.BatchNegativeTestingOptionsTest">
    <skipped/>
  </testcase> <!-- @AfterMethod afterMethodExecution -->
  <testcase name="@BeforeMethod beforeMethodExecution" time="0.0" classname="com.focus.testcases.BatchNegativeTestingOptionsTest">
    <skipped/>
  </testcase> <!-- @BeforeMethod beforeMethodExecution -->
  <testcase name="@AfterMethod afterMethodExecution" time="0.0" classname="com.focus.testcases.BatchNegativeTestingOptionsTest">
    <skipped/>
  </testcase> <!-- @AfterMethod afterMethodExecution -->
  <testcase name="@BeforeMethod beforeMethodExecution" time="0.0" classname="com.focus.testcases.BatchNegativeTestingOptionsTest">
    <skipped/>
  </testcase> <!-- @BeforeMethod beforeMethodExecution -->
  <testcase name="@AfterMethod afterMethodExecution" time="0.0" classname="com.focus.testcases.BatchNegativeTestingOptionsTest">
    <skipped/>
  </testcase> <!-- @AfterMethod afterMethodExecution -->
  <testcase name="@BeforeMethod beforeMethodExecution" time="0.0" classname="com.focus.testcases.BatchNegativeTestingOptionsTest">
    <skipped/>
  </testcase> <!-- @BeforeMethod beforeMethodExecution -->
  <testcase name="@AfterMethod afterMethodExecution" time="0.0" classname="com.focus.testcases.BatchNegativeTestingOptionsTest">
    <skipped/>
  </testcase> <!-- @AfterMethod afterMethodExecution -->
  <testcase name="@BeforeMethod beforeMethodExecution" time="0.0" classname="com.focus.testcases.BatchNegativeTestingOptionsTest">
    <skipped/>
  </testcase> <!-- @BeforeMethod beforeMethodExecution -->
  <testcase name="@AfterMethod afterMethodExecution" time="0.0" classname="com.focus.testcases.BatchNegativeTestingOptionsTest">
    <skipped/>
  </testcase> <!-- @AfterMethod afterMethodExecution -->
  <testcase name="@BeforeMethod beforeMethodExecution" time="0.0" classname="com.focus.testcases.BatchNegativeTestingOptionsTest">
    <skipped/>
  </testcase> <!-- @BeforeMethod beforeMethodExecution -->
  <testcase name="@AfterMethod afterMethodExecution" time="0.0" classname="com.focus.testcases.BatchNegativeTestingOptionsTest">
    <skipped/>
  </testcase> <!-- @AfterMethod afterMethodExecution -->
  <testcase name="@BeforeMethod beforeMethodExecution" time="0.0" classname="com.focus.testcases.BatchNegativeTestingOptionsTest">
    <skipped/>
  </testcase> <!-- @BeforeMethod beforeMethodExecution -->
  <testcase name="@AfterMethod afterMethodExecution" time="0.0" classname="com.focus.testcases.BatchNegativeTestingOptionsTest">
    <skipped/>
  </testcase> <!-- @AfterMethod afterMethodExecution -->
  <testcase name="@BeforeMethod beforeMethodExecution" time="0.0" classname="com.focus.testcases.BatchNegativeTestingOptionsTest">
    <skipped/>
  </testcase> <!-- @BeforeMethod beforeMethodExecution -->
  <testcase name="@AfterMethod afterMethodExecution" time="0.0" classname="com.focus.testcases.BatchNegativeTestingOptionsTest">
    <skipped/>
  </testcase> <!-- @AfterMethod afterMethodExecution -->
  <testcase name="@BeforeMethod beforeMethodExecution" time="0.0" classname="com.focus.testcases.BatchNegativeTestingOptionsTest">
    <skipped/>
  </testcase> <!-- @BeforeMethod beforeMethodExecution -->
  <testcase name="@AfterMethod afterMethodExecution" time="0.0" classname="com.focus.testcases.BatchNegativeTestingOptionsTest">
    <skipped/>
  </testcase> <!-- @AfterMethod afterMethodExecution -->
  <testcase name="@BeforeMethod beforeMethodExecution" time="0.0" classname="com.focus.testcases.BatchNegativeTestingOptionsTest">
    <skipped/>
  </testcase> <!-- @BeforeMethod beforeMethodExecution -->
  <testcase name="@AfterMethod afterMethodExecution" time="0.0" classname="com.focus.testcases.BatchNegativeTestingOptionsTest">
    <skipped/>
  </testcase> <!-- @AfterMethod afterMethodExecution -->
  <testcase name="@BeforeMethod beforeMethodExecution" time="0.0" classname="com.focus.testcases.BatchNegativeTestingOptionsTest">
    <skipped/>
  </testcase> <!-- @BeforeMethod beforeMethodExecution -->
  <testcase name="@AfterMethod afterMethodExecution" time="0.0" classname="com.focus.testcases.BatchNegativeTestingOptionsTest">
    <skipped/>
  </testcase> <!-- @AfterMethod afterMethodExecution -->
  <testcase name="@BeforeMethod beforeMethodExecution" time="0.0" classname="com.focus.testcases.BatchNegativeTestingOptionsTest">
    <skipped/>
  </testcase> <!-- @BeforeMethod beforeMethodExecution -->
  <testcase name="@AfterMethod afterMethodExecution" time="0.0" classname="com.focus.testcases.BatchNegativeTestingOptionsTest">
    <skipped/>
  </testcase> <!-- @AfterMethod afterMethodExecution -->
  <testcase name="@BeforeMethod beforeMethodExecution" time="0.0" classname="com.focus.testcases.BatchNegativeTestingOptionsTest">
    <skipped/>
  </testcase> <!-- @BeforeMethod beforeMethodExecution -->
  <testcase name="@AfterMethod afterMethodExecution" time="0.0" classname="com.focus.testcases.BatchNegativeTestingOptionsTest">
    <skipped/>
  </testcase> <!-- @AfterMethod afterMethodExecution -->
  <testcase name="@BeforeMethod beforeMethodExecution" time="0.0" classname="com.focus.testcases.BatchNegativeTestingOptionsTest">
    <skipped/>
  </testcase> <!-- @BeforeMethod beforeMethodExecution -->
  <testcase name="@AfterMethod afterMethodExecution" time="0.0" classname="com.focus.testcases.BatchNegativeTestingOptionsTest">
    <skipped/>
  </testcase> <!-- @AfterMethod afterMethodExecution -->
  <testcase name="@BeforeMethod beforeMethodExecution" time="0.0" classname="com.focus.testcases.BatchNegativeTestingOptionsTest">
    <skipped/>
  </testcase> <!-- @BeforeMethod beforeMethodExecution -->
  <testcase name="@AfterMethod afterMethodExecution" time="0.0" classname="com.focus.testcases.BatchNegativeTestingOptionsTest">
    <skipped/>
  </testcase> <!-- @AfterMethod afterMethodExecution -->
  <testcase name="@BeforeMethod beforeMethodExecution" time="0.0" classname="com.focus.testcases.BatchNegativeTestingOptionsTest">
    <skipped/>
  </testcase> <!-- @BeforeMethod beforeMethodExecution -->
  <testcase name="@AfterMethod afterMethodExecution" time="0.0" classname="com.focus.testcases.BatchNegativeTestingOptionsTest">
    <skipped/>
  </testcase> <!-- @AfterMethod afterMethodExecution -->
  <testcase name="@BeforeMethod beforeMethodExecution" time="0.0" classname="com.focus.testcases.BatchNegativeTestingOptionsTest">
    <skipped/>
  </testcase> <!-- @BeforeMethod beforeMethodExecution -->
  <testcase name="@AfterMethod afterMethodExecution" time="0.0" classname="com.focus.testcases.BatchNegativeTestingOptionsTest">
    <skipped/>
  </testcase> <!-- @AfterMethod afterMethodExecution -->
  <testcase name="@BeforeMethod beforeMethodExecution" time="0.0" classname="com.focus.testcases.BatchNegativeTestingOptionsTest">
    <skipped/>
  </testcase> <!-- @BeforeMethod beforeMethodExecution -->
  <testcase name="@AfterMethod afterMethodExecution" time="0.0" classname="com.focus.testcases.BatchNegativeTestingOptionsTest">
    <skipped/>
  </testcase> <!-- @AfterMethod afterMethodExecution -->
  <testcase name="@BeforeMethod beforeMethodExecution" time="0.0" classname="com.focus.testcases.BatchNegativeTestingOptionsTest">
    <skipped/>
  </testcase> <!-- @BeforeMethod beforeMethodExecution -->
  <testcase name="@AfterMethod afterMethodExecution" time="0.0" classname="com.focus.testcases.BatchNegativeTestingOptionsTest">
    <skipped/>
  </testcase> <!-- @AfterMethod afterMethodExecution -->
  <testcase name="@BeforeMethod beforeMethodExecution" time="0.0" classname="com.focus.testcases.BatchNegativeTestingOptionsTest">
    <skipped/>
  </testcase> <!-- @BeforeMethod beforeMethodExecution -->
  <testcase name="@AfterMethod afterMethodExecution" time="0.0" classname="com.focus.testcases.BatchNegativeTestingOptionsTest">
    <skipped/>
  </testcase> <!-- @AfterMethod afterMethodExecution -->
  <testcase name="@BeforeMethod beforeMethodExecution" time="0.0" classname="com.focus.testcases.BatchNegativeTestingOptionsTest">
    <skipped/>
  </testcase> <!-- @BeforeMethod beforeMethodExecution -->
  <testcase name="@AfterMethod afterMethodExecution" time="0.0" classname="com.focus.testcases.BatchNegativeTestingOptionsTest">
    <skipped/>
  </testcase> <!-- @AfterMethod afterMethodExecution -->
  <testcase name="@BeforeMethod beforeMethodExecution" time="0.0" classname="com.focus.testcases.BatchNegativeTestingOptionsTest">
    <skipped/>
  </testcase> <!-- @BeforeMethod beforeMethodExecution -->
  <testcase name="@AfterMethod afterMethodExecution" time="0.0" classname="com.focus.testcases.BatchNegativeTestingOptionsTest">
    <skipped/>
  </testcase> <!-- @AfterMethod afterMethodExecution -->
  <testcase name="@BeforeMethod beforeMethodExecution" time="0.0" classname="com.focus.testcases.BatchNegativeTestingOptionsTest">
    <skipped/>
  </testcase> <!-- @BeforeMethod beforeMethodExecution -->
  <testcase name="@AfterMethod afterMethodExecution" time="0.0" classname="com.focus.testcases.BatchNegativeTestingOptionsTest">
    <skipped/>
  </testcase> <!-- @AfterMethod afterMethodExecution -->
  <testcase name="@BeforeMethod beforeMethodExecution" time="0.0" classname="com.focus.testcases.BatchNegativeTestingOptionsTest">
    <skipped/>
  </testcase> <!-- @BeforeMethod beforeMethodExecution -->
  <testcase name="@AfterMethod afterMethodExecution" time="0.0" classname="com.focus.testcases.BatchNegativeTestingOptionsTest">
    <skipped/>
  </testcase> <!-- @AfterMethod afterMethodExecution -->
  <testcase name="@BeforeMethod beforeMethodExecution" time="0.0" classname="com.focus.testcases.BatchNegativeTestingOptionsTest">
    <skipped/>
  </testcase> <!-- @BeforeMethod beforeMethodExecution -->
  <testcase name="@AfterMethod afterMethodExecution" time="0.0" classname="com.focus.testcases.BatchNegativeTestingOptionsTest">
    <skipped/>
  </testcase> <!-- @AfterMethod afterMethodExecution -->
  <testcase name="@BeforeMethod beforeMethodExecution" time="0.0" classname="com.focus.testcases.BatchNegativeTestingOptionsTest">
    <skipped/>
  </testcase> <!-- @BeforeMethod beforeMethodExecution -->
  <testcase name="@AfterMethod afterMethodExecution" time="0.0" classname="com.focus.testcases.BatchNegativeTestingOptionsTest">
    <skipped/>
  </testcase> <!-- @AfterMethod afterMethodExecution -->
  <testcase name="@BeforeMethod beforeMethodExecution" time="0.0" classname="com.focus.testcases.BatchNegativeTestingOptionsTest">
    <skipped/>
  </testcase> <!-- @BeforeMethod beforeMethodExecution -->
  <testcase name="@AfterMethod afterMethodExecution" time="0.0" classname="com.focus.testcases.BatchNegativeTestingOptionsTest">
    <skipped/>
  </testcase> <!-- @AfterMethod afterMethodExecution -->
  <testcase name="@BeforeMethod beforeMethodExecution" time="0.0" classname="com.focus.testcases.BatchNegativeTestingOptionsTest">
    <skipped/>
  </testcase> <!-- @BeforeMethod beforeMethodExecution -->
  <testcase name="@AfterMethod afterMethodExecution" time="0.0" classname="com.focus.testcases.BatchNegativeTestingOptionsTest">
    <skipped/>
  </testcase> <!-- @AfterMethod afterMethodExecution -->
  <testcase name="@BeforeMethod beforeMethodExecution" time="0.0" classname="com.focus.testcases.BatchNegativeTestingOptionsTest">
    <skipped/>
  </testcase> <!-- @BeforeMethod beforeMethodExecution -->
  <testcase name="@AfterMethod afterMethodExecution" time="0.0" classname="com.focus.testcases.BatchNegativeTestingOptionsTest">
    <skipped/>
  </testcase> <!-- @AfterMethod afterMethodExecution -->
  <testcase name="@BeforeMethod beforeMethodExecution" time="0.0" classname="com.focus.testcases.BatchNegativeTestingOptionsTest">
    <skipped/>
  </testcase> <!-- @BeforeMethod beforeMethodExecution -->
  <testcase name="@AfterMethod afterMethodExecution" time="0.0" classname="com.focus.testcases.BatchNegativeTestingOptionsTest">
    <skipped/>
  </testcase> <!-- @AfterMethod afterMethodExecution -->
  <testcase name="@BeforeMethod beforeMethodExecution" time="0.0" classname="com.focus.testcases.BatchNegativeTestingOptionsTest">
    <skipped/>
  </testcase> <!-- @BeforeMethod beforeMethodExecution -->
  <testcase name="@AfterMethod afterMethodExecution" time="0.0" classname="com.focus.testcases.BatchNegativeTestingOptionsTest">
    <skipped/>
  </testcase> <!-- @AfterMethod afterMethodExecution -->
  <testcase name="@BeforeMethod beforeMethodExecution" time="0.0" classname="com.focus.testcases.BatchNegativeTestingOptionsTest">
    <skipped/>
  </testcase> <!-- @BeforeMethod beforeMethodExecution -->
  <testcase name="@AfterMethod afterMethodExecution" time="0.0" classname="com.focus.testcases.BatchNegativeTestingOptionsTest">
    <skipped/>
  </testcase> <!-- @AfterMethod afterMethodExecution -->
  <testcase name="@BeforeMethod beforeMethodExecution" time="0.0" classname="com.focus.testcases.BatchNegativeTestingOptionsTest">
    <skipped/>
  </testcase> <!-- @BeforeMethod beforeMethodExecution -->
  <testcase name="@AfterMethod afterMethodExecution" time="0.0" classname="com.focus.testcases.BatchNegativeTestingOptionsTest">
    <skipped/>
  </testcase> <!-- @AfterMethod afterMethodExecution -->
  <testcase name="@BeforeMethod beforeMethodExecution" time="0.0" classname="com.focus.testcases.BatchNegativeTestingOptionsTest">
    <skipped/>
  </testcase> <!-- @BeforeMethod beforeMethodExecution -->
  <testcase name="@AfterMethod afterMethodExecution" time="0.0" classname="com.focus.testcases.BatchNegativeTestingOptionsTest">
    <skipped/>
  </testcase> <!-- @AfterMethod afterMethodExecution -->
  <testcase name="@BeforeMethod beforeMethodExecution" time="0.0" classname="com.focus.testcases.BatchNegativeTestingOptionsTest">
    <skipped/>
  </testcase> <!-- @BeforeMethod beforeMethodExecution -->
  <testcase name="@AfterMethod afterMethodExecution" time="0.0" classname="com.focus.testcases.BatchNegativeTestingOptionsTest">
    <skipped/>
  </testcase> <!-- @AfterMethod afterMethodExecution -->
  <testcase name="@BeforeMethod beforeMethodExecution" time="0.0" classname="com.focus.testcases.BatchNegativeTestingOptionsTest">
    <skipped/>
  </testcase> <!-- @BeforeMethod beforeMethodExecution -->
  <testcase name="@AfterMethod afterMethodExecution" time="0.0" classname="com.focus.testcases.BatchNegativeTestingOptionsTest">
    <skipped/>
  </testcase> <!-- @AfterMethod afterMethodExecution -->
  <testcase name="@BeforeMethod beforeMethodExecution" time="0.0" classname="com.focus.testcases.BatchNegativeTestingOptionsTest">
    <skipped/>
  </testcase> <!-- @BeforeMethod beforeMethodExecution -->
  <testcase name="@AfterMethod afterMethodExecution" time="0.0" classname="com.focus.testcases.BatchNegativeTestingOptionsTest">
    <skipped/>
  </testcase> <!-- @AfterMethod afterMethodExecution -->
  <testcase name="@BeforeMethod beforeMethodExecution" time="0.0" classname="com.focus.testcases.BatchNegativeTestingOptionsTest">
    <skipped/>
  </testcase> <!-- @BeforeMethod beforeMethodExecution -->
  <testcase name="@AfterMethod afterMethodExecution" time="0.0" classname="com.focus.testcases.BatchNegativeTestingOptionsTest">
    <skipped/>
  </testcase> <!-- @AfterMethod afterMethodExecution -->
  <testcase name="@BeforeMethod beforeMethodExecution" time="0.0" classname="com.focus.testcases.BatchNegativeTestingOptionsTest">
    <skipped/>
  </testcase> <!-- @BeforeMethod beforeMethodExecution -->
  <testcase name="@AfterMethod afterMethodExecution" time="0.0" classname="com.focus.testcases.BatchNegativeTestingOptionsTest">
    <skipped/>
  </testcase> <!-- @AfterMethod afterMethodExecution -->
  <testcase name="@BeforeMethod beforeMethodExecution" time="0.0" classname="com.focus.testcases.BatchNegativeTestingOptionsTest">
    <skipped/>
  </testcase> <!-- @BeforeMethod beforeMethodExecution -->
  <testcase name="@AfterMethod afterMethodExecution" time="0.0" classname="com.focus.testcases.BatchNegativeTestingOptionsTest">
    <skipped/>
  </testcase> <!-- @AfterMethod afterMethodExecution -->
  <testcase name="@BeforeMethod beforeMethodExecution" time="0.0" classname="com.focus.testcases.BatchNegativeTestingOptionsTest">
    <skipped/>
  </testcase> <!-- @BeforeMethod beforeMethodExecution -->
  <testcase name="@AfterMethod afterMethodExecution" time="0.0" classname="com.focus.testcases.BatchNegativeTestingOptionsTest">
    <skipped/>
  </testcase> <!-- @AfterMethod afterMethodExecution -->
  <testcase name="@BeforeMethod beforeMethodExecution" time="0.0" classname="com.focus.testcases.BatchNegativeTestingOptionsTest">
    <skipped/>
  </testcase> <!-- @BeforeMethod beforeMethodExecution -->
  <testcase name="@AfterMethod afterMethodExecution" time="0.0" classname="com.focus.testcases.BatchNegativeTestingOptionsTest">
    <skipped/>
  </testcase> <!-- @AfterMethod afterMethodExecution -->
  <testcase name="@BeforeMethod beforeMethodExecution" time="0.0" classname="com.focus.testcases.BatchNegativeTestingOptionsTest">
    <skipped/>
  </testcase> <!-- @BeforeMethod beforeMethodExecution -->
  <testcase name="@AfterMethod afterMethodExecution" time="0.0" classname="com.focus.testcases.BatchNegativeTestingOptionsTest">
    <skipped/>
  </testcase> <!-- @AfterMethod afterMethodExecution -->
  <testcase name="@BeforeMethod beforeMethodExecution" time="0.0" classname="com.focus.testcases.BatchNegativeTestingOptionsTest">
    <skipped/>
  </testcase> <!-- @BeforeMethod beforeMethodExecution -->
  <testcase name="@AfterMethod afterMethodExecution" time="0.0" classname="com.focus.testcases.BatchNegativeTestingOptionsTest">
    <skipped/>
  </testcase> <!-- @AfterMethod afterMethodExecution -->
  <testcase name="@BeforeMethod beforeMethodExecution" time="0.0" classname="com.focus.testcases.BatchNegativeTestingOptionsTest">
    <skipped/>
  </testcase> <!-- @BeforeMethod beforeMethodExecution -->
  <testcase name="@AfterMethod afterMethodExecution" time="0.0" classname="com.focus.testcases.BatchNegativeTestingOptionsTest">
    <skipped/>
  </testcase> <!-- @AfterMethod afterMethodExecution -->
  <testcase name="@BeforeMethod beforeMethodExecution" time="0.0" classname="com.focus.testcases.BatchNegativeTestingOptionsTest">
    <skipped/>
  </testcase> <!-- @BeforeMethod beforeMethodExecution -->
  <testcase name="@AfterMethod afterMethodExecution" time="0.0" classname="com.focus.testcases.BatchNegativeTestingOptionsTest">
    <skipped/>
  </testcase> <!-- @AfterMethod afterMethodExecution -->
  <testcase name="@BeforeMethod beforeMethodExecution" time="0.0" classname="com.focus.testcases.BatchNegativeTestingOptionsTest">
    <skipped/>
  </testcase> <!-- @BeforeMethod beforeMethodExecution -->
  <testcase name="@AfterMethod afterMethodExecution" time="0.0" classname="com.focus.testcases.BatchNegativeTestingOptionsTest">
    <skipped/>
  </testcase> <!-- @AfterMethod afterMethodExecution -->
  <testcase name="@BeforeMethod beforeMethodExecution" time="0.0" classname="com.focus.testcases.BatchNegativeTestingOptionsTest">
    <skipped/>
  </testcase> <!-- @BeforeMethod beforeMethodExecution -->
  <testcase name="@AfterMethod afterMethodExecution" time="0.0" classname="com.focus.testcases.BatchNegativeTestingOptionsTest">
    <skipped/>
  </testcase> <!-- @AfterMethod afterMethodExecution -->
  <testcase name="@BeforeMethod beforeMethodExecution" time="0.0" classname="com.focus.testcases.BatchNegativeTestingOptionsTest">
    <skipped/>
  </testcase> <!-- @BeforeMethod beforeMethodExecution -->
  <testcase name="@AfterMethod afterMethodExecution" time="0.0" classname="com.focus.testcases.BatchNegativeTestingOptionsTest">
    <skipped/>
  </testcase> <!-- @AfterMethod afterMethodExecution -->
  <testcase name="@BeforeMethod beforeMethodExecution" time="0.0" classname="com.focus.testcases.BatchNegativeTestingOptionsTest">
    <skipped/>
  </testcase> <!-- @BeforeMethod beforeMethodExecution -->
  <testcase name="@AfterMethod afterMethodExecution" time="0.0" classname="com.focus.testcases.BatchNegativeTestingOptionsTest">
    <skipped/>
  </testcase> <!-- @AfterMethod afterMethodExecution -->
  <testcase name="@BeforeMethod beforeMethodExecution" time="0.0" classname="com.focus.testcases.BatchNegativeTestingOptionsTest">
    <skipped/>
  </testcase> <!-- @BeforeMethod beforeMethodExecution -->
  <testcase name="@AfterMethod afterMethodExecution" time="0.0" classname="com.focus.testcases.BatchNegativeTestingOptionsTest">
    <skipped/>
  </testcase> <!-- @AfterMethod afterMethodExecution -->
  <testcase name="@BeforeMethod beforeMethodExecution" time="0.0" classname="com.focus.testcases.BatchNegativeTestingOptionsTest">
    <skipped/>
  </testcase> <!-- @BeforeMethod beforeMethodExecution -->
  <testcase name="@AfterMethod afterMethodExecution" time="0.0" classname="com.focus.testcases.BatchNegativeTestingOptionsTest">
    <skipped/>
  </testcase> <!-- @AfterMethod afterMethodExecution -->
  <testcase name="@BeforeMethod beforeMethodExecution" time="0.0" classname="com.focus.testcases.BatchNegativeTestingOptionsTest">
    <skipped/>
  </testcase> <!-- @BeforeMethod beforeMethodExecution -->
  <testcase name="@AfterMethod afterMethodExecution" time="0.0" classname="com.focus.testcases.BatchNegativeTestingOptionsTest">
    <skipped/>
  </testcase> <!-- @AfterMethod afterMethodExecution -->
  <testcase name="@BeforeMethod beforeMethodExecution" time="0.0" classname="com.focus.testcases.BatchNegativeTestingOptionsTest">
    <skipped/>
  </testcase> <!-- @BeforeMethod beforeMethodExecution -->
  <testcase name="@AfterMethod afterMethodExecution" time="0.0" classname="com.focus.testcases.BatchNegativeTestingOptionsTest">
    <skipped/>
  </testcase> <!-- @AfterMethod afterMethodExecution -->
  <testcase name="@BeforeMethod beforeMethodExecution" time="0.0" classname="com.focus.testcases.BatchNegativeTestingOptionsTest">
    <skipped/>
  </testcase> <!-- @BeforeMethod beforeMethodExecution -->
  <testcase name="@AfterMethod afterMethodExecution" time="0.0" classname="com.focus.testcases.BatchNegativeTestingOptionsTest">
    <skipped/>
  </testcase> <!-- @AfterMethod afterMethodExecution -->
  <testcase name="@BeforeMethod beforeMethodExecution" time="0.0" classname="com.focus.testcases.BatchNegativeTestingOptionsTest">
    <skipped/>
  </testcase> <!-- @BeforeMethod beforeMethodExecution -->
  <testcase name="@AfterMethod afterMethodExecution" time="0.0" classname="com.focus.testcases.BatchNegativeTestingOptionsTest">
    <skipped/>
  </testcase> <!-- @AfterMethod afterMethodExecution -->
  <testcase name="@BeforeMethod beforeMethodExecution" time="0.0" classname="com.focus.testcases.BatchNegativeTestingOptionsTest">
    <skipped/>
  </testcase> <!-- @BeforeMethod beforeMethodExecution -->
  <testcase name="@AfterMethod afterMethodExecution" time="0.0" classname="com.focus.testcases.BatchNegativeTestingOptionsTest">
    <skipped/>
  </testcase> <!-- @AfterMethod afterMethodExecution -->
  <testcase name="@BeforeMethod beforeMethodExecution" time="0.0" classname="com.focus.testcases.BatchNegativeTestingOptionsTest">
    <skipped/>
  </testcase> <!-- @BeforeMethod beforeMethodExecution -->
  <testcase name="@AfterMethod afterMethodExecution" time="0.0" classname="com.focus.testcases.BatchNegativeTestingOptionsTest">
    <skipped/>
  </testcase> <!-- @AfterMethod afterMethodExecution -->
  <testcase name="@BeforeMethod beforeMethodExecution" time="0.0" classname="com.focus.testcases.BatchNegativeTestingOptionsTest">
    <skipped/>
  </testcase> <!-- @BeforeMethod beforeMethodExecution -->
  <testcase name="@AfterMethod afterMethodExecution" time="0.0" classname="com.focus.testcases.BatchNegativeTestingOptionsTest">
    <skipped/>
  </testcase> <!-- @AfterMethod afterMethodExecution -->
  <testcase name="@BeforeMethod beforeMethodExecution" time="0.0" classname="com.focus.testcases.BatchNegativeTestingOptionsTest">
    <skipped/>
  </testcase> <!-- @BeforeMethod beforeMethodExecution -->
  <testcase name="@AfterMethod afterMethodExecution" time="0.0" classname="com.focus.testcases.BatchNegativeTestingOptionsTest">
    <skipped/>
  </testcase> <!-- @AfterMethod afterMethodExecution -->
  <testcase name="@BeforeMethod beforeMethodExecution" time="0.0" classname="com.focus.testcases.BatchNegativeTestingOptionsTest">
    <skipped/>
  </testcase> <!-- @BeforeMethod beforeMethodExecution -->
  <testcase name="@AfterMethod afterMethodExecution" time="0.0" classname="com.focus.testcases.BatchNegativeTestingOptionsTest">
    <skipped/>
  </testcase> <!-- @AfterMethod afterMethodExecution -->
  <testcase name="@BeforeMethod beforeMethodExecution" time="0.0" classname="com.focus.testcases.BatchNegativeTestingOptionsTest">
    <skipped/>
  </testcase> <!-- @BeforeMethod beforeMethodExecution -->
  <testcase name="@AfterMethod afterMethodExecution" time="0.0" classname="com.focus.testcases.BatchNegativeTestingOptionsTest">
    <skipped/>
  </testcase> <!-- @AfterMethod afterMethodExecution -->
  <testcase name="@BeforeMethod beforeMethodExecution" time="0.0" classname="com.focus.testcases.BatchNegativeTestingOptionsTest">
    <skipped/>
  </testcase> <!-- @BeforeMethod beforeMethodExecution -->
  <testcase name="@AfterMethod afterMethodExecution" time="0.0" classname="com.focus.testcases.BatchNegativeTestingOptionsTest">
    <skipped/>
  </testcase> <!-- @AfterMethod afterMethodExecution -->
  <testcase name="@BeforeMethod beforeMethodExecution" time="0.0" classname="com.focus.testcases.BatchNegativeTestingOptionsTest">
    <skipped/>
  </testcase> <!-- @BeforeMethod beforeMethodExecution -->
  <testcase name="@AfterMethod afterMethodExecution" time="0.0" classname="com.focus.testcases.BatchNegativeTestingOptionsTest">
    <skipped/>
  </testcase> <!-- @AfterMethod afterMethodExecution -->
  <testcase name="@BeforeMethod beforeMethodExecution" time="0.0" classname="com.focus.testcases.BatchNegativeTestingOptionsTest">
    <skipped/>
  </testcase> <!-- @BeforeMethod beforeMethodExecution -->
  <testcase name="@AfterMethod afterMethodExecution" time="0.0" classname="com.focus.testcases.BatchNegativeTestingOptionsTest">
    <skipped/>
  </testcase> <!-- @AfterMethod afterMethodExecution -->
  <testcase name="@BeforeMethod beforeMethodExecution" time="0.0" classname="com.focus.testcases.BatchNegativeTestingOptionsTest">
    <skipped/>
  </testcase> <!-- @BeforeMethod beforeMethodExecution -->
  <testcase name="@AfterMethod afterMethodExecution" time="0.0" classname="com.focus.testcases.BatchNegativeTestingOptionsTest">
    <skipped/>
  </testcase> <!-- @AfterMethod afterMethodExecution -->
  <testcase name="@BeforeMethod beforeMethodExecution" time="0.0" classname="com.focus.testcases.BatchNegativeTestingOptionsTest">
    <skipped/>
  </testcase> <!-- @BeforeMethod beforeMethodExecution -->
  <testcase name="@AfterMethod afterMethodExecution" time="0.0" classname="com.focus.testcases.BatchNegativeTestingOptionsTest">
    <skipped/>
  </testcase> <!-- @AfterMethod afterMethodExecution -->
  <testcase name="@BeforeMethod beforeMethodExecution" time="0.0" classname="com.focus.testcases.BatchNegativeTestingOptionsTest">
    <skipped/>
  </testcase> <!-- @BeforeMethod beforeMethodExecution -->
  <testcase name="@AfterMethod afterMethodExecution" time="0.0" classname="com.focus.testcases.BatchNegativeTestingOptionsTest">
    <skipped/>
  </testcase> <!-- @AfterMethod afterMethodExecution -->
  <testcase name="@BeforeMethod beforeMethodExecution" time="0.0" classname="com.focus.testcases.BatchNegativeTestingOptionsTest">
    <skipped/>
  </testcase> <!-- @BeforeMethod beforeMethodExecution -->
  <testcase name="@AfterMethod afterMethodExecution" time="0.0" classname="com.focus.testcases.BatchNegativeTestingOptionsTest">
    <skipped/>
  </testcase> <!-- @AfterMethod afterMethodExecution -->
  <testcase name="@BeforeMethod beforeMethodExecution" time="0.0" classname="com.focus.testcases.BatchNegativeTestingOptionsTest">
    <skipped/>
  </testcase> <!-- @BeforeMethod beforeMethodExecution -->
  <testcase name="@AfterMethod afterMethodExecution" time="0.0" classname="com.focus.testcases.BatchNegativeTestingOptionsTest">
    <skipped/>
  </testcase> <!-- @AfterMethod afterMethodExecution -->
  <testcase name="@BeforeMethod beforeMethodExecution" time="0.0" classname="com.focus.testcases.BatchNegativeTestingOptionsTest">
    <skipped/>
  </testcase> <!-- @BeforeMethod beforeMethodExecution -->
  <testcase name="@AfterMethod afterMethodExecution" time="0.0" classname="com.focus.testcases.BatchNegativeTestingOptionsTest">
    <skipped/>
  </testcase> <!-- @AfterMethod afterMethodExecution -->
  <testcase name="@BeforeMethod beforeMethodExecution" time="0.0" classname="com.focus.testcases.BatchNegativeTestingOptionsTest">
    <skipped/>
  </testcase> <!-- @BeforeMethod beforeMethodExecution -->
  <testcase name="@AfterMethod afterMethodExecution" time="0.0" classname="com.focus.testcases.BatchNegativeTestingOptionsTest">
    <skipped/>
  </testcase> <!-- @AfterMethod afterMethodExecution -->
  <testcase name="@BeforeMethod beforeMethodExecution" time="0.0" classname="com.focus.testcases.BatchNegativeTestingOptionsTest">
    <skipped/>
  </testcase> <!-- @BeforeMethod beforeMethodExecution -->
  <testcase name="@AfterMethod afterMethodExecution" time="0.0" classname="com.focus.testcases.BatchNegativeTestingOptionsTest">
    <skipped/>
  </testcase> <!-- @AfterMethod afterMethodExecution -->
  <testcase name="@BeforeMethod beforeMethodExecution" time="0.0" classname="com.focus.testcases.BatchNegativeTestingOptionsTest">
    <skipped/>
  </testcase> <!-- @BeforeMethod beforeMethodExecution -->
  <testcase name="@AfterMethod afterMethodExecution" time="0.0" classname="com.focus.testcases.BatchNegativeTestingOptionsTest">
    <skipped/>
  </testcase> <!-- @AfterMethod afterMethodExecution -->
  <testcase name="@BeforeMethod beforeMethodExecution" time="0.0" classname="com.focus.testcases.BatchNegativeTestingOptionsTest">
    <skipped/>
  </testcase> <!-- @BeforeMethod beforeMethodExecution -->
  <testcase name="@AfterMethod afterMethodExecution" time="0.0" classname="com.focus.testcases.BatchNegativeTestingOptionsTest">
    <skipped/>
  </testcase> <!-- @AfterMethod afterMethodExecution -->
  <testcase name="@BeforeMethod beforeMethodExecution" time="0.0" classname="com.focus.testcases.BatchNegativeTestingOptionsTest">
    <skipped/>
  </testcase> <!-- @BeforeMethod beforeMethodExecution -->
  <testcase name="@AfterMethod afterMethodExecution" time="0.0" classname="com.focus.testcases.BatchNegativeTestingOptionsTest">
    <skipped/>
  </testcase> <!-- @AfterMethod afterMethodExecution -->
  <testcase name="@BeforeMethod beforeMethodExecution" time="0.0" classname="com.focus.testcases.BatchNegativeTestingOptionsTest">
    <skipped/>
  </testcase> <!-- @BeforeMethod beforeMethodExecution -->
  <testcase name="@AfterMethod afterMethodExecution" time="0.0" classname="com.focus.testcases.BatchNegativeTestingOptionsTest">
    <skipped/>
  </testcase> <!-- @AfterMethod afterMethodExecution -->
  <testcase name="@BeforeMethod beforeMethodExecution" time="0.0" classname="com.focus.testcases.BatchNegativeTestingOptionsTest">
    <skipped/>
  </testcase> <!-- @BeforeMethod beforeMethodExecution -->
  <testcase name="@AfterMethod afterMethodExecution" time="0.0" classname="com.focus.testcases.BatchNegativeTestingOptionsTest">
    <skipped/>
  </testcase> <!-- @AfterMethod afterMethodExecution -->
  <testcase name="@BeforeMethod beforeMethodExecution" time="0.0" classname="com.focus.testcases.BatchNegativeTestingOptionsTest">
    <skipped/>
  </testcase> <!-- @BeforeMethod beforeMethodExecution -->
  <testcase name="@AfterMethod afterMethodExecution" time="0.0" classname="com.focus.testcases.BatchNegativeTestingOptionsTest">
    <skipped/>
  </testcase> <!-- @AfterMethod afterMethodExecution -->
  <testcase name="@BeforeMethod beforeMethodExecution" time="0.0" classname="com.focus.testcases.BatchNegativeTestingOptionsTest">
    <skipped/>
  </testcase> <!-- @BeforeMethod beforeMethodExecution -->
  <testcase name="@AfterMethod afterMethodExecution" time="0.0" classname="com.focus.testcases.BatchNegativeTestingOptionsTest">
    <skipped/>
  </testcase> <!-- @AfterMethod afterMethodExecution -->
  <testcase name="@BeforeMethod beforeMethodExecution" time="0.0" classname="com.focus.testcases.BatchNegativeTestingOptionsTest">
    <skipped/>
  </testcase> <!-- @BeforeMethod beforeMethodExecution -->
  <testcase name="@AfterMethod afterMethodExecution" time="0.0" classname="com.focus.testcases.BatchNegativeTestingOptionsTest">
    <skipped/>
  </testcase> <!-- @AfterMethod afterMethodExecution -->
  <testcase name="@BeforeMethod beforeMethodExecution" time="0.0" classname="com.focus.testcases.BatchNegativeTestingOptionsTest">
    <skipped/>
  </testcase> <!-- @BeforeMethod beforeMethodExecution -->
  <testcase name="@AfterMethod afterMethodExecution" time="0.0" classname="com.focus.testcases.BatchNegativeTestingOptionsTest">
    <skipped/>
  </testcase> <!-- @AfterMethod afterMethodExecution -->
  <testcase name="@BeforeMethod beforeMethodExecution" time="0.0" classname="com.focus.testcases.BatchNegativeTestingOptionsTest">
    <skipped/>
  </testcase> <!-- @BeforeMethod beforeMethodExecution -->
  <testcase name="@AfterMethod afterMethodExecution" time="0.0" classname="com.focus.testcases.BatchNegativeTestingOptionsTest">
    <skipped/>
  </testcase> <!-- @AfterMethod afterMethodExecution -->
  <testcase name="@BeforeMethod beforeMethodExecution" time="0.0" classname="com.focus.testcases.BatchNegativeTestingOptionsTest">
    <skipped/>
  </testcase> <!-- @BeforeMethod beforeMethodExecution -->
  <testcase name="@AfterMethod afterMethodExecution" time="0.0" classname="com.focus.testcases.BatchNegativeTestingOptionsTest">
    <skipped/>
  </testcase> <!-- @AfterMethod afterMethodExecution -->
  <testcase name="@BeforeMethod beforeMethodExecution" time="0.0" classname="com.focus.testcases.BatchNegativeTestingOptionsTest">
    <skipped/>
  </testcase> <!-- @BeforeMethod beforeMethodExecution -->
  <testcase name="@AfterMethod afterMethodExecution" time="0.0" classname="com.focus.testcases.BatchNegativeTestingOptionsTest">
    <skipped/>
  </testcase> <!-- @AfterMethod afterMethodExecution -->
  <testcase name="@BeforeMethod beforeMethodExecution" time="0.0" classname="com.focus.testcases.BatchNegativeTestingOptionsTest">
    <skipped/>
  </testcase> <!-- @BeforeMethod beforeMethodExecution -->
  <testcase name="@AfterMethod afterMethodExecution" time="0.0" classname="com.focus.testcases.BatchNegativeTestingOptionsTest">
    <skipped/>
  </testcase> <!-- @AfterMethod afterMethodExecution -->
  <testcase name="@BeforeMethod beforeMethodExecution" time="0.0" classname="com.focus.testcases.BatchNegativeTestingOptionsTest">
    <skipped/>
  </testcase> <!-- @BeforeMethod beforeMethodExecution -->
  <testcase name="@AfterMethod afterMethodExecution" time="0.0" classname="com.focus.testcases.BatchNegativeTestingOptionsTest">
    <skipped/>
  </testcase> <!-- @AfterMethod afterMethodExecution -->
  <testcase name="@BeforeMethod beforeMethodExecution" time="0.0" classname="com.focus.testcases.BatchNegativeTestingOptionsTest">
    <skipped/>
  </testcase> <!-- @BeforeMethod beforeMethodExecution -->
  <testcase name="@AfterMethod afterMethodExecution" time="0.0" classname="com.focus.testcases.BatchNegativeTestingOptionsTest">
    <skipped/>
  </testcase> <!-- @AfterMethod afterMethodExecution -->
  <testcase name="@BeforeMethod beforeMethodExecution" time="0.0" classname="com.focus.testcases.BatchNegativeTestingOptionsTest">
    <skipped/>
  </testcase> <!-- @BeforeMethod beforeMethodExecution -->
  <testcase name="@AfterMethod afterMethodExecution" time="0.0" classname="com.focus.testcases.BatchNegativeTestingOptionsTest">
    <skipped/>
  </testcase> <!-- @AfterMethod afterMethodExecution -->
  <testcase name="@BeforeMethod beforeMethodExecution" time="0.0" classname="com.focus.testcases.BatchNegativeTestingOptionsTest">
    <skipped/>
  </testcase> <!-- @BeforeMethod beforeMethodExecution -->
  <testcase name="@AfterMethod afterMethodExecution" time="0.0" classname="com.focus.testcases.BatchNegativeTestingOptionsTest">
    <skipped/>
  </testcase> <!-- @AfterMethod afterMethodExecution -->
  <testcase name="@BeforeMethod beforeMethodExecution" time="0.0" classname="com.focus.testcases.BatchNegativeTestingOptionsTest">
    <skipped/>
  </testcase> <!-- @BeforeMethod beforeMethodExecution -->
  <testcase name="@AfterMethod afterMethodExecution" time="0.0" classname="com.focus.testcases.BatchNegativeTestingOptionsTest">
    <skipped/>
  </testcase> <!-- @AfterMethod afterMethodExecution -->
  <testcase name="@BeforeMethod beforeMethodExecution" time="0.0" classname="com.focus.testcases.BatchNegativeTestingOptionsTest">
    <skipped/>
  </testcase> <!-- @BeforeMethod beforeMethodExecution -->
  <testcase name="@AfterMethod afterMethodExecution" time="0.0" classname="com.focus.testcases.BatchNegativeTestingOptionsTest">
    <skipped/>
  </testcase> <!-- @AfterMethod afterMethodExecution -->
  <testcase name="@BeforeMethod beforeMethodExecution" time="0.0" classname="com.focus.testcases.BatchNegativeTestingOptionsTest">
    <skipped/>
  </testcase> <!-- @BeforeMethod beforeMethodExecution -->
  <testcase name="@AfterMethod afterMethodExecution" time="0.0" classname="com.focus.testcases.BatchNegativeTestingOptionsTest">
    <skipped/>
  </testcase> <!-- @AfterMethod afterMethodExecution -->
  <testcase name="@BeforeMethod beforeMethodExecution" time="0.0" classname="com.focus.testcases.BatchNegativeTestingOptionsTest">
    <skipped/>
  </testcase> <!-- @BeforeMethod beforeMethodExecution -->
  <testcase name="@AfterMethod afterMethodExecution" time="0.0" classname="com.focus.testcases.BatchNegativeTestingOptionsTest">
    <skipped/>
  </testcase> <!-- @AfterMethod afterMethodExecution -->
  <testcase name="@BeforeMethod beforeMethodExecution" time="0.0" classname="com.focus.testcases.BatchNegativeTestingOptionsTest">
    <skipped/>
  </testcase> <!-- @BeforeMethod beforeMethodExecution -->
  <testcase name="@AfterMethod afterMethodExecution" time="0.0" classname="com.focus.testcases.BatchNegativeTestingOptionsTest">
    <skipped/>
  </testcase> <!-- @AfterMethod afterMethodExecution -->
  <testcase name="@BeforeMethod beforeMethodExecution" time="0.0" classname="com.focus.testcases.BatchNegativeTestingOptionsTest">
    <skipped/>
  </testcase> <!-- @BeforeMethod beforeMethodExecution -->
  <testcase name="@AfterMethod afterMethodExecution" time="0.0" classname="com.focus.testcases.BatchNegativeTestingOptionsTest">
    <skipped/>
  </testcase> <!-- @AfterMethod afterMethodExecution -->
  <testcase name="@BeforeMethod beforeMethodExecution" time="0.0" classname="com.focus.testcases.BatchNegativeTestingOptionsTest">
    <skipped/>
  </testcase> <!-- @BeforeMethod beforeMethodExecution -->
  <testcase name="@AfterMethod afterMethodExecution" time="0.0" classname="com.focus.testcases.BatchNegativeTestingOptionsTest">
    <skipped/>
  </testcase> <!-- @AfterMethod afterMethodExecution -->
  <testcase name="@BeforeMethod beforeMethodExecution" time="0.0" classname="com.focus.testcases.BatchNegativeTestingOptionsTest">
    <skipped/>
  </testcase> <!-- @BeforeMethod beforeMethodExecution -->
  <testcase name="@AfterMethod afterMethodExecution" time="0.0" classname="com.focus.testcases.BatchNegativeTestingOptionsTest">
    <skipped/>
  </testcase> <!-- @AfterMethod afterMethodExecution -->
  <testcase name="@BeforeMethod beforeMethodExecution" time="0.0" classname="com.focus.testcases.BatchNegativeTestingOptionsTest">
    <skipped/>
  </testcase> <!-- @BeforeMethod beforeMethodExecution -->
  <testcase name="@AfterMethod afterMethodExecution" time="0.0" classname="com.focus.testcases.BatchNegativeTestingOptionsTest">
    <skipped/>
  </testcase> <!-- @AfterMethod afterMethodExecution -->
  <testcase name="@BeforeMethod beforeMethodExecution" time="0.0" classname="com.focus.testcases.BatchNegativeTestingOptionsTest">
    <skipped/>
  </testcase> <!-- @BeforeMethod beforeMethodExecution -->
  <testcase name="@AfterMethod afterMethodExecution" time="0.0" classname="com.focus.testcases.BatchNegativeTestingOptionsTest">
    <skipped/>
  </testcase> <!-- @AfterMethod afterMethodExecution -->
  <testcase name="@BeforeMethod beforeMethodExecution" time="0.0" classname="com.focus.testcases.BatchNegativeTestingOptionsTest">
    <skipped/>
  </testcase> <!-- @BeforeMethod beforeMethodExecution -->
  <testcase name="@AfterMethod afterMethodExecution" time="0.0" classname="com.focus.testcases.BatchNegativeTestingOptionsTest">
    <skipped/>
  </testcase> <!-- @AfterMethod afterMethodExecution -->
  <testcase name="@BeforeMethod beforeMethodExecution" time="0.0" classname="com.focus.testcases.BatchNegativeTestingOptionsTest">
    <skipped/>
  </testcase> <!-- @BeforeMethod beforeMethodExecution -->
  <testcase name="@AfterMethod afterMethodExecution" time="0.0" classname="com.focus.testcases.BatchNegativeTestingOptionsTest">
    <skipped/>
  </testcase> <!-- @AfterMethod afterMethodExecution -->
  <testcase name="@BeforeMethod beforeMethodExecution" time="0.0" classname="com.focus.testcases.BatchNegativeTestingOptionsTest">
    <skipped/>
  </testcase> <!-- @BeforeMethod beforeMethodExecution -->
  <testcase name="@AfterMethod afterMethodExecution" time="0.0" classname="com.focus.testcases.BatchNegativeTestingOptionsTest">
    <skipped/>
  </testcase> <!-- @AfterMethod afterMethodExecution -->
  <testcase name="@BeforeMethod beforeMethodExecution" time="0.0" classname="com.focus.testcases.BatchNegativeTestingOptionsTest">
    <skipped/>
  </testcase> <!-- @BeforeMethod beforeMethodExecution -->
  <testcase name="@AfterMethod afterMethodExecution" time="0.0" classname="com.focus.testcases.BatchNegativeTestingOptionsTest">
    <skipped/>
  </testcase> <!-- @AfterMethod afterMethodExecution -->
  <testcase name="@BeforeMethod beforeMethodExecution" time="0.0" classname="com.focus.testcases.BatchNegativeTestingOptionsTest">
    <skipped/>
  </testcase> <!-- @BeforeMethod beforeMethodExecution -->
  <testcase name="@AfterMethod afterMethodExecution" time="0.0" classname="com.focus.testcases.BatchNegativeTestingOptionsTest">
    <skipped/>
  </testcase> <!-- @AfterMethod afterMethodExecution -->
  <testcase name="@BeforeMethod beforeMethodExecution" time="0.0" classname="com.focus.testcases.BatchNegativeTestingOptionsTest">
    <skipped/>
  </testcase> <!-- @BeforeMethod beforeMethodExecution -->
  <testcase name="@AfterMethod afterMethodExecution" time="0.0" classname="com.focus.testcases.BatchNegativeTestingOptionsTest">
    <skipped/>
  </testcase> <!-- @AfterMethod afterMethodExecution -->
  <testcase name="@BeforeMethod beforeMethodExecution" time="0.0" classname="com.focus.testcases.BatchNegativeTestingOptionsTest">
    <skipped/>
  </testcase> <!-- @BeforeMethod beforeMethodExecution -->
  <testcase name="@AfterMethod afterMethodExecution" time="0.0" classname="com.focus.testcases.BatchNegativeTestingOptionsTest">
    <skipped/>
  </testcase> <!-- @AfterMethod afterMethodExecution -->
  <testcase name="@BeforeMethod beforeMethodExecution" time="0.0" classname="com.focus.testcases.BatchNegativeTestingOptionsTest">
    <skipped/>
  </testcase> <!-- @BeforeMethod beforeMethodExecution -->
  <testcase name="@AfterMethod afterMethodExecution" time="0.0" classname="com.focus.testcases.BatchNegativeTestingOptionsTest">
    <skipped/>
  </testcase> <!-- @AfterMethod afterMethodExecution -->
  <testcase name="@BeforeMethod beforeMethodExecution" time="0.0" classname="com.focus.testcases.BatchNegativeTestingOptionsTest">
    <skipped/>
  </testcase> <!-- @BeforeMethod beforeMethodExecution -->
  <testcase name="@AfterMethod afterMethodExecution" time="0.0" classname="com.focus.testcases.BatchNegativeTestingOptionsTest">
    <skipped/>
  </testcase> <!-- @AfterMethod afterMethodExecution -->
  <testcase name="@BeforeMethod beforeMethodExecution" time="0.0" classname="com.focus.testcases.BatchNegativeTestingOptionsTest">
    <skipped/>
  </testcase> <!-- @BeforeMethod beforeMethodExecution -->
  <testcase name="@AfterMethod afterMethodExecution" time="0.0" classname="com.focus.testcases.BatchNegativeTestingOptionsTest">
    <skipped/>
  </testcase> <!-- @AfterMethod afterMethodExecution -->
  <testcase name="@BeforeMethod beforeMethodExecution" time="0.0" classname="com.focus.testcases.BatchNegativeTestingOptionsTest">
    <skipped/>
  </testcase> <!-- @BeforeMethod beforeMethodExecution -->
  <testcase name="@AfterMethod afterMethodExecution" time="0.0" classname="com.focus.testcases.BatchNegativeTestingOptionsTest">
    <skipped/>
  </testcase> <!-- @AfterMethod afterMethodExecution -->
  <testcase name="@BeforeMethod beforeMethodExecution" time="0.0" classname="com.focus.testcases.BatchNegativeTestingOptionsTest">
    <skipped/>
  </testcase> <!-- @BeforeMethod beforeMethodExecution -->
  <testcase name="@AfterMethod afterMethodExecution" time="0.0" classname="com.focus.testcases.BatchNegativeTestingOptionsTest">
    <skipped/>
  </testcase> <!-- @AfterMethod afterMethodExecution -->
  <testcase name="@BeforeMethod beforeMethodExecution" time="0.0" classname="com.focus.testcases.BatchNegativeTestingOptionsTest">
    <skipped/>
  </testcase> <!-- @BeforeMethod beforeMethodExecution -->
  <testcase name="@AfterMethod afterMethodExecution" time="0.0" classname="com.focus.testcases.BatchNegativeTestingOptionsTest">
    <skipped/>
  </testcase> <!-- @AfterMethod afterMethodExecution -->
  <testcase name="@BeforeMethod beforeMethodExecution" time="0.0" classname="com.focus.testcases.BatchNegativeTestingOptionsTest">
    <skipped/>
  </testcase> <!-- @BeforeMethod beforeMethodExecution -->
  <testcase name="@AfterMethod afterMethodExecution" time="0.0" classname="com.focus.testcases.BatchNegativeTestingOptionsTest">
    <skipped/>
  </testcase> <!-- @AfterMethod afterMethodExecution -->
  <testcase name="@BeforeMethod beforeMethodExecution" time="0.0" classname="com.focus.testcases.BatchNegativeTestingOptionsTest">
    <skipped/>
  </testcase> <!-- @BeforeMethod beforeMethodExecution -->
  <testcase name="@AfterMethod afterMethodExecution" time="0.0" classname="com.focus.testcases.BatchNegativeTestingOptionsTest">
    <skipped/>
  </testcase> <!-- @AfterMethod afterMethodExecution -->
  <testcase name="@BeforeMethod beforeMethodExecution" time="0.0" classname="com.focus.testcases.BatchNegativeTestingOptionsTest">
    <skipped/>
  </testcase> <!-- @BeforeMethod beforeMethodExecution -->
  <testcase name="@AfterMethod afterMethodExecution" time="0.0" classname="com.focus.testcases.BatchNegativeTestingOptionsTest">
    <skipped/>
  </testcase> <!-- @AfterMethod afterMethodExecution -->
  <testcase name="@BeforeMethod beforeMethodExecution" time="0.0" classname="com.focus.testcases.BatchNegativeTestingOptionsTest">
    <skipped/>
  </testcase> <!-- @BeforeMethod beforeMethodExecution -->
  <testcase name="@AfterMethod afterMethodExecution" time="0.0" classname="com.focus.testcases.BatchNegativeTestingOptionsTest">
    <skipped/>
  </testcase> <!-- @AfterMethod afterMethodExecution -->
  <testcase name="@BeforeMethod beforeMethodExecution" time="0.0" classname="com.focus.testcases.BatchNegativeTestingOptionsTest">
    <skipped/>
  </testcase> <!-- @BeforeMethod beforeMethodExecution -->
  <testcase name="@AfterMethod afterMethodExecution" time="0.0" classname="com.focus.testcases.BatchNegativeTestingOptionsTest">
    <skipped/>
  </testcase> <!-- @AfterMethod afterMethodExecution -->
  <testcase name="@BeforeMethod beforeMethodExecution" time="0.0" classname="com.focus.testcases.BatchNegativeTestingOptionsTest">
    <skipped/>
  </testcase> <!-- @BeforeMethod beforeMethodExecution -->
  <testcase name="@AfterMethod afterMethodExecution" time="0.0" classname="com.focus.testcases.BatchNegativeTestingOptionsTest">
    <skipped/>
  </testcase> <!-- @AfterMethod afterMethodExecution -->
  <testcase name="@BeforeMethod beforeMethodExecution" time="0.0" classname="com.focus.testcases.BatchNegativeTestingOptionsTest">
    <skipped/>
  </testcase> <!-- @BeforeMethod beforeMethodExecution -->
  <testcase name="@AfterMethod afterMethodExecution" time="0.0" classname="com.focus.testcases.BatchNegativeTestingOptionsTest">
    <skipped/>
  </testcase> <!-- @AfterMethod afterMethodExecution -->
  <testcase name="@BeforeMethod beforeMethodExecution" time="0.0" classname="com.focus.testcases.BatchNegativeTestingOptionsTest">
    <skipped/>
  </testcase> <!-- @BeforeMethod beforeMethodExecution -->
  <testcase name="@AfterMethod afterMethodExecution" time="0.0" classname="com.focus.testcases.BatchNegativeTestingOptionsTest">
    <skipped/>
  </testcase> <!-- @AfterMethod afterMethodExecution -->
  <testcase name="@BeforeMethod beforeMethodExecution" time="0.0" classname="com.focus.testcases.BatchNegativeTestingOptionsTest">
    <skipped/>
  </testcase> <!-- @BeforeMethod beforeMethodExecution -->
  <testcase name="@AfterMethod afterMethodExecution" time="0.0" classname="com.focus.testcases.BatchNegativeTestingOptionsTest">
    <skipped/>
  </testcase> <!-- @AfterMethod afterMethodExecution -->
  <testcase name="@BeforeMethod beforeMethodExecution" time="0.0" classname="com.focus.testcases.BatchNegativeTestingOptionsTest">
    <skipped/>
  </testcase> <!-- @BeforeMethod beforeMethodExecution -->
  <testcase name="@AfterMethod afterMethodExecution" time="0.0" classname="com.focus.testcases.BatchNegativeTestingOptionsTest">
    <skipped/>
  </testcase> <!-- @AfterMethod afterMethodExecution -->
  <testcase name="@BeforeMethod beforeMethodExecution" time="0.0" classname="com.focus.testcases.BatchNegativeTestingOptionsTest">
    <skipped/>
  </testcase> <!-- @BeforeMethod beforeMethodExecution -->
  <testcase name="@AfterMethod afterMethodExecution" time="0.0" classname="com.focus.testcases.BatchNegativeTestingOptionsTest">
    <skipped/>
  </testcase> <!-- @AfterMethod afterMethodExecution -->
  <testcase name="@BeforeMethod beforeMethodExecution" time="0.0" classname="com.focus.testcases.BatchNegativeTestingOptionsTest">
    <skipped/>
  </testcase> <!-- @BeforeMethod beforeMethodExecution -->
  <testcase name="@AfterMethod afterMethodExecution" time="0.0" classname="com.focus.testcases.BatchNegativeTestingOptionsTest">
    <skipped/>
  </testcase> <!-- @AfterMethod afterMethodExecution -->
  <testcase name="@BeforeMethod beforeMethodExecution" time="0.0" classname="com.focus.testcases.BatchNegativeTestingOptionsTest">
    <skipped/>
  </testcase> <!-- @BeforeMethod beforeMethodExecution -->
  <testcase name="@AfterMethod afterMethodExecution" time="0.0" classname="com.focus.testcases.BatchNegativeTestingOptionsTest">
    <skipped/>
  </testcase> <!-- @AfterMethod afterMethodExecution -->
  <testcase name="@BeforeMethod beforeMethodExecution" time="0.0" classname="com.focus.testcases.BatchNegativeTestingOptionsTest">
    <skipped/>
  </testcase> <!-- @BeforeMethod beforeMethodExecution -->
  <testcase name="@AfterMethod afterMethodExecution" time="0.0" classname="com.focus.testcases.BatchNegativeTestingOptionsTest">
    <skipped/>
  </testcase> <!-- @AfterMethod afterMethodExecution -->
  <testcase name="@BeforeMethod beforeMethodExecution" time="0.0" classname="com.focus.testcases.BatchNegativeTestingOptionsTest">
    <skipped/>
  </testcase> <!-- @BeforeMethod beforeMethodExecution -->
  <testcase name="@AfterMethod afterMethodExecution" time="0.0" classname="com.focus.testcases.BatchNegativeTestingOptionsTest">
    <skipped/>
  </testcase> <!-- @AfterMethod afterMethodExecution -->
  <testcase name="@BeforeMethod beforeMethodExecution" time="0.0" classname="com.focus.testcases.BatchNegativeTestingOptionsTest">
    <skipped/>
  </testcase> <!-- @BeforeMethod beforeMethodExecution -->
  <testcase name="@AfterMethod afterMethodExecution" time="0.0" classname="com.focus.testcases.BatchNegativeTestingOptionsTest">
    <skipped/>
  </testcase> <!-- @AfterMethod afterMethodExecution -->
  <testcase name="@BeforeMethod beforeMethodExecution" time="0.0" classname="com.focus.testcases.BatchNegativeTestingOptionsTest">
    <skipped/>
  </testcase> <!-- @BeforeMethod beforeMethodExecution -->
  <testcase name="@AfterMethod afterMethodExecution" time="0.0" classname="com.focus.testcases.BatchNegativeTestingOptionsTest">
    <skipped/>
  </testcase> <!-- @AfterMethod afterMethodExecution -->
  <testcase name="@BeforeMethod beforeMethodExecution" time="0.0" classname="com.focus.testcases.BatchNegativeTestingOptionsTest">
    <skipped/>
  </testcase> <!-- @BeforeMethod beforeMethodExecution -->
  <testcase name="@AfterMethod afterMethodExecution" time="0.0" classname="com.focus.testcases.BatchNegativeTestingOptionsTest">
    <skipped/>
  </testcase> <!-- @AfterMethod afterMethodExecution -->
  <testcase name="@BeforeMethod beforeMethodExecution" time="0.0" classname="com.focus.testcases.BatchNegativeTestingOptionsTest">
    <skipped/>
  </testcase> <!-- @BeforeMethod beforeMethodExecution -->
  <testcase name="@AfterMethod afterMethodExecution" time="0.0" classname="com.focus.testcases.BatchNegativeTestingOptionsTest">
    <skipped/>
  </testcase> <!-- @AfterMethod afterMethodExecution -->
  <testcase name="@BeforeMethod beforeMethodExecution" time="0.0" classname="com.focus.testcases.BatchNegativeTestingOptionsTest">
    <skipped/>
  </testcase> <!-- @BeforeMethod beforeMethodExecution -->
  <testcase name="@AfterMethod afterMethodExecution" time="0.0" classname="com.focus.testcases.BatchNegativeTestingOptionsTest">
    <skipped/>
  </testcase> <!-- @AfterMethod afterMethodExecution -->
  <testcase name="@BeforeMethod beforeMethodExecution" time="0.0" classname="com.focus.testcases.BatchNegativeTestingOptionsTest">
    <skipped/>
  </testcase> <!-- @BeforeMethod beforeMethodExecution -->
  <testcase name="@AfterMethod afterMethodExecution" time="0.0" classname="com.focus.testcases.BatchNegativeTestingOptionsTest">
    <skipped/>
  </testcase> <!-- @AfterMethod afterMethodExecution -->
  <testcase name="@BeforeMethod beforeMethodExecution" time="0.0" classname="com.focus.testcases.BatchNegativeTestingOptionsTest">
    <skipped/>
  </testcase> <!-- @BeforeMethod beforeMethodExecution -->
  <testcase name="@AfterMethod afterMethodExecution" time="0.0" classname="com.focus.testcases.BatchNegativeTestingOptionsTest">
    <skipped/>
  </testcase> <!-- @AfterMethod afterMethodExecution -->
  <testcase name="@BeforeMethod beforeMethodExecution" time="0.0" classname="com.focus.testcases.BatchNegativeTestingOptionsTest">
    <skipped/>
  </testcase> <!-- @BeforeMethod beforeMethodExecution -->
  <testcase name="@AfterMethod afterMethodExecution" time="0.0" classname="com.focus.testcases.BatchNegativeTestingOptionsTest">
    <skipped/>
  </testcase> <!-- @AfterMethod afterMethodExecution -->
  <testcase name="@BeforeMethod beforeMethodExecution" time="0.0" classname="com.focus.testcases.BatchNegativeTestingOptionsTest">
    <skipped/>
  </testcase> <!-- @BeforeMethod beforeMethodExecution -->
  <testcase name="@AfterMethod afterMethodExecution" time="0.0" classname="com.focus.testcases.BatchNegativeTestingOptionsTest">
    <skipped/>
  </testcase> <!-- @AfterMethod afterMethodExecution -->
  <testcase name="@BeforeMethod beforeMethodExecution" time="0.0" classname="com.focus.testcases.BatchNegativeTestingOptionsTest">
    <skipped/>
  </testcase> <!-- @BeforeMethod beforeMethodExecution -->
[...]
  <testcase name="checkReSavingSalesInvoiceVATVoucher1AfterSalesInvoiceVoucher2BySelectingSalesOrderVoucher2" time="0.0" classname="com.focus.testcases.BatchNegativeTestingOptionsTest">
    <skipped/>
  </testcase> <!-- checkReSavingSalesInvoiceVATVoucher1AfterSalesInvoiceVoucher2BySelectingSalesOrderVoucher2 -->
  <testcase name="checkEraseAllTransactionsLogoutAndLoginSeventySixthScenario" time="0.001" classname="com.focus.testcases.BatchNegativeTestingOptionsTest">
    <skipped/>
  </testcase> <!-- checkEraseAllTransactionsLogoutAndLoginSeventySixthScenario -->
  <testcase name="checkSavingPurchaseVoucherVATWithCurrentdate" time="0.004" classname="com.focus.testcases.BatchNegativeTestingOptionsTest">
    <skipped/>
  </testcase> <!-- checkSavingPurchaseVoucherVATWithCurrentdate -->
  <testcase name="checkAuthorisationOFSalesInvoiceDocumentWithoutEnablingInventoryOptionUnderkeepUnposted" time="0.0" classname="com.focus.testcases.BatchNegativeTestingOptionsTest">
    <skipped/>
  </testcase> <!-- checkAuthorisationOFSalesInvoiceDocumentWithoutEnablingInventoryOptionUnderkeepUnposted -->
  <testcase name="checkSalesInvoiceVAT1WithFutureDateAfterSavingAuthorisationOnSales" time="0.0" classname="com.focus.testcases.BatchNegativeTestingOptionsTest">
    <skipped/>
  </testcase> <!-- checkSalesInvoiceVAT1WithFutureDateAfterSavingAuthorisationOnSales -->
  <testcase name="checkSavingSalesInvoiceVAT1WithCurrentDateAfterBatchConsumed" time="0.001" classname="com.focus.testcases.BatchNegativeTestingOptionsTest">
    <skipped/>
  </testcase> <!-- checkSavingSalesInvoiceVAT1WithCurrentDateAfterBatchConsumed -->
  <testcase name="checkLoginToAuthoriseUserForSalesAuthorisation" time="0.0" classname="com.focus.testcases.BatchNegativeTestingOptionsTest">
    <skipped/>
  </testcase> <!-- checkLoginToAuthoriseUserForSalesAuthorisation -->
  <testcase name="checkLoginToSuperUserAndSavingSalesInvioceVAT2AfterAuthorisation" time="0.001" classname="com.focus.testcases.BatchNegativeTestingOptionsTest">
    <skipped/>
  </testcase> <!-- checkLoginToSuperUserAndSavingSalesInvioceVAT2AfterAuthorisation -->
  <testcase name="checkSuspendingVoucherInSalesInvoiceVAT" time="0.0" classname="com.focus.testcases.BatchNegativeTestingOptionsTest">
    <skipped/>
  </testcase> <!-- checkSuspendingVoucherInSalesInvoiceVAT -->
  <testcase name="checkSavingSalesVoucher2AfterSuspending1stVoucher" time="0.0" classname="com.focus.testcases.BatchNegativeTestingOptionsTest">
    <skipped/>
  </testcase> <!-- checkSavingSalesVoucher2AfterSuspending1stVoucher -->
  <testcase name="checkResavingSales1stVoucherAfterBatchConsumedIn2ndVoucher" time="0.0" classname="com.focus.testcases.BatchNegativeTestingOptionsTest">
    <skipped/>
  </testcase> <!-- checkResavingSales1stVoucherAfterBatchConsumedIn2ndVoucher -->
  <testcase name="checkDeletingPurchaseVoucherVATAfterBatchConsumedInSalesInvoiceVat" time="0.001" classname="com.focus.testcases.BatchNegativeTestingOptionsTest">
    <skipped/>
  </testcase> <!-- checkDeletingPurchaseVoucherVATAfterBatchConsumedInSalesInvoiceVat -->
  <testcase name="checkSuspendingVoucherInPurchaseVoucherVAT" time="0.0" classname="com.focus.testcases.BatchNegativeTestingOptionsTest">
    <skipped/>
  </testcase> <!-- checkSuspendingVoucherInPurchaseVoucherVAT -->
  <testcase name="checkChangingQuantityInPurchaseVoucherAfterBatchConsumed" time="0.001" classname="com.focus.testcases.BatchNegativeTestingOptionsTest">
    <skipped/>
  </testcase> <!-- checkChangingQuantityInPurchaseVoucherAfterBatchConsumed -->
  <testcase name="checkDeletingVoucherInSalesInvoiceVATWhenStatusInPending" time="0.0" classname="com.focus.testcases.BatchNegativeTestingOptionsTest">
    <skipped/>
  </testcase> <!-- checkDeletingVoucherInSalesInvoiceVATWhenStatusInPending -->
  <testcase name="checkEnablingInventoryoptionUnderkeepUnpostedInTransdactionAuthorisationOfSalesType" time="0.001" classname="com.focus.testcases.BatchNegativeTestingOptionsTest">
    <skipped/>
  </testcase> <!-- checkEnablingInventoryoptionUnderkeepUnpostedInTransdactionAuthorisationOfSalesType -->
  <testcase name="checkSavingVoucherinSalesInvoiceVATAfterEnablingInventoryOption" time="0.001" classname="com.focus.testcases.BatchNegativeTestingOptionsTest">
    <skipped/>
  </testcase> <!-- checkSavingVoucherinSalesInvoiceVATAfterEnablingInventoryOption -->
  <testcase name="checkSavingSalesINvoiceVAT2AfterFullBatchConsumedIn1stVoucher" time="0.0" classname="com.focus.testcases.BatchNegativeTestingOptionsTest">
    <skipped/>
  </testcase> <!-- checkSavingSalesINvoiceVAT2AfterFullBatchConsumedIn1stVoucher -->
  <testcase name="checkLoginToUserAllOptionsToAuthoriseSalesVouchers1" time="0.0" classname="com.focus.testcases.BatchNegativeTestingOptionsTest">
    <skipped/>
  </testcase> <!-- checkLoginToUserAllOptionsToAuthoriseSalesVouchers1 -->
  <testcase name="chechAuthoriseVoucher2AfterAuthorisation1stVoucher" time="0.0" classname="com.focus.testcases.BatchNegativeTestingOptionsTest">
    <skipped/>
  </testcase> <!-- chechAuthoriseVoucher2AfterAuthorisation1stVoucher -->
  <testcase name="checkLogintoSuperUseAndSavingSalesInvoice2After1stVoucherAuthorised" time="0.0" classname="com.focus.testcases.BatchNegativeTestingOptionsTest">
    <skipped/>
  </testcase> <!-- checkLogintoSuperUseAndSavingSalesInvoice2After1stVoucherAuthorised -->
  <testcase name="checkDeletingVoucherInSalesInvoiceWithAuthorisationStatusPending" time="0.0" classname="com.focus.testcases.BatchNegativeTestingOptionsTest">
    <skipped/>
  </testcase> <!-- checkDeletingVoucherInSalesInvoiceWithAuthorisationStatusPending -->
  <testcase name="checkSuspendingSalesVoucher1AfterAuthorisation" time="0.0" classname="com.focus.testcases.BatchNegativeTestingOptionsTest">
    <skipped/>
  </testcase> <!-- checkSuspendingSalesVoucher1AfterAuthorisation -->
  <testcase name="checkSavingVoucherInSalesInvoice2AfterSusoendingVocher1" time="0.001" classname="com.focus.testcases.BatchNegativeTestingOptionsTest">
    <skipped/>
  </testcase> <!-- checkSavingVoucherInSalesInvoice2AfterSusoendingVocher1 -->
  <testcase name="checkResavingSalesInvoice1VoucherAfterBatchConsumedinVoucher2" time="0.001" classname="com.focus.testcases.BatchNegativeTestingOptionsTest">
    <skipped/>
  </testcase> <!-- checkResavingSalesInvoice1VoucherAfterBatchConsumedinVoucher2 -->
  <testcase name="checkDeletingPurchasVatVoucherAfterBatchConsumedinSalesInvoice" time="0.0" classname="com.focus.testcases.BatchNegativeTestingOptionsTest">
    <skipped/>
  </testcase> <!-- checkDeletingPurchasVatVoucherAfterBatchConsumedinSalesInvoice -->
  <testcase name="checkSuspendingPurchasVatVoucherAfterBatchConsumedinSalesInvoice" time="0.0" classname="com.focus.testcases.BatchNegativeTestingOptionsTest">
    <skipped/>
  </testcase> <!-- checkSuspendingPurchasVatVoucherAfterBatchConsumedinSalesInvoice -->
  <testcase name="checkChangingQunatityInPurchaseVoucherAfterConsumed" time="0.0" classname="com.focus.testcases.BatchNegativeTestingOptionsTest">
    <skipped/>
  </testcase> <!-- checkChangingQunatityInPurchaseVoucherAfterConsumed -->
  <testcase name="checkEraseAllDATA" time="0.0" classname="com.focus.testcases.BatchNegativeTestingOptionsTest">
    <skipped/>
  </testcase> <!-- checkEraseAllDATA -->
  <testcase name="checkSavingPurchaseVoucherVATForReservation" time="0.001" classname="com.focus.testcases.BatchNegativeTestingOptionsTest">
    <skipped/>
  </testcase> <!-- checkSavingPurchaseVoucherVATForReservation -->
  <testcase name="checkSalesOrderInReservationTypeIsManualAndinputBatchEvenIfStockNoyUpdatedChkbox" time="0.001" classname="com.focus.testcases.BatchNegativeTestingOptionsTest">
    <skipped/>
  </testcase> <!-- checkSalesOrderInReservationTypeIsManualAndinputBatchEvenIfStockNoyUpdatedChkbox -->
  <testcase name="checkSavingSalesOrderVoucher1" time="0.001" classname="com.focus.testcases.BatchNegativeTestingOptionsTest">
    <skipped/>
  </testcase> <!-- checkSavingSalesOrderVoucher1 -->
  <testcase name="checkResavingSalesOrderWithGraeterQtyThanInward" time="0.001" classname="com.focus.testcases.BatchNegativeTestingOptionsTest">
    <skipped/>
  </testcase> <!-- checkResavingSalesOrderWithGraeterQtyThanInward -->
  <testcase name="checkDeletingVoucherInsalesOrder" time="0.0" classname="com.focus.testcases.BatchNegativeTestingOptionsTest">
    <skipped/>
  </testcase> <!-- checkDeletingVoucherInsalesOrder -->
  <testcase name="checkSavingSalesOrderWithFullConsumptionInward" time="0.001" classname="com.focus.testcases.BatchNegativeTestingOptionsTest">
    <skipped/>
  </testcase> <!-- checkSavingSalesOrderWithFullConsumptionInward -->
  <testcase name="checkReservedPopAfterBatchFullConsumedinSalesOrder" time="0.0" classname="com.focus.testcases.BatchNegativeTestingOptionsTest">
    <skipped/>
  </testcase> <!-- checkReservedPopAfterBatchFullConsumedinSalesOrder -->
  <testcase name="checkSuspendingVoucherInsalesOrder1" time="0.0" classname="com.focus.testcases.BatchNegativeTestingOptionsTest">
    <skipped/>
  </testcase> <!-- checkSuspendingVoucherInsalesOrder1 -->
  <testcase name="checkSavingSalesOrder2AfterSuspendingVoucher1" time="0.0" classname="com.focus.testcases.BatchNegativeTestingOptionsTest">
    <skipped/>
  </testcase> <!-- checkSavingSalesOrder2AfterSuspendingVoucher1 -->
  <testcase name="checkResavingSalesOrder1AfterSavingVoucher2WithFullBatchConsumption" time="0.001" classname="com.focus.testcases.BatchNegativeTestingOptionsTest">
    <skipped/>
  </testcase> <!-- checkResavingSalesOrder1AfterSavingVoucher2WithFullBatchConsumption -->
  <testcase name="checkLinksInSalesInvoiceAfterSavingSalesOrder" time="0.0" classname="com.focus.testcases.BatchNegativeTestingOptionsTest">
    <skipped/>
  </testcase> <!-- checkLinksInSalesInvoiceAfterSavingSalesOrder -->
  <testcase name="checkSavingPurchaseVoucherVAT" time="0.002" classname="com.focus.testcases.BatchNegativeTestingOptionsTest">
    <skipped/>
  </testcase> <!-- checkSavingPurchaseVoucherVAT -->
  <testcase name="checkEnableInputBatchEvenStockIsNotUpdatedOptionInSalesOrder" time="0.001" classname="com.focus.testcases.BatchNegativeTestingOptionsTest">
    <skipped/>
  </testcase> <!-- checkEnableInputBatchEvenStockIsNotUpdatedOptionInSalesOrder -->
  <testcase name="checkSavingSalesOrderVoucherAfterEnableInputBatchEvenIfStockNotUpdatedChkbox" time="0.0" classname="com.focus.testcases.BatchNegativeTestingOptionsTest">
    <skipped/>
  </testcase> <!-- checkSavingSalesOrderVoucherAfterEnableInputBatchEvenIfStockNotUpdatedChkbox -->
  <testcase name="checkSavingSalesOrdervoucher2AfterConsumedBatchInVoucher1" time="0.0" classname="com.focus.testcases.BatchNegativeTestingOptionsTest">
    <skipped/>
  </testcase> <!-- checkSavingSalesOrdervoucher2AfterConsumedBatchInVoucher1 -->
  <testcase name="checkSuspendingSalesVou1AfterEnablingOptions" time="0.001" classname="com.focus.testcases.BatchNegativeTestingOptionsTest">
    <skipped/>
  </testcase> <!-- checkSuspendingSalesVou1AfterEnablingOptions -->
  <testcase name="checkSavingSalesVou2AfterSuspendingVou1" time="0.0" classname="com.focus.testcases.BatchNegativeTestingOptionsTest">
    <skipped/>
  </testcase> <!-- checkSavingSalesVou2AfterSuspendingVou1 -->
  <testcase name="checkResavingSalesOrderVou1AfterVou2Saved" time="0.0" classname="com.focus.testcases.BatchNegativeTestingOptionsTest">
    <skipped/>
  </testcase> <!-- checkResavingSalesOrderVou1AfterVou2Saved -->
  <testcase name="checkSavingSalesInvoiceVoucherWithLinks" time="0.0" classname="com.focus.testcases.BatchNegativeTestingOptionsTest">
    <skipped/>
  </testcase> <!-- checkSavingSalesInvoiceVoucherWithLinks -->
  <testcase name="checkSavingPurchaseVoucherVATWithQty20" time="0.0" classname="com.focus.testcases.BatchNegativeTestingOptionsTest">
    <skipped/>
  </testcase> <!-- checkSavingPurchaseVoucherVATWithQty20 -->
  <testcase name="checkSavingSalesOrderWithConsumingHalfQtyFromPurVouVat" time="0.001" classname="com.focus.testcases.BatchNegativeTestingOptionsTest">
    <skipped/>
  </testcase> <!-- checkSavingSalesOrderWithConsumingHalfQtyFromPurVouVat -->
  <testcase name="checkChangingQtyInPurVouVATAfterSavingSalesOrder" time="0.0" classname="com.focus.testcases.BatchNegativeTestingOptionsTest">
    <skipped/>
  </testcase> <!-- checkChangingQtyInPurVouVATAfterSavingSalesOrder -->
  <testcase name="checkSuspendingVoucherInSalesOrder" time="0.0" classname="com.focus.testcases.BatchNegativeTestingOptionsTest">
    <skipped/>
  </testcase> <!-- checkSuspendingVoucherInSalesOrder -->
  <testcase name="checkChangingQtyinPurVoucherAfterSalesOrderVouSuspended" time="0.0" classname="com.focus.testcases.BatchNegativeTestingOptionsTest">
    <skipped/>
  </testcase> <!-- checkChangingQtyinPurVoucherAfterSalesOrderVouSuspended -->
  <testcase name="checkReSavingSalesOrder" time="0.001" classname="com.focus.testcases.BatchNegativeTestingOptionsTest">
    <skipped/>
  </testcase> <!-- checkReSavingSalesOrder -->
  <testcase name="checkSavingPurchaseVoucherVATWithChangingItemAfterBatchConsumed" time="0.0" classname="com.focus.testcases.BatchNegativeTestingOptionsTest">
    <skipped/>
  </testcase> <!-- checkSavingPurchaseVoucherVATWithChangingItemAfterBatchConsumed -->
  <testcase name="checkChangingBatchInPurchaseVoucherVATAfterAfterBatchConsumed" time="0.041" classname="com.focus.testcases.BatchNegativeTestingOptionsTest">
    <skipped/>
  </testcase> <!-- checkChangingBatchInPurchaseVoucherVATAfterAfterBatchConsumed -->
  <testcase name="checkSuspendingVoucherInSalesOrderAndChangingBatchNameInPurchaseVouVAT" time="0.0" classname="com.focus.testcases.BatchNegativeTestingOptionsTest">
    <skipped/>
  </testcase> <!-- checkSuspendingVoucherInSalesOrderAndChangingBatchNameInPurchaseVouVAT -->
  <testcase name="checkSavingPVWithChangingWareHouseAfterVoucherConsumed" time="0.001" classname="com.focus.testcases.BatchNegativeTestingOptionsTest">
    <skipped/>
  </testcase> <!-- checkSavingPVWithChangingWareHouseAfterVoucherConsumed -->
  <testcase name="checkDefineAuthorizationWithoutKeepunpostingOptionOnInventoryDocumentInSalesOrder" time="0.0" classname="com.focus.testcases.BatchNegativeTestingOptionsTest">
    <skipped/>
  </testcase> <!-- checkDefineAuthorizationWithoutKeepunpostingOptionOnInventoryDocumentInSalesOrder -->
  <testcase name="checkSavingSalOrdVou1AfterAuthorisation" time="0.0" classname="com.focus.testcases.BatchNegativeTestingOptionsTest">
    <skipped/>
  </testcase> <!-- checkSavingSalOrdVou1AfterAuthorisation -->
  <testcase name="checkSavingVoucherInsalesOrderafterBatchConsumed" time="0.0" classname="com.focus.testcases.BatchNegativeTestingOptionsTest">
    <skipped/>
  </testcase> <!-- checkSavingVoucherInsalesOrderafterBatchConsumed -->
  <testcase name="checkSavingSalesInvoiceWithLoadingLinks" time="0.0" classname="com.focus.testcases.BatchNegativeTestingOptionsTest">
    <skipped/>
  </testcase> <!-- checkSavingSalesInvoiceWithLoadingLinks -->
  <testcase name="checkEditingQtyInPVVATAfterSavingSalesInvoiceVAT" time="0.0" classname="com.focus.testcases.BatchNegativeTestingOptionsTest">
    <skipped/>
  </testcase> <!-- checkEditingQtyInPVVATAfterSavingSalesInvoiceVAT -->
  <testcase name="checkChangingItemInPvVAT" time="0.0" classname="com.focus.testcases.BatchNegativeTestingOptionsTest">
    <skipped/>
  </testcase> <!-- checkChangingItemInPvVAT -->
  <testcase name="checkChangingBatchNameInPVVATAfterBatchConsumed" time="0.0" classname="com.focus.testcases.BatchNegativeTestingOptionsTest">
    <skipped/>
  </testcase> <!-- checkChangingBatchNameInPVVATAfterBatchConsumed -->
  <testcase name="checkChangingWarehouseInPVVATAfterAfterBatchConsumed" time="0.0" classname="com.focus.testcases.BatchNegativeTestingOptionsTest">
    <skipped/>
  </testcase> <!-- checkChangingWarehouseInPVVATAfterAfterBatchConsumed -->
  <testcase name="checkDeletingVoucherInSIAndSuspendingVoucherInSO" time="0.0" classname="com.focus.testcases.BatchNegativeTestingOptionsTest">
    <skipped/>
  </testcase> <!-- checkDeletingVoucherInSIAndSuspendingVoucherInSO -->
  <testcase name="checkSavingVoucherInSO2AfterSuspendingVoucherSO1" time="0.0" classname="com.focus.testcases.BatchNegativeTestingOptionsTest">
    <skipped/>
  </testcase> <!-- checkSavingVoucherInSO2AfterSuspendingVoucherSO1 -->
  <testcase name="checkResavingSalesOrd1AfterSavingSalesOrd2" time="0.0" classname="com.focus.testcases.BatchNegativeTestingOptionsTest">
    <skipped/>
  </testcase> <!-- checkResavingSalesOrd1AfterSavingSalesOrd2 -->
  <testcase name="checkSavingSIWithLoadingLinks" time="0.0" classname="com.focus.testcases.BatchNegativeTestingOptionsTest">
    <skipped/>
  </testcase> <!-- checkSavingSIWithLoadingLinks -->
  <testcase name="checkDefineAuthorizationOnSalesOrderDocumentWithKeepUnpostingReservationsOption" time="0.0" classname="com.focus.testcases.BatchNegativeTestingOptionsTest">
    <skipped/>
  </testcase> <!-- checkDefineAuthorizationOnSalesOrderDocumentWithKeepUnpostingReservationsOption -->
  <testcase name="checkSavingPVVATAndSOVoucherAfterAuthorisation" time="0.0" classname="com.focus.testcases.BatchNegativeTestingOptionsTest">
    <skipped/>
  </testcase> <!-- checkSavingPVVATAndSOVoucherAfterAuthorisation -->
  <testcase name="checkSavingSO1AfterChangingInAuthorisation" time="0.0" classname="com.focus.testcases.BatchNegativeTestingOptionsTest">
    <skipped/>
  </testcase> <!-- checkSavingSO1AfterChangingInAuthorisation -->
  <testcase name="checkSavingSO2AfterChangingInAuthorisation" time="0.0" classname="com.focus.testcases.BatchNegativeTestingOptionsTest">
    <skipped/>
  </testcase> <!-- checkSavingSO2AfterChangingInAuthorisation -->
  <testcase name="checkSavingSalesInvoiceVATWihLoadingLinks" time="0.0" classname="com.focus.testcases.BatchNegativeTestingOptionsTest">
    <skipped/>
  </testcase> <!-- checkSavingSalesInvoiceVATWihLoadingLinks -->
  <testcase name="checksavingPVVATAndSavingSalesOrder" time="0.0" classname="com.focus.testcases.BatchNegativeTestingOptionsTest">
    <skipped/>
  </testcase> <!-- checksavingPVVATAndSavingSalesOrder -->
  <testcase name="checkSavingSalesOrderVopucher2" time="0.001" classname="com.focus.testcases.BatchNegativeTestingOptionsTest">
    <skipped/>
  </testcase> <!-- checkSavingSalesOrderVopucher2 -->
  <testcase name="checkLoginToUserForAuthorisationINSalesOrder" time="0.001" classname="com.focus.testcases.BatchNegativeTestingOptionsTest">
    <skipped/>
  </testcase> <!-- checkLoginToUserForAuthorisationINSalesOrder -->
  <testcase name="checkAuthorisedVoucherInSalesOrder" time="0.001" classname="com.focus.testcases.BatchNegativeTestingOptionsTest">
    <skipped/>
  </testcase> <!-- checkAuthorisedVoucherInSalesOrder -->
  <testcase name="checksavingsalesInvoiceVATAfterTwoVouchersAuthorised" time="0.0" classname="com.focus.testcases.BatchNegativeTestingOptionsTest">
    <skipped/>
  </testcase> <!-- checksavingsalesInvoiceVATAfterTwoVouchersAuthorised -->
  <testcase name="checkSavingPVVatAndSO" time="0.0" classname="com.focus.testcases.BatchNegativeTestingOptionsTest">
    <skipped/>
  </testcase> <!-- checkSavingPVVatAndSO -->
  <testcase name="checkLoginToUserallOptionsForAuthoriseSalesOrder" time="0.0" classname="com.focus.testcases.BatchNegativeTestingOptionsTest">
    <skipped/>
  </testcase> <!-- checkLoginToUserallOptionsForAuthoriseSalesOrder -->
  <testcase name="checkSavingVou2AfterAuthorisationInsalesOrder" time="0.0" classname="com.focus.testcases.BatchNegativeTestingOptionsTest">
    <skipped/>
  </testcase> <!-- checkSavingVou2AfterAuthorisationInsalesOrder -->
  <testcase name="checkChangingItemAndBatchAndWareHouseInConsumedPVVAT" time="0.0" classname="com.focus.testcases.BatchNegativeTestingOptionsTest">
    <skipped/>
  </testcase> <!-- checkChangingItemAndBatchAndWareHouseInConsumedPVVAT -->
</testsuite> <!-- Default test -->
