<?xml version="1.0" encoding="UTF-8"?>
<testng-results skipped="0" failed="7" total="202" passed="195">
  <reporter-output>
    <line>
      <![CDATA[About to begin executing Suite Suite]]>
    </line>
    <line>
      <![CDATA[About to begin executing following method : BaseEngine.openBrowser]]>
    </line>
    <line>
      <![CDATA[Completed executing following method : BaseEngine.openBrowser]]>
    </line>
    <line>
      <![CDATA[About to begin executing Test Test]]>
    </line>
    <line>
      <![CDATA[About to begin executing following method : BaseEngine.intialiseReports]]>
    </line>
    <line>
      <![CDATA[Completed executing following method : BaseEngine.intialiseReports]]>
    </line>
    <line>
      <![CDATA[About to begin executing following method : BaseEngine.beforeMethodExecution]]>
    </line>
    <line>
      <![CDATA[Completed executing following method : BaseEngine.beforeMethodExecution]]>
    </line>
    <line>
      <![CDATA[About to begin executing following method : URLBrowserTest.verifyBrowserOpen]]>
    </line>
    <line>
      <![CDATA[Completed executing following method : URLBrowserTest.verifyBrowserOpen]]>
    </line>
    <line>
      <![CDATA[Test Method resides in com.focus.testcases.URLBrowserTest]]>
    </line>
    <line>
      <![CDATA[Test Status: Pass]]>
    </line>
    <line>
      <![CDATA[About to begin executing following method : BaseEngine.afterMethodExecution]]>
    </line>
    <line>
      <![CDATA[Completed executing following method : BaseEngine.afterMethodExecution]]>
    </line>
    <line>
      <![CDATA[About to begin executing following method : BaseEngine.beforeMethodExecution]]>
    </line>
    <line>
      <![CDATA[Completed executing following method : BaseEngine.beforeMethodExecution]]>
    </line>
    <line>
      <![CDATA[About to begin executing following method : URLBrowserTest.checkLoginPageTitleByURLInputInBrowser]]>
    </line>
    <line>
      <![CDATA[Completed executing following method : URLBrowserTest.checkLoginPageTitleByURLInputInBrowser]]>
    </line>
    <line>
      <![CDATA[Test Method resides in com.focus.testcases.URLBrowserTest]]>
    </line>
    <line>
      <![CDATA[Test Status: Pass]]>
    </line>
    <line>
      <![CDATA[About to begin executing following method : BaseEngine.afterMethodExecution]]>
    </line>
    <line>
      <![CDATA[Completed executing following method : BaseEngine.afterMethodExecution]]>
    </line>
    <line>
      <![CDATA[About to begin executing following method : BaseEngine.beforeMethodExecution]]>
    </line>
    <line>
      <![CDATA[Completed executing following method : BaseEngine.beforeMethodExecution]]>
    </line>
    <line>
      <![CDATA[About to begin executing following method : LoginPageTest.checkLoginPageAvailablityOfFields]]>
    </line>
    <line>
      <![CDATA[Completed executing following method : LoginPageTest.checkLoginPageAvailablityOfFields]]>
    </line>
    <line>
      <![CDATA[Test Method resides in com.focus.testcases.LoginPageTest]]>
    </line>
    <line>
      <![CDATA[Test Status: Pass]]>
    </line>
    <line>
      <![CDATA[About to begin executing following method : BaseEngine.afterMethodExecution]]>
    </line>
    <line>
      <![CDATA[Completed executing following method : BaseEngine.afterMethodExecution]]>
    </line>
    <line>
      <![CDATA[About to begin executing following method : BaseEngine.beforeMethodExecution]]>
    </line>
    <line>
      <![CDATA[Completed executing following method : BaseEngine.beforeMethodExecution]]>
    </line>
    <line>
      <![CDATA[About to begin executing following method : LoginPageTest.checkCompanyTextDisplayInCompanyListDropdown]]>
    </line>
    <line>
      <![CDATA[Completed executing following method : LoginPageTest.checkCompanyTextDisplayInCompanyListDropdown]]>
    </line>
    <line>
      <![CDATA[Test Method resides in com.focus.testcases.LoginPageTest]]>
    </line>
    <line>
      <![CDATA[Test Status: Pass]]>
    </line>
    <line>
      <![CDATA[About to begin executing following method : BaseEngine.afterMethodExecution]]>
    </line>
    <line>
      <![CDATA[Completed executing following method : BaseEngine.afterMethodExecution]]>
    </line>
    <line>
      <![CDATA[About to begin executing following method : BaseEngine.beforeMethodExecution]]>
    </line>
    <line>
      <![CDATA[Completed executing following method : BaseEngine.beforeMethodExecution]]>
    </line>
    <line>
      <![CDATA[About to begin executing following method : LoginPageTest.checkSignInBtnWithValidUserNameAndValidPassword]]>
    </line>
    <line>
      <![CDATA[Completed executing following method : LoginPageTest.checkSignInBtnWithValidUserNameAndValidPassword]]>
    </line>
    <line>
      <![CDATA[Test Method resides in com.focus.testcases.LoginPageTest]]>
    </line>
    <line>
      <![CDATA[Test Status: Pass]]>
    </line>
    <line>
      <![CDATA[About to begin executing following method : BaseEngine.afterMethodExecution]]>
    </line>
    <line>
      <![CDATA[Completed executing following method : BaseEngine.afterMethodExecution]]>
    </line>
    <line>
      <![CDATA[About to begin executing following method : BaseEngine.beforeMethodExecution]]>
    </line>
    <line>
      <![CDATA[Completed executing following method : BaseEngine.beforeMethodExecution]]>
    </line>
    <line>
      <![CDATA[About to begin executing following method : LoginPageTest.checkUserNameInfoInHomePage]]>
    </line>
    <line>
      <![CDATA[Completed executing following method : LoginPageTest.checkUserNameInfoInHomePage]]>
    </line>
    <line>
      <![CDATA[Test Method resides in com.focus.testcases.LoginPageTest]]>
    </line>
    <line>
      <![CDATA[Test Status: Pass]]>
    </line>
    <line>
      <![CDATA[About to begin executing following method : BaseEngine.afterMethodExecution]]>
    </line>
    <line>
      <![CDATA[Completed executing following method : BaseEngine.afterMethodExecution]]>
    </line>
    <line>
      <![CDATA[About to begin executing following method : BaseEngine.beforeMethodExecution]]>
    </line>
    <line>
      <![CDATA[Completed executing following method : BaseEngine.beforeMethodExecution]]>
    </line>
    <line>
      <![CDATA[About to begin executing following method : BatchNegativeTestingOptionsTest.checkEraseAllTransactionsLogoutAndLogin]]>
    </line>
    <line>
      <![CDATA[Completed executing following method : BatchNegativeTestingOptionsTest.checkEraseAllTransactionsLogoutAndLogin]]>
    </line>
    <line>
      <![CDATA[Test Method resides in com.focus.testcases.BatchNegativeTestingOptionsTest]]>
    </line>
    <line>
      <![CDATA[Test Status: Pass]]>
    </line>
    <line>
      <![CDATA[About to begin executing following method : BaseEngine.afterMethodExecution]]>
    </line>
    <line>
      <![CDATA[Completed executing following method : BaseEngine.afterMethodExecution]]>
    </line>
    <line>
      <![CDATA[About to begin executing following method : BaseEngine.beforeMethodExecution]]>
    </line>
    <line>
      <![CDATA[Completed executing following method : BaseEngine.beforeMethodExecution]]>
    </line>
    <line>
      <![CDATA[About to begin executing following method : BatchNegativeTestingOptionsTest.checkSavingPurchaseVoucherVATVoucher]]>
    </line>
    <line>
      <![CDATA[Completed executing following method : BatchNegativeTestingOptionsTest.checkSavingPurchaseVoucherVATVoucher]]>
    </line>
    <line>
      <![CDATA[Test Method resides in com.focus.testcases.BatchNegativeTestingOptionsTest]]>
    </line>
    <line>
      <![CDATA[Test Status: Pass]]>
    </line>
    <line>
      <![CDATA[About to begin executing following method : BaseEngine.afterMethodExecution]]>
    </line>
    <line>
      <![CDATA[Completed executing following method : BaseEngine.afterMethodExecution]]>
    </line>
    <line>
      <![CDATA[About to begin executing following method : BaseEngine.beforeMethodExecution]]>
    </line>
    <line>
      <![CDATA[Completed executing following method : BaseEngine.beforeMethodExecution]]>
    </line>
    <line>
      <![CDATA[About to begin executing following method : BatchNegativeTestingOptionsTest.checkSavingSalesInvoiceVATVoucher1WithMoreThanAvailableQuantityInPurchaseVoucherWithoutEnablingAllowNegativeBatchQuantities]]>
    </line>
    <line>
      <![CDATA[Completed executing following method : BatchNegativeTestingOptionsTest.checkSavingSalesInvoiceVATVoucher1WithMoreThanAvailableQuantityInPurchaseVoucherWithoutEnablingAllowNegativeBatchQuantities]]>
    </line>
    <line>
      <![CDATA[Test Method resides in com.focus.testcases.BatchNegativeTestingOptionsTest]]>
    </line>
    <line>
      <![CDATA[Test Status: Pass]]>
    </line>
    <line>
      <![CDATA[About to begin executing following method : BaseEngine.afterMethodExecution]]>
    </line>
    <line>
      <![CDATA[Completed executing following method : BaseEngine.afterMethodExecution]]>
    </line>
    <line>
      <![CDATA[About to begin executing following method : BaseEngine.beforeMethodExecution]]>
    </line>
    <line>
      <![CDATA[Completed executing following method : BaseEngine.beforeMethodExecution]]>
    </line>
    <line>
      <![CDATA[About to begin executing following method : BatchNegativeTestingOptionsTest.checkEnablingAllowNegativeBatchQuantityOption]]>
    </line>
    <line>
      <![CDATA[Completed executing following method : BatchNegativeTestingOptionsTest.checkEnablingAllowNegativeBatchQuantityOption]]>
    </line>
    <line>
      <![CDATA[Test Method resides in com.focus.testcases.BatchNegativeTestingOptionsTest]]>
    </line>
    <line>
      <![CDATA[Test Status: Pass]]>
    </line>
    <line>
      <![CDATA[About to begin executing following method : BaseEngine.afterMethodExecution]]>
    </line>
    <line>
      <![CDATA[Completed executing following method : BaseEngine.afterMethodExecution]]>
    </line>
    <line>
      <![CDATA[About to begin executing following method : BaseEngine.beforeMethodExecution]]>
    </line>
    <line>
      <![CDATA[Completed executing following method : BaseEngine.beforeMethodExecution]]>
    </line>
    <line>
      <![CDATA[About to begin executing following method : BatchNegativeTestingOptionsTest.checkLogoutAndLogin]]>
    </line>
    <line>
      <![CDATA[Completed executing following method : BatchNegativeTestingOptionsTest.checkLogoutAndLogin]]>
    </line>
    <line>
      <![CDATA[Test Method resides in com.focus.testcases.BatchNegativeTestingOptionsTest]]>
    </line>
    <line>
      <![CDATA[Test Status: Pass]]>
    </line>
    <line>
      <![CDATA[About to begin executing following method : BaseEngine.afterMethodExecution]]>
    </line>
    <line>
      <![CDATA[Completed executing following method : BaseEngine.afterMethodExecution]]>
    </line>
    <line>
      <![CDATA[About to begin executing following method : BaseEngine.beforeMethodExecution]]>
    </line>
    <line>
      <![CDATA[Completed executing following method : BaseEngine.beforeMethodExecution]]>
    </line>
    <line>
      <![CDATA[About to begin executing following method : BatchNegativeTestingOptionsTest.checkBatchPopupIsDisplayingWithValuesInSalesInvoiceVATVoucher1AfterEnablingAllowBatchNegativeQuantityOption]]>
    </line>
    <line>
      <![CDATA[Completed executing following method : BatchNegativeTestingOptionsTest.checkBatchPopupIsDisplayingWithValuesInSalesInvoiceVATVoucher1AfterEnablingAllowBatchNegativeQuantityOption]]>
    </line>
    <line>
      <![CDATA[Test Method resides in com.focus.testcases.BatchNegativeTestingOptionsTest]]>
    </line>
    <line>
      <![CDATA[Test Status: Pass]]>
    </line>
    <line>
      <![CDATA[About to begin executing following method : BaseEngine.afterMethodExecution]]>
    </line>
    <line>
      <![CDATA[Completed executing following method : BaseEngine.afterMethodExecution]]>
    </line>
    <line>
      <![CDATA[About to begin executing following method : BaseEngine.beforeMethodExecution]]>
    </line>
    <line>
      <![CDATA[Completed executing following method : BaseEngine.beforeMethodExecution]]>
    </line>
    <line>
      <![CDATA[About to begin executing following method : BatchNegativeTestingOptionsTest.checkSavingSalesInvoiceVATVoucher1AfterEnablingAllowBatchNegativeQuantityOption]]>
    </line>
    <line>
      <![CDATA[Completed executing following method : BatchNegativeTestingOptionsTest.checkSavingSalesInvoiceVATVoucher1AfterEnablingAllowBatchNegativeQuantityOption]]>
    </line>
    <line>
      <![CDATA[Test Method resides in com.focus.testcases.BatchNegativeTestingOptionsTest]]>
    </line>
    <line>
      <![CDATA[Test Status: Pass]]>
    </line>
    <line>
      <![CDATA[About to begin executing following method : BaseEngine.afterMethodExecution]]>
    </line>
    <line>
      <![CDATA[Completed executing following method : BaseEngine.afterMethodExecution]]>
    </line>
    <line>
      <![CDATA[About to begin executing following method : BaseEngine.beforeMethodExecution]]>
    </line>
    <line>
      <![CDATA[Completed executing following method : BaseEngine.beforeMethodExecution]]>
    </line>
    <line>
      <![CDATA[About to begin executing following method : BatchNegativeTestingOptionsTest.checkValidatingQuantityInEntryPageAndBatchPopupAfterSavingWithQuantityGreaterThanAvailableQuantity]]>
    </line>
    <line>
      <![CDATA[Completed executing following method : BatchNegativeTestingOptionsTest.checkValidatingQuantityInEntryPageAndBatchPopupAfterSavingWithQuantityGreaterThanAvailableQuantity]]>
    </line>
    <line>
      <![CDATA[Test Method resides in com.focus.testcases.BatchNegativeTestingOptionsTest]]>
    </line>
    <line>
      <![CDATA[Test Status: Pass]]>
    </line>
    <line>
      <![CDATA[About to begin executing following method : BaseEngine.afterMethodExecution]]>
    </line>
    <line>
      <![CDATA[Completed executing following method : BaseEngine.afterMethodExecution]]>
    </line>
    <line>
      <![CDATA[About to begin executing following method : BaseEngine.beforeMethodExecution]]>
    </line>
    <line>
      <![CDATA[Completed executing following method : BaseEngine.beforeMethodExecution]]>
    </line>
    <line>
      <![CDATA[About to begin executing following method : BatchNegativeTestingOptionsTest.checkDisablingAllowNegativeBatchQuantityOption]]>
    </line>
    <line>
      <![CDATA[Completed executing following method : BatchNegativeTestingOptionsTest.checkDisablingAllowNegativeBatchQuantityOption]]>
    </line>
    <line>
      <![CDATA[Test Method resides in com.focus.testcases.BatchNegativeTestingOptionsTest]]>
    </line>
    <line>
      <![CDATA[Test Status: Pass]]>
    </line>
    <line>
      <![CDATA[About to begin executing following method : BaseEngine.afterMethodExecution]]>
    </line>
    <line>
      <![CDATA[Completed executing following method : BaseEngine.afterMethodExecution]]>
    </line>
    <line>
      <![CDATA[About to begin executing following method : BaseEngine.beforeMethodExecution]]>
    </line>
    <line>
      <![CDATA[Completed executing following method : BaseEngine.beforeMethodExecution]]>
    </line>
    <line>
      <![CDATA[About to begin executing following method : BatchNegativeTestingOptionsTest.checkLogoutAndLoginAfterDisablingAllowNegativeBatchQuantityOption]]>
    </line>
    <line>
      <![CDATA[Completed executing following method : BatchNegativeTestingOptionsTest.checkLogoutAndLoginAfterDisablingAllowNegativeBatchQuantityOption]]>
    </line>
    <line>
      <![CDATA[Test Method resides in com.focus.testcases.BatchNegativeTestingOptionsTest]]>
    </line>
    <line>
      <![CDATA[Test Status: Pass]]>
    </line>
    <line>
      <![CDATA[About to begin executing following method : BaseEngine.afterMethodExecution]]>
    </line>
    <line>
      <![CDATA[Completed executing following method : BaseEngine.afterMethodExecution]]>
    </line>
    <line>
      <![CDATA[About to begin executing following method : BaseEngine.beforeMethodExecution]]>
    </line>
    <line>
      <![CDATA[Completed executing following method : BaseEngine.beforeMethodExecution]]>
    </line>
    <line>
      <![CDATA[About to begin executing following method : BatchNegativeTestingOptionsTest.checkValidatingQuantityInEntryPageAndBatchPopupInSalesInvoice1AfterDisablingAllowNegativeBatchQuantityOption]]>
    </line>
    <line>
      <![CDATA[Completed executing following method : BatchNegativeTestingOptionsTest.checkValidatingQuantityInEntryPageAndBatchPopupInSalesInvoice1AfterDisablingAllowNegativeBatchQuantityOption]]>
    </line>
    <line>
      <![CDATA[Test Method resides in com.focus.testcases.BatchNegativeTestingOptionsTest]]>
    </line>
    <line>
      <![CDATA[Test Status: Pass]]>
    </line>
    <line>
      <![CDATA[About to begin executing following method : BaseEngine.afterMethodExecution]]>
    </line>
    <line>
      <![CDATA[Completed executing following method : BaseEngine.afterMethodExecution]]>
    </line>
    <line>
      <![CDATA[About to begin executing following method : BaseEngine.beforeMethodExecution]]>
    </line>
    <line>
      <![CDATA[Completed executing following method : BaseEngine.beforeMethodExecution]]>
    </line>
    <line>
      <![CDATA[About to begin executing following method : BatchNegativeTestingOptionsTest.checkEraseAllTransactionsLogoutAndLoginAfterAllowNegativeBatchQuantityOption]]>
    </line>
    <line>
      <![CDATA[Completed executing following method : BatchNegativeTestingOptionsTest.checkEraseAllTransactionsLogoutAndLoginAfterAllowNegativeBatchQuantityOption]]>
    </line>
    <line>
      <![CDATA[Test Method resides in com.focus.testcases.BatchNegativeTestingOptionsTest]]>
    </line>
    <line>
      <![CDATA[Test Status: Pass]]>
    </line>
    <line>
      <![CDATA[About to begin executing following method : BaseEngine.afterMethodExecution]]>
    </line>
    <line>
      <![CDATA[Completed executing following method : BaseEngine.afterMethodExecution]]>
    </line>
    <line>
      <![CDATA[About to begin executing following method : BaseEngine.beforeMethodExecution]]>
    </line>
    <line>
      <![CDATA[Completed executing following method : BaseEngine.beforeMethodExecution]]>
    </line>
    <line>
      <![CDATA[About to begin executing following method : BatchNegativeTestingOptionsTest.checkSavingPurchaseVoucherVATVoucher1With2Rows]]>
    </line>
    <line>
      <![CDATA[Completed executing following method : BatchNegativeTestingOptionsTest.checkSavingPurchaseVoucherVATVoucher1With2Rows]]>
    </line>
    <line>
      <![CDATA[Test Method resides in com.focus.testcases.BatchNegativeTestingOptionsTest]]>
    </line>
    <line>
      <![CDATA[Test Status: Pass]]>
    </line>
    <line>
      <![CDATA[About to begin executing following method : BaseEngine.afterMethodExecution]]>
    </line>
    <line>
      <![CDATA[Completed executing following method : BaseEngine.afterMethodExecution]]>
    </line>
    <line>
      <![CDATA[About to begin executing following method : BaseEngine.beforeMethodExecution]]>
    </line>
    <line>
      <![CDATA[Completed executing following method : BaseEngine.beforeMethodExecution]]>
    </line>
    <line>
      <![CDATA[About to begin executing following method : BatchNegativeTestingOptionsTest.checkBatchPopupIsDisplayingWithValuesInSalesInvoiceVATVoucher1WithQuantity11]]>
    </line>
    <line>
      <![CDATA[Completed executing following method : BatchNegativeTestingOptionsTest.checkBatchPopupIsDisplayingWithValuesInSalesInvoiceVATVoucher1WithQuantity11]]>
    </line>
    <line>
      <![CDATA[Test Method resides in com.focus.testcases.BatchNegativeTestingOptionsTest]]>
    </line>
    <line>
      <![CDATA[Test Status: Pass]]>
    </line>
    <line>
      <![CDATA[About to begin executing following method : BaseEngine.afterMethodExecution]]>
    </line>
    <line>
      <![CDATA[Completed executing following method : BaseEngine.afterMethodExecution]]>
    </line>
    <line>
      <![CDATA[About to begin executing following method : BaseEngine.beforeMethodExecution]]>
    </line>
    <line>
      <![CDATA[Completed executing following method : BaseEngine.beforeMethodExecution]]>
    </line>
    <line>
      <![CDATA[About to begin executing following method : BatchNegativeTestingOptionsTest.checkSavingSalesInvoiceVATVoucher1WithQuantity11]]>
    </line>
    <line>
      <![CDATA[Completed executing following method : BatchNegativeTestingOptionsTest.checkSavingSalesInvoiceVATVoucher1WithQuantity11]]>
    </line>
    <line>
      <![CDATA[Test Method resides in com.focus.testcases.BatchNegativeTestingOptionsTest]]>
    </line>
    <line>
      <![CDATA[Test Status: Pass]]>
    </line>
    <line>
      <![CDATA[About to begin executing following method : BaseEngine.afterMethodExecution]]>
    </line>
    <line>
      <![CDATA[Completed executing following method : BaseEngine.afterMethodExecution]]>
    </line>
    <line>
      <![CDATA[About to begin executing following method : BaseEngine.beforeMethodExecution]]>
    </line>
    <line>
      <![CDATA[Completed executing following method : BaseEngine.beforeMethodExecution]]>
    </line>
    <line>
      <![CDATA[About to begin executing following method : BatchNegativeTestingOptionsTest.checkReSavingPurchaseVoucherVATVoucher1WithDateNextToCurrentDate]]>
    </line>
    <line>
      <![CDATA[Completed executing following method : BatchNegativeTestingOptionsTest.checkReSavingPurchaseVoucherVATVoucher1WithDateNextToCurrentDate]]>
    </line>
    <line>
      <![CDATA[Test Method resides in com.focus.testcases.BatchNegativeTestingOptionsTest]]>
    </line>
    <line>
      <![CDATA[Test Status: Failed]]>
    </line>
    <line>
      <![CDATA[About to begin executing following method : BaseEngine.afterMethodExecution]]>
    </line>
    <line>
      <![CDATA[Completed executing following method : BaseEngine.afterMethodExecution]]>
    </line>
    <line>
      <![CDATA[About to begin executing following method : BaseEngine.beforeMethodExecution]]>
    </line>
    <line>
      <![CDATA[Completed executing following method : BaseEngine.beforeMethodExecution]]>
    </line>
    <line>
      <![CDATA[About to begin executing following method : BatchNegativeTestingOptionsTest.checkSuspendingSalesInvoiceVATVoucher1ForFortySixthScenario]]>
    </line>
    <line>
      <![CDATA[Completed executing following method : BatchNegativeTestingOptionsTest.checkSuspendingSalesInvoiceVATVoucher1ForFortySixthScenario]]>
    </line>
    <line>
      <![CDATA[Test Method resides in com.focus.testcases.BatchNegativeTestingOptionsTest]]>
    </line>
    <line>
      <![CDATA[Test Status: Pass]]>
    </line>
    <line>
      <![CDATA[About to begin executing following method : BaseEngine.afterMethodExecution]]>
    </line>
    <line>
      <![CDATA[Completed executing following method : BaseEngine.afterMethodExecution]]>
    </line>
    <line>
      <![CDATA[About to begin executing following method : BaseEngine.beforeMethodExecution]]>
    </line>
    <line>
      <![CDATA[Completed executing following method : BaseEngine.beforeMethodExecution]]>
    </line>
    <line>
      <![CDATA[About to begin executing following method : BatchNegativeTestingOptionsTest.checkReSavingPurchaseVoucherVATVoucher1WithDateNextToCurrentDateAfterSuspendingSalesInvoice]]>
    </line>
    <line>
      <![CDATA[Completed executing following method : BatchNegativeTestingOptionsTest.checkReSavingPurchaseVoucherVATVoucher1WithDateNextToCurrentDateAfterSuspendingSalesInvoice]]>
    </line>
    <line>
      <![CDATA[Test Method resides in com.focus.testcases.BatchNegativeTestingOptionsTest]]>
    </line>
    <line>
      <![CDATA[Test Status: Failed]]>
    </line>
    <line>
      <![CDATA[About to begin executing following method : BaseEngine.afterMethodExecution]]>
    </line>
    <line>
      <![CDATA[Completed executing following method : BaseEngine.afterMethodExecution]]>
    </line>
    <line>
      <![CDATA[About to begin executing following method : BaseEngine.beforeMethodExecution]]>
    </line>
    <line>
      <![CDATA[Completed executing following method : BaseEngine.beforeMethodExecution]]>
    </line>
    <line>
      <![CDATA[About to begin executing following method : BatchNegativeTestingOptionsTest.checkReSavingSalesInvoiceVATVoucherAfterChangingDateNextToCurrentDateInPurchaseVoucherVAT1]]>
    </line>
    <line>
      <![CDATA[Completed executing following method : BatchNegativeTestingOptionsTest.checkReSavingSalesInvoiceVATVoucherAfterChangingDateNextToCurrentDateInPurchaseVoucherVAT1]]>
    </line>
    <line>
      <![CDATA[Test Method resides in com.focus.testcases.BatchNegativeTestingOptionsTest]]>
    </line>
    <line>
      <![CDATA[Test Status: Pass]]>
    </line>
    <line>
      <![CDATA[About to begin executing following method : BaseEngine.afterMethodExecution]]>
    </line>
    <line>
      <![CDATA[Completed executing following method : BaseEngine.afterMethodExecution]]>
    </line>
    <line>
      <![CDATA[About to begin executing following method : BaseEngine.beforeMethodExecution]]>
    </line>
    <line>
      <![CDATA[Completed executing following method : BaseEngine.beforeMethodExecution]]>
    </line>
    <line>
      <![CDATA[About to begin executing following method : BatchNegativeTestingOptionsTest.checkReSavingPurchaseVoucherVATVoucher1WithCurrentDate]]>
    </line>
    <line>
      <![CDATA[Completed executing following method : BatchNegativeTestingOptionsTest.checkReSavingPurchaseVoucherVATVoucher1WithCurrentDate]]>
    </line>
    <line>
      <![CDATA[Test Method resides in com.focus.testcases.BatchNegativeTestingOptionsTest]]>
    </line>
    <line>
      <![CDATA[Test Status: Failed]]>
    </line>
    <line>
      <![CDATA[About to begin executing following method : BaseEngine.afterMethodExecution]]>
    </line>
    <line>
      <![CDATA[Completed executing following method : BaseEngine.afterMethodExecution]]>
    </line>
    <line>
      <![CDATA[About to begin executing following method : BaseEngine.beforeMethodExecution]]>
    </line>
    <line>
      <![CDATA[Completed executing following method : BaseEngine.beforeMethodExecution]]>
    </line>
    <line>
      <![CDATA[About to begin executing following method : BatchNegativeTestingOptionsTest.checkReSavingSalesInvoiceVATVoucher1AfterResavingPurchaseVoucherVAT1WithCurrentDate]]>
    </line>
    <line>
      <![CDATA[Completed executing following method : BatchNegativeTestingOptionsTest.checkReSavingSalesInvoiceVATVoucher1AfterResavingPurchaseVoucherVAT1WithCurrentDate]]>
    </line>
    <line>
      <![CDATA[Test Method resides in com.focus.testcases.BatchNegativeTestingOptionsTest]]>
    </line>
    <line>
      <![CDATA[Test Status: Pass]]>
    </line>
    <line>
      <![CDATA[About to begin executing following method : BaseEngine.afterMethodExecution]]>
    </line>
    <line>
      <![CDATA[Completed executing following method : BaseEngine.afterMethodExecution]]>
    </line>
    <line>
      <![CDATA[About to begin executing following method : BaseEngine.beforeMethodExecution]]>
    </line>
    <line>
      <![CDATA[Completed executing following method : BaseEngine.beforeMethodExecution]]>
    </line>
    <line>
      <![CDATA[About to begin executing following method : BatchNegativeTestingOptionsTest.checkReSavingPurchaseVoucherVATVoucher1ByChangingWarehouseFromHyderabadToSecunderabad]]>
    </line>
    <line>
      <![CDATA[Completed executing following method : BatchNegativeTestingOptionsTest.checkReSavingPurchaseVoucherVATVoucher1ByChangingWarehouseFromHyderabadToSecunderabad]]>
    </line>
    <line>
      <![CDATA[Test Method resides in com.focus.testcases.BatchNegativeTestingOptionsTest]]>
    </line>
    <line>
      <![CDATA[Test Status: Pass]]>
    </line>
    <line>
      <![CDATA[About to begin executing following method : BaseEngine.afterMethodExecution]]>
    </line>
    <line>
      <![CDATA[Completed executing following method : BaseEngine.afterMethodExecution]]>
    </line>
    <line>
      <![CDATA[About to begin executing following method : BaseEngine.beforeMethodExecution]]>
    </line>
    <line>
      <![CDATA[Completed executing following method : BaseEngine.beforeMethodExecution]]>
    </line>
    <line>
      <![CDATA[About to begin executing following method : BatchNegativeTestingOptionsTest.checkSuspendingSalesInvoiceVATVoucher1ForFortyEightScenario]]>
    </line>
    <line>
      <![CDATA[Completed executing following method : BatchNegativeTestingOptionsTest.checkSuspendingSalesInvoiceVATVoucher1ForFortyEightScenario]]>
    </line>
    <line>
      <![CDATA[Test Method resides in com.focus.testcases.BatchNegativeTestingOptionsTest]]>
    </line>
    <line>
      <![CDATA[Test Status: Pass]]>
    </line>
    <line>
      <![CDATA[About to begin executing following method : BaseEngine.afterMethodExecution]]>
    </line>
    <line>
      <![CDATA[Completed executing following method : BaseEngine.afterMethodExecution]]>
    </line>
    <line>
      <![CDATA[About to begin executing following method : BaseEngine.beforeMethodExecution]]>
    </line>
    <line>
      <![CDATA[Completed executing following method : BaseEngine.beforeMethodExecution]]>
    </line>
    <line>
      <![CDATA[About to begin executing following method : BatchNegativeTestingOptionsTest.checkReSavingPurchaseVoucherVATVoucher1ByChangingWarehouseFromHyderabadToSecunderabadAfterSuspendingSalesInvoice]]>
    </line>
    <line>
      <![CDATA[Completed executing following method : BatchNegativeTestingOptionsTest.checkReSavingPurchaseVoucherVATVoucher1ByChangingWarehouseFromHyderabadToSecunderabadAfterSuspendingSalesInvoice]]>
    </line>
    <line>
      <![CDATA[Test Method resides in com.focus.testcases.BatchNegativeTestingOptionsTest]]>
    </line>
    <line>
      <![CDATA[Test Status: Pass]]>
    </line>
    <line>
      <![CDATA[About to begin executing following method : BaseEngine.afterMethodExecution]]>
    </line>
    <line>
      <![CDATA[Completed executing following method : BaseEngine.afterMethodExecution]]>
    </line>
    <line>
      <![CDATA[About to begin executing following method : BaseEngine.beforeMethodExecution]]>
    </line>
    <line>
      <![CDATA[Completed executing following method : BaseEngine.beforeMethodExecution]]>
    </line>
    <line>
      <![CDATA[About to begin executing following method : BatchNegativeTestingOptionsTest.checkReSavingSalesInvoiceVATVoucherAfterChangingWarehouseToSecunderabadInPurchaseVoucherVAT1]]>
    </line>
    <line>
      <![CDATA[Completed executing following method : BatchNegativeTestingOptionsTest.checkReSavingSalesInvoiceVATVoucherAfterChangingWarehouseToSecunderabadInPurchaseVoucherVAT1]]>
    </line>
    <line>
      <![CDATA[Test Method resides in com.focus.testcases.BatchNegativeTestingOptionsTest]]>
    </line>
    <line>
      <![CDATA[Test Status: Pass]]>
    </line>
    <line>
      <![CDATA[About to begin executing following method : BaseEngine.afterMethodExecution]]>
    </line>
    <line>
      <![CDATA[Completed executing following method : BaseEngine.afterMethodExecution]]>
    </line>
    <line>
      <![CDATA[About to begin executing following method : BaseEngine.beforeMethodExecution]]>
    </line>
    <line>
      <![CDATA[Completed executing following method : BaseEngine.beforeMethodExecution]]>
    </line>
    <line>
      <![CDATA[About to begin executing following method : BatchNegativeTestingOptionsTest.checkReSavingPurchaseVoucherVATVoucher1ByChangingWarehouseFromSecunderabadToHyderabad]]>
    </line>
    <line>
      <![CDATA[Completed executing following method : BatchNegativeTestingOptionsTest.checkReSavingPurchaseVoucherVATVoucher1ByChangingWarehouseFromSecunderabadToHyderabad]]>
    </line>
    <line>
      <![CDATA[Test Method resides in com.focus.testcases.BatchNegativeTestingOptionsTest]]>
    </line>
    <line>
      <![CDATA[Test Status: Pass]]>
    </line>
    <line>
      <![CDATA[About to begin executing following method : BaseEngine.afterMethodExecution]]>
    </line>
    <line>
      <![CDATA[Completed executing following method : BaseEngine.afterMethodExecution]]>
    </line>
    <line>
      <![CDATA[About to begin executing following method : BaseEngine.beforeMethodExecution]]>
    </line>
    <line>
      <![CDATA[Completed executing following method : BaseEngine.beforeMethodExecution]]>
    </line>
    <line>
      <![CDATA[About to begin executing following method : BatchNegativeTestingOptionsTest.checkDeletingSalesInvoiceVATVoucher1AfterChangingWarehouseInPurchaseVoucher]]>
    </line>
    <line>
      <![CDATA[Completed executing following method : BatchNegativeTestingOptionsTest.checkDeletingSalesInvoiceVATVoucher1AfterChangingWarehouseInPurchaseVoucher]]>
    </line>
    <line>
      <![CDATA[Test Method resides in com.focus.testcases.BatchNegativeTestingOptionsTest]]>
    </line>
    <line>
      <![CDATA[Test Status: Pass]]>
    </line>
    <line>
      <![CDATA[About to begin executing following method : BaseEngine.afterMethodExecution]]>
    </line>
    <line>
      <![CDATA[Completed executing following method : BaseEngine.afterMethodExecution]]>
    </line>
    <line>
      <![CDATA[About to begin executing following method : BaseEngine.beforeMethodExecution]]>
    </line>
    <line>
      <![CDATA[Completed executing following method : BaseEngine.beforeMethodExecution]]>
    </line>
    <line>
      <![CDATA[About to begin executing following method : BatchNegativeTestingOptionsTest.checkSavingSalesInvoiceVATVoucher1WithQuantity180]]>
    </line>
    <line>
      <![CDATA[Completed executing following method : BatchNegativeTestingOptionsTest.checkSavingSalesInvoiceVATVoucher1WithQuantity180]]>
    </line>
    <line>
      <![CDATA[Test Method resides in com.focus.testcases.BatchNegativeTestingOptionsTest]]>
    </line>
    <line>
      <![CDATA[Test Status: Pass]]>
    </line>
    <line>
      <![CDATA[About to begin executing following method : BaseEngine.afterMethodExecution]]>
    </line>
    <line>
      <![CDATA[Completed executing following method : BaseEngine.afterMethodExecution]]>
    </line>
    <line>
      <![CDATA[About to begin executing following method : BaseEngine.beforeMethodExecution]]>
    </line>
    <line>
      <![CDATA[Completed executing following method : BaseEngine.beforeMethodExecution]]>
    </line>
    <line>
      <![CDATA[About to begin executing following method : BatchNegativeTestingOptionsTest.checkReSavingPurchaseVoucherVATVoucher1ByChangingQuantityTo12In1stRow]]>
    </line>
    <line>
      <![CDATA[Completed executing following method : BatchNegativeTestingOptionsTest.checkReSavingPurchaseVoucherVATVoucher1ByChangingQuantityTo12In1stRow]]>
    </line>
    <line>
      <![CDATA[Test Method resides in com.focus.testcases.BatchNegativeTestingOptionsTest]]>
    </line>
    <line>
      <![CDATA[Test Status: Pass]]>
    </line>
    <line>
      <![CDATA[About to begin executing following method : BaseEngine.afterMethodExecution]]>
    </line>
    <line>
      <![CDATA[Completed executing following method : BaseEngine.afterMethodExecution]]>
    </line>
    <line>
      <![CDATA[About to begin executing following method : BaseEngine.beforeMethodExecution]]>
    </line>
    <line>
      <![CDATA[Completed executing following method : BaseEngine.beforeMethodExecution]]>
    </line>
    <line>
      <![CDATA[About to begin executing following method : BatchNegativeTestingOptionsTest.checkReSavingPurchaseVoucherVATVoucher1ByChangingQuantityTo12In2ndRow]]>
    </line>
    <line>
      <![CDATA[Completed executing following method : BatchNegativeTestingOptionsTest.checkReSavingPurchaseVoucherVATVoucher1ByChangingQuantityTo12In2ndRow]]>
    </line>
    <line>
      <![CDATA[Test Method resides in com.focus.testcases.BatchNegativeTestingOptionsTest]]>
    </line>
    <line>
      <![CDATA[Test Status: Pass]]>
    </line>
    <line>
      <![CDATA[About to begin executing following method : BaseEngine.afterMethodExecution]]>
    </line>
    <line>
      <![CDATA[Completed executing following method : BaseEngine.afterMethodExecution]]>
    </line>
    <line>
      <![CDATA[About to begin executing following method : BaseEngine.beforeMethodExecution]]>
    </line>
    <line>
      <![CDATA[Completed executing following method : BaseEngine.beforeMethodExecution]]>
    </line>
    <line>
      <![CDATA[About to begin executing following method : BatchNegativeTestingOptionsTest.checkReSavingPurchaseVoucherVATVoucher1ByChangingItemToBATCHBRITEMIn1stRow]]>
    </line>
    <line>
      <![CDATA[Completed executing following method : BatchNegativeTestingOptionsTest.checkReSavingPurchaseVoucherVATVoucher1ByChangingItemToBATCHBRITEMIn1stRow]]>
    </line>
    <line>
      <![CDATA[Test Method resides in com.focus.testcases.BatchNegativeTestingOptionsTest]]>
    </line>
    <line>
      <![CDATA[Test Status: Pass]]>
    </line>
    <line>
      <![CDATA[About to begin executing following method : BaseEngine.afterMethodExecution]]>
    </line>
    <line>
      <![CDATA[Completed executing following method : BaseEngine.afterMethodExecution]]>
    </line>
    <line>
      <![CDATA[About to begin executing following method : BaseEngine.beforeMethodExecution]]>
    </line>
    <line>
      <![CDATA[Completed executing following method : BaseEngine.beforeMethodExecution]]>
    </line>
    <line>
      <![CDATA[About to begin executing following method : BatchNegativeTestingOptionsTest.checkReSavingPurchaseVoucherVATVoucher1ByChangingItemToBATCHBRITEMIn2ndRow]]>
    </line>
    <line>
      <![CDATA[Completed executing following method : BatchNegativeTestingOptionsTest.checkReSavingPurchaseVoucherVATVoucher1ByChangingItemToBATCHBRITEMIn2ndRow]]>
    </line>
    <line>
      <![CDATA[Test Method resides in com.focus.testcases.BatchNegativeTestingOptionsTest]]>
    </line>
    <line>
      <![CDATA[Test Status: Pass]]>
    </line>
    <line>
      <![CDATA[About to begin executing following method : BaseEngine.afterMethodExecution]]>
    </line>
    <line>
      <![CDATA[Completed executing following method : BaseEngine.afterMethodExecution]]>
    </line>
    <line>
      <![CDATA[About to begin executing following method : BaseEngine.beforeMethodExecution]]>
    </line>
    <line>
      <![CDATA[Completed executing following method : BaseEngine.beforeMethodExecution]]>
    </line>
    <line>
      <![CDATA[About to begin executing following method : BatchNegativeTestingOptionsTest.checkReSavingPurchaseVoucherVATVoucher1ByDeleting1stRow]]>
    </line>
    <line>
      <![CDATA[Completed executing following method : BatchNegativeTestingOptionsTest.checkReSavingPurchaseVoucherVATVoucher1ByDeleting1stRow]]>
    </line>
    <line>
      <![CDATA[Test Method resides in com.focus.testcases.BatchNegativeTestingOptionsTest]]>
    </line>
    <line>
      <![CDATA[Test Status: Pass]]>
    </line>
    <line>
      <![CDATA[About to begin executing following method : BaseEngine.afterMethodExecution]]>
    </line>
    <line>
      <![CDATA[Completed executing following method : BaseEngine.afterMethodExecution]]>
    </line>
    <line>
      <![CDATA[About to begin executing following method : BaseEngine.beforeMethodExecution]]>
    </line>
    <line>
      <![CDATA[Completed executing following method : BaseEngine.beforeMethodExecution]]>
    </line>
    <line>
      <![CDATA[About to begin executing following method : BatchNegativeTestingOptionsTest.checkReSavingPurchaseVoucherVATVoucher1ByDeleting2ndRow]]>
    </line>
    <line>
      <![CDATA[Completed executing following method : BatchNegativeTestingOptionsTest.checkReSavingPurchaseVoucherVATVoucher1ByDeleting2ndRow]]>
    </line>
    <line>
      <![CDATA[Test Method resides in com.focus.testcases.BatchNegativeTestingOptionsTest]]>
    </line>
    <line>
      <![CDATA[Test Status: Pass]]>
    </line>
    <line>
      <![CDATA[About to begin executing following method : BaseEngine.afterMethodExecution]]>
    </line>
    <line>
      <![CDATA[Completed executing following method : BaseEngine.afterMethodExecution]]>
    </line>
    <line>
      <![CDATA[About to begin executing following method : BaseEngine.beforeMethodExecution]]>
    </line>
    <line>
      <![CDATA[Completed executing following method : BaseEngine.beforeMethodExecution]]>
    </line>
    <line>
      <![CDATA[About to begin executing following method : BatchNegativeTestingOptionsTest.checkReSavingPurchaseVoucherVATVoucher1ByBatchNoIn1stRow]]>
    </line>
    <line>
      <![CDATA[Completed executing following method : BatchNegativeTestingOptionsTest.checkReSavingPurchaseVoucherVATVoucher1ByBatchNoIn1stRow]]>
    </line>
    <line>
      <![CDATA[Test Method resides in com.focus.testcases.BatchNegativeTestingOptionsTest]]>
    </line>
    <line>
      <![CDATA[Test Status: Pass]]>
    </line>
    <line>
      <![CDATA[About to begin executing following method : BaseEngine.afterMethodExecution]]>
    </line>
    <line>
      <![CDATA[Completed executing following method : BaseEngine.afterMethodExecution]]>
    </line>
    <line>
      <![CDATA[About to begin executing following method : BaseEngine.beforeMethodExecution]]>
    </line>
    <line>
      <![CDATA[Completed executing following method : BaseEngine.beforeMethodExecution]]>
    </line>
    <line>
      <![CDATA[About to begin executing following method : BatchNegativeTestingOptionsTest.checkReSavingPurchaseVoucherVATVoucher1ByBatchNoIn2ndRow]]>
    </line>
    <line>
      <![CDATA[Completed executing following method : BatchNegativeTestingOptionsTest.checkReSavingPurchaseVoucherVATVoucher1ByBatchNoIn2ndRow]]>
    </line>
    <line>
      <![CDATA[Test Method resides in com.focus.testcases.BatchNegativeTestingOptionsTest]]>
    </line>
    <line>
      <![CDATA[Test Status: Pass]]>
    </line>
    <line>
      <![CDATA[About to begin executing following method : BaseEngine.afterMethodExecution]]>
    </line>
    <line>
      <![CDATA[Completed executing following method : BaseEngine.afterMethodExecution]]>
    </line>
    <line>
      <![CDATA[About to begin executing following method : BaseEngine.beforeMethodExecution]]>
    </line>
    <line>
      <![CDATA[Completed executing following method : BaseEngine.beforeMethodExecution]]>
    </line>
    <line>
      <![CDATA[About to begin executing following method : BatchNegativeTestingOptionsTest.checkEraseAllTransactionsLogoutAndLoginAfterConsolidateBatchesByBatchNoOption]]>
    </line>
    <line>
      <![CDATA[Completed executing following method : BatchNegativeTestingOptionsTest.checkEraseAllTransactionsLogoutAndLoginAfterConsolidateBatchesByBatchNoOption]]>
    </line>
    <line>
      <![CDATA[Test Method resides in com.focus.testcases.BatchNegativeTestingOptionsTest]]>
    </line>
    <line>
      <![CDATA[Test Status: Pass]]>
    </line>
    <line>
      <![CDATA[About to begin executing following method : BaseEngine.afterMethodExecution]]>
    </line>
    <line>
      <![CDATA[Completed executing following method : BaseEngine.afterMethodExecution]]>
    </line>
    <line>
      <![CDATA[About to begin executing following method : BaseEngine.beforeMethodExecution]]>
    </line>
    <line>
      <![CDATA[Completed executing following method : BaseEngine.beforeMethodExecution]]>
    </line>
    <line>
      <![CDATA[About to begin executing following method : BatchNegativeTestingOptionsTest.checkSavingPurchaseVoucherVATVoucher1WithExpiryDate4DaysMoreThanCurrentDate]]>
    </line>
    <line>
      <![CDATA[Completed executing following method : BatchNegativeTestingOptionsTest.checkSavingPurchaseVoucherVATVoucher1WithExpiryDate4DaysMoreThanCurrentDate]]>
    </line>
    <line>
      <![CDATA[Test Method resides in com.focus.testcases.BatchNegativeTestingOptionsTest]]>
    </line>
    <line>
      <![CDATA[Test Status: Pass]]>
    </line>
    <line>
      <![CDATA[About to begin executing following method : BaseEngine.afterMethodExecution]]>
    </line>
    <line>
      <![CDATA[Completed executing following method : BaseEngine.afterMethodExecution]]>
    </line>
    <line>
      <![CDATA[About to begin executing following method : BaseEngine.beforeMethodExecution]]>
    </line>
    <line>
      <![CDATA[Completed executing following method : BaseEngine.beforeMethodExecution]]>
    </line>
    <line>
      <![CDATA[About to begin executing following method : BatchNegativeTestingOptionsTest.checkSavingSalesInvoiceVATVoucher1ByConsumingPartialQuantity]]>
    </line>
    <line>
      <![CDATA[Completed executing following method : BatchNegativeTestingOptionsTest.checkSavingSalesInvoiceVATVoucher1ByConsumingPartialQuantity]]>
    </line>
    <line>
      <![CDATA[Test Method resides in com.focus.testcases.BatchNegativeTestingOptionsTest]]>
    </line>
    <line>
      <![CDATA[Test Status: Pass]]>
    </line>
    <line>
      <![CDATA[About to begin executing following method : BaseEngine.afterMethodExecution]]>
    </line>
    <line>
      <![CDATA[Completed executing following method : BaseEngine.afterMethodExecution]]>
    </line>
    <line>
      <![CDATA[About to begin executing following method : BaseEngine.beforeMethodExecution]]>
    </line>
    <line>
      <![CDATA[Completed executing following method : BaseEngine.beforeMethodExecution]]>
    </line>
    <line>
      <![CDATA[About to begin executing following method : BatchNegativeTestingOptionsTest.checkReSavingPurchaseVoucherVATVoucher1ByChangingExpiryDate]]>
    </line>
    <line>
      <![CDATA[Completed executing following method : BatchNegativeTestingOptionsTest.checkReSavingPurchaseVoucherVATVoucher1ByChangingExpiryDate]]>
    </line>
    <line>
      <![CDATA[Test Method resides in com.focus.testcases.BatchNegativeTestingOptionsTest]]>
    </line>
    <line>
      <![CDATA[Test Status: Pass]]>
    </line>
    <line>
      <![CDATA[About to begin executing following method : BaseEngine.afterMethodExecution]]>
    </line>
    <line>
      <![CDATA[Completed executing following method : BaseEngine.afterMethodExecution]]>
    </line>
    <line>
      <![CDATA[About to begin executing following method : BaseEngine.beforeMethodExecution]]>
    </line>
    <line>
      <![CDATA[Completed executing following method : BaseEngine.beforeMethodExecution]]>
    </line>
    <line>
      <![CDATA[About to begin executing following method : BatchNegativeTestingOptionsTest.checkReSavingSalesInvoiceVATVoucher1ByConsumingFullQuantity]]>
    </line>
    <line>
      <![CDATA[Completed executing following method : BatchNegativeTestingOptionsTest.checkReSavingSalesInvoiceVATVoucher1ByConsumingFullQuantity]]>
    </line>
    <line>
      <![CDATA[Test Method resides in com.focus.testcases.BatchNegativeTestingOptionsTest]]>
    </line>
    <line>
      <![CDATA[Test Status: Pass]]>
    </line>
    <line>
      <![CDATA[About to begin executing following method : BaseEngine.afterMethodExecution]]>
    </line>
    <line>
      <![CDATA[Completed executing following method : BaseEngine.afterMethodExecution]]>
    </line>
    <line>
      <![CDATA[About to begin executing following method : BaseEngine.beforeMethodExecution]]>
    </line>
    <line>
      <![CDATA[Completed executing following method : BaseEngine.beforeMethodExecution]]>
    </line>
    <line>
      <![CDATA[About to begin executing following method : BatchNegativeTestingOptionsTest.checkReSavingPurchaseVoucherVATVoucher1ByChangingExpiryDateAfterConsumingFullQuantityInSalesInvoice]]>
    </line>
    <line>
      <![CDATA[Completed executing following method : BatchNegativeTestingOptionsTest.checkReSavingPurchaseVoucherVATVoucher1ByChangingExpiryDateAfterConsumingFullQuantityInSalesInvoice]]>
    </line>
    <line>
      <![CDATA[Test Method resides in com.focus.testcases.BatchNegativeTestingOptionsTest]]>
    </line>
    <line>
      <![CDATA[Test Status: Pass]]>
    </line>
    <line>
      <![CDATA[About to begin executing following method : BaseEngine.afterMethodExecution]]>
    </line>
    <line>
      <![CDATA[Completed executing following method : BaseEngine.afterMethodExecution]]>
    </line>
    <line>
      <![CDATA[About to begin executing following method : BaseEngine.beforeMethodExecution]]>
    </line>
    <line>
      <![CDATA[Completed executing following method : BaseEngine.beforeMethodExecution]]>
    </line>
    <line>
      <![CDATA[About to begin executing following method : BatchNegativeTestingOptionsTest.checkEraseAllTransactionsLogoutAndLoginAfterExpiryDatesForBatchOption]]>
    </line>
    <line>
      <![CDATA[Completed executing following method : BatchNegativeTestingOptionsTest.checkEraseAllTransactionsLogoutAndLoginAfterExpiryDatesForBatchOption]]>
    </line>
    <line>
      <![CDATA[Test Method resides in com.focus.testcases.BatchNegativeTestingOptionsTest]]>
    </line>
    <line>
      <![CDATA[Test Status: Pass]]>
    </line>
    <line>
      <![CDATA[About to begin executing following method : BaseEngine.afterMethodExecution]]>
    </line>
    <line>
      <![CDATA[Completed executing following method : BaseEngine.afterMethodExecution]]>
    </line>
    <line>
      <![CDATA[About to begin executing following method : BaseEngine.beforeMethodExecution]]>
    </line>
    <line>
      <![CDATA[Completed executing following method : BaseEngine.beforeMethodExecution]]>
    </line>
    <line>
      <![CDATA[About to begin executing following method : BatchNegativeTestingOptionsTest.checkSavingPurchaseVoucherVATVoucher1ForFiftyNinthScenario]]>
    </line>
    <line>
      <![CDATA[Completed executing following method : BatchNegativeTestingOptionsTest.checkSavingPurchaseVoucherVATVoucher1ForFiftyNinthScenario]]>
    </line>
    <line>
      <![CDATA[Test Method resides in com.focus.testcases.BatchNegativeTestingOptionsTest]]>
    </line>
    <line>
      <![CDATA[Test Status: Pass]]>
    </line>
    <line>
      <![CDATA[About to begin executing following method : BaseEngine.afterMethodExecution]]>
    </line>
    <line>
      <![CDATA[Completed executing following method : BaseEngine.afterMethodExecution]]>
    </line>
    <line>
      <![CDATA[About to begin executing following method : BaseEngine.beforeMethodExecution]]>
    </line>
    <line>
      <![CDATA[Completed executing following method : BaseEngine.beforeMethodExecution]]>
    </line>
    <line>
      <![CDATA[About to begin executing following method : BatchNegativeTestingOptionsTest.checkBatchPopupIsDisplayingWithValuesInSalesInvoiceVATVoucher1AfterSavingPurchaseVoucher1]]>
    </line>
    <line>
      <![CDATA[Completed executing following method : BatchNegativeTestingOptionsTest.checkBatchPopupIsDisplayingWithValuesInSalesInvoiceVATVoucher1AfterSavingPurchaseVoucher1]]>
    </line>
    <line>
      <![CDATA[Test Method resides in com.focus.testcases.BatchNegativeTestingOptionsTest]]>
    </line>
    <line>
      <![CDATA[Test Status: Pass]]>
    </line>
    <line>
      <![CDATA[About to begin executing following method : BaseEngine.afterMethodExecution]]>
    </line>
    <line>
      <![CDATA[Completed executing following method : BaseEngine.afterMethodExecution]]>
    </line>
    <line>
      <![CDATA[About to begin executing following method : BaseEngine.beforeMethodExecution]]>
    </line>
    <line>
      <![CDATA[Completed executing following method : BaseEngine.beforeMethodExecution]]>
    </line>
    <line>
      <![CDATA[About to begin executing following method : BatchNegativeTestingOptionsTest.checkSavingSalesInvoiceVATVoucher1ByConsumingFullQuantityAfterSavingPurchaseVoucher1]]>
    </line>
    <line>
      <![CDATA[Completed executing following method : BatchNegativeTestingOptionsTest.checkSavingSalesInvoiceVATVoucher1ByConsumingFullQuantityAfterSavingPurchaseVoucher1]]>
    </line>
    <line>
      <![CDATA[Test Method resides in com.focus.testcases.BatchNegativeTestingOptionsTest]]>
    </line>
    <line>
      <![CDATA[Test Status: Pass]]>
    </line>
    <line>
      <![CDATA[About to begin executing following method : BaseEngine.afterMethodExecution]]>
    </line>
    <line>
      <![CDATA[Completed executing following method : BaseEngine.afterMethodExecution]]>
    </line>
    <line>
      <![CDATA[About to begin executing following method : BaseEngine.beforeMethodExecution]]>
    </line>
    <line>
      <![CDATA[Completed executing following method : BaseEngine.beforeMethodExecution]]>
    </line>
    <line>
      <![CDATA[About to begin executing following method : BatchNegativeTestingOptionsTest.checkSavingPurchaseReturnsVoucher1AfterConsumingFullQuantityInSalesInvoiceVoucher1]]>
    </line>
    <line>
      <![CDATA[Completed executing following method : BatchNegativeTestingOptionsTest.checkSavingPurchaseReturnsVoucher1AfterConsumingFullQuantityInSalesInvoiceVoucher1]]>
    </line>
    <line>
      <![CDATA[Test Method resides in com.focus.testcases.BatchNegativeTestingOptionsTest]]>
    </line>
    <line>
      <![CDATA[Test Status: Pass]]>
    </line>
    <line>
      <![CDATA[About to begin executing following method : BaseEngine.afterMethodExecution]]>
    </line>
    <line>
      <![CDATA[Completed executing following method : BaseEngine.afterMethodExecution]]>
    </line>
    <line>
      <![CDATA[About to begin executing following method : BaseEngine.beforeMethodExecution]]>
    </line>
    <line>
      <![CDATA[Completed executing following method : BaseEngine.beforeMethodExecution]]>
    </line>
    <line>
      <![CDATA[About to begin executing following method : BatchNegativeTestingOptionsTest.checkSuspendingSalesInvoiceVATVoucher1ForSixtiethScenario]]>
    </line>
    <line>
      <![CDATA[Completed executing following method : BatchNegativeTestingOptionsTest.checkSuspendingSalesInvoiceVATVoucher1ForSixtiethScenario]]>
    </line>
    <line>
      <![CDATA[Test Method resides in com.focus.testcases.BatchNegativeTestingOptionsTest]]>
    </line>
    <line>
      <![CDATA[Test Status: Pass]]>
    </line>
    <line>
      <![CDATA[About to begin executing following method : BaseEngine.afterMethodExecution]]>
    </line>
    <line>
      <![CDATA[Completed executing following method : BaseEngine.afterMethodExecution]]>
    </line>
    <line>
      <![CDATA[About to begin executing following method : BaseEngine.beforeMethodExecution]]>
    </line>
    <line>
      <![CDATA[Completed executing following method : BaseEngine.beforeMethodExecution]]>
    </line>
    <line>
      <![CDATA[About to begin executing following method : BatchNegativeTestingOptionsTest.checkSavingPurchaseReturnsVoucher1AfterSuspendingSalesInvoiceVoucher1]]>
    </line>
    <line>
      <![CDATA[Completed executing following method : BatchNegativeTestingOptionsTest.checkSavingPurchaseReturnsVoucher1AfterSuspendingSalesInvoiceVoucher1]]>
    </line>
    <line>
      <![CDATA[Test Method resides in com.focus.testcases.BatchNegativeTestingOptionsTest]]>
    </line>
    <line>
      <![CDATA[Test Status: Pass]]>
    </line>
    <line>
      <![CDATA[About to begin executing following method : BaseEngine.afterMethodExecution]]>
    </line>
    <line>
      <![CDATA[Completed executing following method : BaseEngine.afterMethodExecution]]>
    </line>
    <line>
      <![CDATA[About to begin executing following method : BaseEngine.beforeMethodExecution]]>
    </line>
    <line>
      <![CDATA[Completed executing following method : BaseEngine.beforeMethodExecution]]>
    </line>
    <line>
      <![CDATA[About to begin executing following method : BatchNegativeTestingOptionsTest.checkReSavingSalesInvoiceVATVoucherAfterConsumingFullQuantityInPurchaseReturnsVoucher1]]>
    </line>
    <line>
      <![CDATA[Completed executing following method : BatchNegativeTestingOptionsTest.checkReSavingSalesInvoiceVATVoucherAfterConsumingFullQuantityInPurchaseReturnsVoucher1]]>
    </line>
    <line>
      <![CDATA[Test Method resides in com.focus.testcases.BatchNegativeTestingOptionsTest]]>
    </line>
    <line>
      <![CDATA[Test Status: Pass]]>
    </line>
    <line>
      <![CDATA[About to begin executing following method : BaseEngine.afterMethodExecution]]>
    </line>
    <line>
      <![CDATA[Completed executing following method : BaseEngine.afterMethodExecution]]>
    </line>
    <line>
      <![CDATA[About to begin executing following method : BaseEngine.beforeMethodExecution]]>
    </line>
    <line>
      <![CDATA[Completed executing following method : BaseEngine.beforeMethodExecution]]>
    </line>
    <line>
      <![CDATA[About to begin executing following method : BatchNegativeTestingOptionsTest.checkSuspendingPurchaseReturnsVoucher1ForSixtiethOneScenario]]>
    </line>
    <line>
      <![CDATA[Completed executing following method : BatchNegativeTestingOptionsTest.checkSuspendingPurchaseReturnsVoucher1ForSixtiethOneScenario]]>
    </line>
    <line>
      <![CDATA[Test Method resides in com.focus.testcases.BatchNegativeTestingOptionsTest]]>
    </line>
    <line>
      <![CDATA[Test Status: Pass]]>
    </line>
    <line>
      <![CDATA[About to begin executing following method : BaseEngine.afterMethodExecution]]>
    </line>
    <line>
      <![CDATA[Completed executing following method : BaseEngine.afterMethodExecution]]>
    </line>
    <line>
      <![CDATA[About to begin executing following method : BaseEngine.beforeMethodExecution]]>
    </line>
    <line>
      <![CDATA[Completed executing following method : BaseEngine.beforeMethodExecution]]>
    </line>
    <line>
      <![CDATA[About to begin executing following method : BatchNegativeTestingOptionsTest.checkSavingPurchaseReturnsVoucher2AfterSuspendingPurchaseReturnsVoucher1]]>
    </line>
    <line>
      <![CDATA[Completed executing following method : BatchNegativeTestingOptionsTest.checkSavingPurchaseReturnsVoucher2AfterSuspendingPurchaseReturnsVoucher1]]>
    </line>
    <line>
      <![CDATA[Test Method resides in com.focus.testcases.BatchNegativeTestingOptionsTest]]>
    </line>
    <line>
      <![CDATA[Test Status: Pass]]>
    </line>
    <line>
      <![CDATA[About to begin executing following method : BaseEngine.afterMethodExecution]]>
    </line>
    <line>
      <![CDATA[Completed executing following method : BaseEngine.afterMethodExecution]]>
    </line>
    <line>
      <![CDATA[About to begin executing following method : BaseEngine.beforeMethodExecution]]>
    </line>
    <line>
      <![CDATA[Completed executing following method : BaseEngine.beforeMethodExecution]]>
    </line>
    <line>
      <![CDATA[About to begin executing following method : BatchNegativeTestingOptionsTest.checkReSavingPurchaseReturnsVoucher1AfterConsumingFullQuantityInPurchaseReturnsVoucher2]]>
    </line>
    <line>
      <![CDATA[Completed executing following method : BatchNegativeTestingOptionsTest.checkReSavingPurchaseReturnsVoucher1AfterConsumingFullQuantityInPurchaseReturnsVoucher2]]>
    </line>
    <line>
      <![CDATA[Test Method resides in com.focus.testcases.BatchNegativeTestingOptionsTest]]>
    </line>
    <line>
      <![CDATA[Test Status: Pass]]>
    </line>
    <line>
      <![CDATA[About to begin executing following method : BaseEngine.afterMethodExecution]]>
    </line>
    <line>
      <![CDATA[Completed executing following method : BaseEngine.afterMethodExecution]]>
    </line>
    <line>
      <![CDATA[About to begin executing following method : BaseEngine.beforeMethodExecution]]>
    </line>
    <line>
      <![CDATA[Completed executing following method : BaseEngine.beforeMethodExecution]]>
    </line>
    <line>
      <![CDATA[About to begin executing following method : BatchNegativeTestingOptionsTest.checkDeletingPurchaseReturnsVoucher1And2]]>
    </line>
    <line>
      <![CDATA[Completed executing following method : BatchNegativeTestingOptionsTest.checkDeletingPurchaseReturnsVoucher1And2]]>
    </line>
    <line>
      <![CDATA[Test Method resides in com.focus.testcases.BatchNegativeTestingOptionsTest]]>
    </line>
    <line>
      <![CDATA[Test Status: Pass]]>
    </line>
    <line>
      <![CDATA[About to begin executing following method : BaseEngine.afterMethodExecution]]>
    </line>
    <line>
      <![CDATA[Completed executing following method : BaseEngine.afterMethodExecution]]>
    </line>
    <line>
      <![CDATA[About to begin executing following method : BaseEngine.beforeMethodExecution]]>
    </line>
    <line>
      <![CDATA[Completed executing following method : BaseEngine.beforeMethodExecution]]>
    </line>
    <line>
      <![CDATA[About to begin executing following method : BatchNegativeTestingOptionsTest.checkDeletingSalesInvoiceVATVoucher1ForSavingWithConsumingPartially]]>
    </line>
    <line>
      <![CDATA[Completed executing following method : BatchNegativeTestingOptionsTest.checkDeletingSalesInvoiceVATVoucher1ForSavingWithConsumingPartially]]>
    </line>
    <line>
      <![CDATA[Test Method resides in com.focus.testcases.BatchNegativeTestingOptionsTest]]>
    </line>
    <line>
      <![CDATA[Test Status: Pass]]>
    </line>
    <line>
      <![CDATA[About to begin executing following method : BaseEngine.afterMethodExecution]]>
    </line>
    <line>
      <![CDATA[Completed executing following method : BaseEngine.afterMethodExecution]]>
    </line>
    <line>
      <![CDATA[About to begin executing following method : BaseEngine.beforeMethodExecution]]>
    </line>
    <line>
      <![CDATA[Completed executing following method : BaseEngine.beforeMethodExecution]]>
    </line>
    <line>
      <![CDATA[About to begin executing following method : BatchNegativeTestingOptionsTest.checkSavingSalesInvoiceVATVoucher1ByConsumingPartialQuantity60]]>
    </line>
    <line>
      <![CDATA[Completed executing following method : BatchNegativeTestingOptionsTest.checkSavingSalesInvoiceVATVoucher1ByConsumingPartialQuantity60]]>
    </line>
    <line>
      <![CDATA[Test Method resides in com.focus.testcases.BatchNegativeTestingOptionsTest]]>
    </line>
    <line>
      <![CDATA[Test Status: Pass]]>
    </line>
    <line>
      <![CDATA[About to begin executing following method : BaseEngine.afterMethodExecution]]>
    </line>
    <line>
      <![CDATA[Completed executing following method : BaseEngine.afterMethodExecution]]>
    </line>
    <line>
      <![CDATA[About to begin executing following method : BaseEngine.beforeMethodExecution]]>
    </line>
    <line>
      <![CDATA[Completed executing following method : BaseEngine.beforeMethodExecution]]>
    </line>
    <line>
      <![CDATA[About to begin executing following method : BatchNegativeTestingOptionsTest.checkSavingPurchaseReturnsVoucher1AfterPartiallyConsumingQuantityInSalesInvoiceVoucher1]]>
    </line>
    <line>
      <![CDATA[Completed executing following method : BatchNegativeTestingOptionsTest.checkSavingPurchaseReturnsVoucher1AfterPartiallyConsumingQuantityInSalesInvoiceVoucher1]]>
    </line>
    <line>
      <![CDATA[Test Method resides in com.focus.testcases.BatchNegativeTestingOptionsTest]]>
    </line>
    <line>
      <![CDATA[Test Status: Pass]]>
    </line>
    <line>
      <![CDATA[About to begin executing following method : BaseEngine.afterMethodExecution]]>
    </line>
    <line>
      <![CDATA[Completed executing following method : BaseEngine.afterMethodExecution]]>
    </line>
    <line>
      <![CDATA[About to begin executing following method : BaseEngine.beforeMethodExecution]]>
    </line>
    <line>
      <![CDATA[Completed executing following method : BaseEngine.beforeMethodExecution]]>
    </line>
    <line>
      <![CDATA[About to begin executing following method : BatchNegativeTestingOptionsTest.checkAddingLinkFromPurchaseVoucherVATToSalesInvoiceN]]>
    </line>
    <line>
      <![CDATA[Completed executing following method : BatchNegativeTestingOptionsTest.checkAddingLinkFromPurchaseVoucherVATToSalesInvoiceN]]>
    </line>
    <line>
      <![CDATA[Test Method resides in com.focus.testcases.BatchNegativeTestingOptionsTest]]>
    </line>
    <line>
      <![CDATA[Test Status: Pass]]>
    </line>
    <line>
      <![CDATA[About to begin executing following method : BaseEngine.afterMethodExecution]]>
    </line>
    <line>
      <![CDATA[Completed executing following method : BaseEngine.afterMethodExecution]]>
    </line>
    <line>
      <![CDATA[About to begin executing following method : BaseEngine.beforeMethodExecution]]>
    </line>
    <line>
      <![CDATA[Completed executing following method : BaseEngine.beforeMethodExecution]]>
    </line>
    <line>
      <![CDATA[About to begin executing following method : BatchNegativeTestingOptionsTest.checkDeletingSalesInvoiceVATVoucher1AfterAddingSalesInvoiceNInDesignWorkFlow]]>
    </line>
    <line>
      <![CDATA[Completed executing following method : BatchNegativeTestingOptionsTest.checkDeletingSalesInvoiceVATVoucher1AfterAddingSalesInvoiceNInDesignWorkFlow]]>
    </line>
    <line>
      <![CDATA[Test Method resides in com.focus.testcases.BatchNegativeTestingOptionsTest]]>
    </line>
    <line>
      <![CDATA[Test Status: Pass]]>
    </line>
    <line>
      <![CDATA[About to begin executing following method : BaseEngine.afterMethodExecution]]>
    </line>
    <line>
      <![CDATA[Completed executing following method : BaseEngine.afterMethodExecution]]>
    </line>
    <line>
      <![CDATA[About to begin executing following method : BaseEngine.beforeMethodExecution]]>
    </line>
    <line>
      <![CDATA[Completed executing following method : BaseEngine.beforeMethodExecution]]>
    </line>
    <line>
      <![CDATA[About to begin executing following method : BatchNegativeTestingOptionsTest.checkSavingPurchaseVoucherVATVoucher1AfterAddingLinkFromPurchasesVoucherVATToSalesInvoiceN]]>
    </line>
    <line>
      <![CDATA[Completed executing following method : BatchNegativeTestingOptionsTest.checkSavingPurchaseVoucherVATVoucher1AfterAddingLinkFromPurchasesVoucherVATToSalesInvoiceN]]>
    </line>
    <line>
      <![CDATA[Test Method resides in com.focus.testcases.BatchNegativeTestingOptionsTest]]>
    </line>
    <line>
      <![CDATA[Test Status: Pass]]>
    </line>
    <line>
      <![CDATA[About to begin executing following method : BaseEngine.afterMethodExecution]]>
    </line>
    <line>
      <![CDATA[Completed executing following method : BaseEngine.afterMethodExecution]]>
    </line>
    <line>
      <![CDATA[About to begin executing following method : BaseEngine.beforeMethodExecution]]>
    </line>
    <line>
      <![CDATA[Completed executing following method : BaseEngine.beforeMethodExecution]]>
    </line>
    <line>
      <![CDATA[About to begin executing following method : BatchNegativeTestingOptionsTest.checkSavingPurchaseReturnsVoucher1ByConsumingPartialQuantity]]>
    </line>
    <line>
      <![CDATA[Completed executing following method : BatchNegativeTestingOptionsTest.checkSavingPurchaseReturnsVoucher1ByConsumingPartialQuantity]]>
    </line>
    <line>
      <![CDATA[Test Method resides in com.focus.testcases.BatchNegativeTestingOptionsTest]]>
    </line>
    <line>
      <![CDATA[Test Status: Pass]]>
    </line>
    <line>
      <![CDATA[About to begin executing following method : BaseEngine.afterMethodExecution]]>
    </line>
    <line>
      <![CDATA[Completed executing following method : BaseEngine.afterMethodExecution]]>
    </line>
    <line>
      <![CDATA[About to begin executing following method : BaseEngine.beforeMethodExecution]]>
    </line>
    <line>
      <![CDATA[Completed executing following method : BaseEngine.beforeMethodExecution]]>
    </line>
    <line>
      <![CDATA[About to begin executing following method : BatchNegativeTestingOptionsTest.checkSavingSalesInvoiceNVoucher1ByLoadingFromWorkflow]]>
    </line>
    <line>
      <![CDATA[Completed executing following method : BatchNegativeTestingOptionsTest.checkSavingSalesInvoiceNVoucher1ByLoadingFromWorkflow]]>
    </line>
    <line>
      <![CDATA[Test Method resides in com.focus.testcases.BatchNegativeTestingOptionsTest]]>
    </line>
    <line>
      <![CDATA[Test Status: Pass]]>
    </line>
    <line>
      <![CDATA[About to begin executing following method : BaseEngine.afterMethodExecution]]>
    </line>
    <line>
      <![CDATA[Completed executing following method : BaseEngine.afterMethodExecution]]>
    </line>
    <line>
      <![CDATA[About to begin executing following method : BaseEngine.beforeMethodExecution]]>
    </line>
    <line>
      <![CDATA[Completed executing following method : BaseEngine.beforeMethodExecution]]>
    </line>
    <line>
      <![CDATA[About to begin executing following method : BatchNegativeTestingOptionsTest.checkDeletingSalesInvoiceNVoucher1ForSixtyFourthScenario]]>
    </line>
    <line>
      <![CDATA[Completed executing following method : BatchNegativeTestingOptionsTest.checkDeletingSalesInvoiceNVoucher1ForSixtyFourthScenario]]>
    </line>
    <line>
      <![CDATA[Test Method resides in com.focus.testcases.BatchNegativeTestingOptionsTest]]>
    </line>
    <line>
      <![CDATA[Test Status: Pass]]>
    </line>
    <line>
      <![CDATA[About to begin executing following method : BaseEngine.afterMethodExecution]]>
    </line>
    <line>
      <![CDATA[Completed executing following method : BaseEngine.afterMethodExecution]]>
    </line>
    <line>
      <![CDATA[About to begin executing following method : BaseEngine.beforeMethodExecution]]>
    </line>
    <line>
      <![CDATA[Completed executing following method : BaseEngine.beforeMethodExecution]]>
    </line>
    <line>
      <![CDATA[About to begin executing following method : BatchNegativeTestingOptionsTest.checkSuspendingPurchaseReturnsVoucher1AfterDeletingSalesInvoiceNVoucher1]]>
    </line>
    <line>
      <![CDATA[Completed executing following method : BatchNegativeTestingOptionsTest.checkSuspendingPurchaseReturnsVoucher1AfterDeletingSalesInvoiceNVoucher1]]>
    </line>
    <line>
      <![CDATA[Test Method resides in com.focus.testcases.BatchNegativeTestingOptionsTest]]>
    </line>
    <line>
      <![CDATA[Test Status: Pass]]>
    </line>
    <line>
      <![CDATA[About to begin executing following method : BaseEngine.afterMethodExecution]]>
    </line>
    <line>
      <![CDATA[Completed executing following method : BaseEngine.afterMethodExecution]]>
    </line>
    <line>
      <![CDATA[About to begin executing following method : BaseEngine.beforeMethodExecution]]>
    </line>
    <line>
      <![CDATA[Completed executing following method : BaseEngine.beforeMethodExecution]]>
    </line>
    <line>
      <![CDATA[About to begin executing following method : BatchNegativeTestingOptionsTest.checkSavingSalesInvoiceNVoucher1ByLoadingFromWorkflowByConsumingFullQuantity]]>
    </line>
    <line>
      <![CDATA[Completed executing following method : BatchNegativeTestingOptionsTest.checkSavingSalesInvoiceNVoucher1ByLoadingFromWorkflowByConsumingFullQuantity]]>
    </line>
    <line>
      <![CDATA[Test Method resides in com.focus.testcases.BatchNegativeTestingOptionsTest]]>
    </line>
    <line>
      <![CDATA[Test Status: Pass]]>
    </line>
    <line>
      <![CDATA[About to begin executing following method : BaseEngine.afterMethodExecution]]>
    </line>
    <line>
      <![CDATA[Completed executing following method : BaseEngine.afterMethodExecution]]>
    </line>
    <line>
      <![CDATA[About to begin executing following method : BaseEngine.beforeMethodExecution]]>
    </line>
    <line>
      <![CDATA[Completed executing following method : BaseEngine.beforeMethodExecution]]>
    </line>
    <line>
      <![CDATA[About to begin executing following method : BatchNegativeTestingOptionsTest.checkResavingPurchaseReturnsVoucher1AfterConsumingFullQuantityInSalesInvoiceN]]>
    </line>
    <line>
      <![CDATA[Completed executing following method : BatchNegativeTestingOptionsTest.checkResavingPurchaseReturnsVoucher1AfterConsumingFullQuantityInSalesInvoiceN]]>
    </line>
    <line>
      <![CDATA[Test Method resides in com.focus.testcases.BatchNegativeTestingOptionsTest]]>
    </line>
    <line>
      <![CDATA[Test Status: Pass]]>
    </line>
    <line>
      <![CDATA[About to begin executing following method : BaseEngine.afterMethodExecution]]>
    </line>
    <line>
      <![CDATA[Completed executing following method : BaseEngine.afterMethodExecution]]>
    </line>
    <line>
      <![CDATA[About to begin executing following method : BaseEngine.beforeMethodExecution]]>
    </line>
    <line>
      <![CDATA[Completed executing following method : BaseEngine.beforeMethodExecution]]>
    </line>
    <line>
      <![CDATA[About to begin executing following method : BatchNegativeTestingOptionsTest.checkEraseAllTransactionsLogoutAndLoginForSixtyFifthScenario]]>
    </line>
    <line>
      <![CDATA[Completed executing following method : BatchNegativeTestingOptionsTest.checkEraseAllTransactionsLogoutAndLoginForSixtyFifthScenario]]>
    </line>
    <line>
      <![CDATA[Test Method resides in com.focus.testcases.BatchNegativeTestingOptionsTest]]>
    </line>
    <line>
      <![CDATA[Test Status: Pass]]>
    </line>
    <line>
      <![CDATA[About to begin executing following method : BaseEngine.afterMethodExecution]]>
    </line>
    <line>
      <![CDATA[Completed executing following method : BaseEngine.afterMethodExecution]]>
    </line>
    <line>
      <![CDATA[About to begin executing following method : BaseEngine.beforeMethodExecution]]>
    </line>
    <line>
      <![CDATA[Completed executing following method : BaseEngine.beforeMethodExecution]]>
    </line>
    <line>
      <![CDATA[About to begin executing following method : BatchNegativeTestingOptionsTest.checkSavingPurchaseVoucherVATVoucher1ForSixtyFifthScenario]]>
    </line>
    <line>
      <![CDATA[Completed executing following method : BatchNegativeTestingOptionsTest.checkSavingPurchaseVoucherVATVoucher1ForSixtyFifthScenario]]>
    </line>
    <line>
      <![CDATA[Test Method resides in com.focus.testcases.BatchNegativeTestingOptionsTest]]>
    </line>
    <line>
      <![CDATA[Test Status: Pass]]>
    </line>
    <line>
      <![CDATA[About to begin executing following method : BaseEngine.afterMethodExecution]]>
    </line>
    <line>
      <![CDATA[Completed executing following method : BaseEngine.afterMethodExecution]]>
    </line>
    <line>
      <![CDATA[About to begin executing following method : BaseEngine.beforeMethodExecution]]>
    </line>
    <line>
      <![CDATA[Completed executing following method : BaseEngine.beforeMethodExecution]]>
    </line>
    <line>
      <![CDATA[About to begin executing following method : BatchNegativeTestingOptionsTest.checkBatchPopupValuesInDeliveryNoteVoucher1AfterSavingPurchaseVoucherVAT1]]>
    </line>
    <line>
      <![CDATA[Completed executing following method : BatchNegativeTestingOptionsTest.checkBatchPopupValuesInDeliveryNoteVoucher1AfterSavingPurchaseVoucherVAT1]]>
    </line>
    <line>
      <![CDATA[Test Method resides in com.focus.testcases.BatchNegativeTestingOptionsTest]]>
    </line>
    <line>
      <![CDATA[Test Status: Pass]]>
    </line>
    <line>
      <![CDATA[About to begin executing following method : BaseEngine.afterMethodExecution]]>
    </line>
    <line>
      <![CDATA[Completed executing following method : BaseEngine.afterMethodExecution]]>
    </line>
    <line>
      <![CDATA[About to begin executing following method : BaseEngine.beforeMethodExecution]]>
    </line>
    <line>
      <![CDATA[Completed executing following method : BaseEngine.beforeMethodExecution]]>
    </line>
    <line>
      <![CDATA[About to begin executing following method : BatchNegativeTestingOptionsTest.checkSavingDeliveryNoteVoucher1AfterSavingPurchaseVoucherVAT1]]>
    </line>
    <line>
      <![CDATA[Completed executing following method : BatchNegativeTestingOptionsTest.checkSavingDeliveryNoteVoucher1AfterSavingPurchaseVoucherVAT1]]>
    </line>
    <line>
      <![CDATA[Test Method resides in com.focus.testcases.BatchNegativeTestingOptionsTest]]>
    </line>
    <line>
      <![CDATA[Test Status: Pass]]>
    </line>
    <line>
      <![CDATA[About to begin executing following method : BaseEngine.afterMethodExecution]]>
    </line>
    <line>
      <![CDATA[Completed executing following method : BaseEngine.afterMethodExecution]]>
    </line>
    <line>
      <![CDATA[About to begin executing following method : BaseEngine.beforeMethodExecution]]>
    </line>
    <line>
      <![CDATA[Completed executing following method : BaseEngine.beforeMethodExecution]]>
    </line>
    <line>
      <![CDATA[About to begin executing following method : BatchNegativeTestingOptionsTest.checkSuspendingDeliveryNotesVoucher1FromEntryPage]]>
    </line>
    <line>
      <![CDATA[Completed executing following method : BatchNegativeTestingOptionsTest.checkSuspendingDeliveryNotesVoucher1FromEntryPage]]>
    </line>
    <line>
      <![CDATA[Test Method resides in com.focus.testcases.BatchNegativeTestingOptionsTest]]>
    </line>
    <line>
      <![CDATA[Test Status: Pass]]>
    </line>
    <line>
      <![CDATA[About to begin executing following method : BaseEngine.afterMethodExecution]]>
    </line>
    <line>
      <![CDATA[Completed executing following method : BaseEngine.afterMethodExecution]]>
    </line>
    <line>
      <![CDATA[About to begin executing following method : BaseEngine.beforeMethodExecution]]>
    </line>
    <line>
      <![CDATA[Completed executing following method : BaseEngine.beforeMethodExecution]]>
    </line>
    <line>
      <![CDATA[About to begin executing following method : BatchNegativeTestingOptionsTest.checkSavingPurchaseReturnsVoucher1ByConsumingPartialQuantityAfterSuspendingDeliveryNotesVoucher1]]>
    </line>
    <line>
      <![CDATA[Completed executing following method : BatchNegativeTestingOptionsTest.checkSavingPurchaseReturnsVoucher1ByConsumingPartialQuantityAfterSuspendingDeliveryNotesVoucher1]]>
    </line>
    <line>
      <![CDATA[Test Method resides in com.focus.testcases.BatchNegativeTestingOptionsTest]]>
    </line>
    <line>
      <![CDATA[Test Status: Pass]]>
    </line>
    <line>
      <![CDATA[About to begin executing following method : BaseEngine.afterMethodExecution]]>
    </line>
    <line>
      <![CDATA[Completed executing following method : BaseEngine.afterMethodExecution]]>
    </line>
    <line>
      <![CDATA[About to begin executing following method : BaseEngine.beforeMethodExecution]]>
    </line>
    <line>
      <![CDATA[Completed executing following method : BaseEngine.beforeMethodExecution]]>
    </line>
    <line>
      <![CDATA[About to begin executing following method : BatchNegativeTestingOptionsTest.checkSavingSalesInvoiceNVoucher1ByLoadingFromWorkflowAfterSavingPurchaseReturns]]>
    </line>
    <line>
      <![CDATA[Completed executing following method : BatchNegativeTestingOptionsTest.checkSavingSalesInvoiceNVoucher1ByLoadingFromWorkflowAfterSavingPurchaseReturns]]>
    </line>
    <line>
      <![CDATA[Test Method resides in com.focus.testcases.BatchNegativeTestingOptionsTest]]>
    </line>
    <line>
      <![CDATA[Test Status: Pass]]>
    </line>
    <line>
      <![CDATA[About to begin executing following method : BaseEngine.afterMethodExecution]]>
    </line>
    <line>
      <![CDATA[Completed executing following method : BaseEngine.afterMethodExecution]]>
    </line>
    <line>
      <![CDATA[About to begin executing following method : BaseEngine.beforeMethodExecution]]>
    </line>
    <line>
      <![CDATA[Completed executing following method : BaseEngine.beforeMethodExecution]]>
    </line>
    <line>
      <![CDATA[About to begin executing following method : BatchNegativeTestingOptionsTest.checkResavingDeliveryNotesVoucher1AfterConsumingFullQuantityInSalesInvoiceN]]>
    </line>
    <line>
[...]
              </value>
            </param>
          </params>
          <reporter-output>
            <line>
              <![CDATA[Completed executing following method : BaseEngine.afterMethodExecution]]>
            </line>
          </reporter-output>
        </test-method> <!-- afterMethodExecution -->
      </class> <!-- com.focus.testcases.BatchNegativeTestingOptionsTest -->
      <class name="com.focus.testcases.LoginPageTest">
        <test-method status="PASS" signature="beforeMethodExecution(java.lang.reflect.Method)[pri:0, instance:com.focus.testcases.LoginPageTest@47ef968d]" name="beforeMethodExecution" is-config="true" duration-ms="0" started-at="2023-01-02T11:33:16Z" finished-at="2023-01-02T11:33:16Z">
          <params>
            <param index="0">
              <value>
                <![CDATA[public void com.focus.testcases.LoginPageTest.checkLoginPageAvailablityOfFields() throws org.apache.poi.EncryptedDocumentException,org.apache.poi.openxml4j.exceptions.InvalidFormatException,java.io.IOException,java.lang.InterruptedException]]>
              </value>
            </param>
          </params>
          <reporter-output>
            <line>
              <![CDATA[Completed executing following method : BaseEngine.beforeMethodExecution]]>
            </line>
          </reporter-output>
        </test-method> <!-- beforeMethodExecution -->
        <test-method status="PASS" signature="checkLoginPageAvailablityOfFields()[pri:3, instance:com.focus.testcases.LoginPageTest@47ef968d]" name="checkLoginPageAvailablityOfFields" duration-ms="1182" started-at="2023-01-02T11:33:16Z" finished-at="2023-01-02T11:33:17Z">
          <reporter-output>
            <line>
              <![CDATA[Completed executing following method : LoginPageTest.checkLoginPageAvailablityOfFields]]>
            </line>
            <line>
              <![CDATA[Test Method resides in com.focus.testcases.LoginPageTest]]>
            </line>
            <line>
              <![CDATA[Test Status: Pass]]>
            </line>
            <line>
              <![CDATA[About to begin executing following method : BaseEngine.afterMethodExecution]]>
            </line>
          </reporter-output>
        </test-method> <!-- checkLoginPageAvailablityOfFields -->
        <test-method status="PASS" signature="afterMethodExecution(org.testng.ITestResult)[pri:0, instance:com.focus.testcases.LoginPageTest@47ef968d]" name="afterMethodExecution" is-config="true" duration-ms="0" started-at="2023-01-02T11:33:17Z" finished-at="2023-01-02T11:33:17Z">
          <params>
            <param index="0">
              <value>
                <![CDATA[[TestResult name=checkLoginPageAvailablityOfFields status=SUCCESS method=LoginPageTest.checkLoginPageAvailablityOfFields()[pri:3, instance:com.focus.testcases.LoginPageTest@47ef968d] output=Completed executing following method : LoginPageTest.checkLoginPageAvailablityOfFields]]]>
              </value>
            </param>
          </params>
          <reporter-output>
            <line>
              <![CDATA[Completed executing following method : BaseEngine.afterMethodExecution]]>
            </line>
          </reporter-output>
        </test-method> <!-- afterMethodExecution -->
        <test-method status="PASS" signature="checkCompanyTextDisplayInCompanyListDropdown()[pri:4, instance:com.focus.testcases.LoginPageTest@47ef968d]" name="checkCompanyTextDisplayInCompanyListDropdown" duration-ms="270" started-at="2023-01-02T11:33:17Z" finished-at="2023-01-02T11:33:17Z">
          <reporter-output>
            <line>
              <![CDATA[Completed executing following method : LoginPageTest.checkCompanyTextDisplayInCompanyListDropdown]]>
            </line>
            <line>
              <![CDATA[Test Method resides in com.focus.testcases.LoginPageTest]]>
            </line>
            <line>
              <![CDATA[Test Status: Pass]]>
            </line>
            <line>
              <![CDATA[About to begin executing following method : BaseEngine.afterMethodExecution]]>
            </line>
          </reporter-output>
        </test-method> <!-- checkCompanyTextDisplayInCompanyListDropdown -->
        <test-method status="PASS" signature="beforeMethodExecution(java.lang.reflect.Method)[pri:0, instance:com.focus.testcases.LoginPageTest@47ef968d]" name="beforeMethodExecution" is-config="true" duration-ms="0" started-at="2023-01-02T11:33:17Z" finished-at="2023-01-02T11:33:17Z">
          <params>
            <param index="0">
              <value>
                <![CDATA[public void com.focus.testcases.LoginPageTest.checkCompanyTextDisplayInCompanyListDropdown() throws org.apache.poi.EncryptedDocumentException,org.apache.poi.openxml4j.exceptions.InvalidFormatException,java.io.IOException,java.lang.InterruptedException]]>
              </value>
            </param>
          </params>
          <reporter-output>
            <line>
              <![CDATA[Completed executing following method : BaseEngine.beforeMethodExecution]]>
            </line>
          </reporter-output>
        </test-method> <!-- beforeMethodExecution -->
        <test-method status="PASS" signature="afterMethodExecution(org.testng.ITestResult)[pri:0, instance:com.focus.testcases.LoginPageTest@47ef968d]" name="afterMethodExecution" is-config="true" duration-ms="1" started-at="2023-01-02T11:33:17Z" finished-at="2023-01-02T11:33:17Z">
          <params>
            <param index="0">
              <value>
                <![CDATA[[TestResult name=checkCompanyTextDisplayInCompanyListDropdown status=SUCCESS method=LoginPageTest.checkCompanyTextDisplayInCompanyListDropdown()[pri:4, instance:com.focus.testcases.LoginPageTest@47ef968d] output=Completed executing following method : LoginPageTest.checkCompanyTextDisplayInCompanyListDropdown]]]>
              </value>
            </param>
          </params>
          <reporter-output>
            <line>
              <![CDATA[Completed executing following method : BaseEngine.afterMethodExecution]]>
            </line>
          </reporter-output>
        </test-method> <!-- afterMethodExecution -->
        <test-method status="PASS" signature="checkSignInBtnWithValidUserNameAndValidPassword()[pri:5, instance:com.focus.testcases.LoginPageTest@47ef968d]" name="checkSignInBtnWithValidUserNameAndValidPassword" duration-ms="25120" started-at="2023-01-02T11:33:17Z" finished-at="2023-01-02T11:33:42Z">
          <reporter-output>
            <line>
              <![CDATA[Completed executing following method : LoginPageTest.checkSignInBtnWithValidUserNameAndValidPassword]]>
            </line>
            <line>
              <![CDATA[Test Method resides in com.focus.testcases.LoginPageTest]]>
            </line>
            <line>
              <![CDATA[Test Status: Pass]]>
            </line>
            <line>
              <![CDATA[About to begin executing following method : BaseEngine.afterMethodExecution]]>
            </line>
          </reporter-output>
        </test-method> <!-- checkSignInBtnWithValidUserNameAndValidPassword -->
        <test-method status="PASS" signature="beforeMethodExecution(java.lang.reflect.Method)[pri:0, instance:com.focus.testcases.LoginPageTest@47ef968d]" name="beforeMethodExecution" is-config="true" duration-ms="0" started-at="2023-01-02T11:33:17Z" finished-at="2023-01-02T11:33:17Z">
          <params>
            <param index="0">
              <value>
                <![CDATA[public void com.focus.testcases.LoginPageTest.checkSignInBtnWithValidUserNameAndValidPassword() throws org.apache.poi.EncryptedDocumentException,org.apache.poi.openxml4j.exceptions.InvalidFormatException,java.io.IOException,java.lang.InterruptedException]]>
              </value>
            </param>
          </params>
          <reporter-output>
            <line>
              <![CDATA[Completed executing following method : BaseEngine.beforeMethodExecution]]>
            </line>
          </reporter-output>
        </test-method> <!-- beforeMethodExecution -->
        <test-method status="PASS" signature="afterMethodExecution(org.testng.ITestResult)[pri:0, instance:com.focus.testcases.LoginPageTest@47ef968d]" name="afterMethodExecution" is-config="true" duration-ms="0" started-at="2023-01-02T11:33:42Z" finished-at="2023-01-02T11:33:42Z">
          <params>
            <param index="0">
              <value>
                <![CDATA[[TestResult name=checkSignInBtnWithValidUserNameAndValidPassword status=SUCCESS method=LoginPageTest.checkSignInBtnWithValidUserNameAndValidPassword()[pri:5, instance:com.focus.testcases.LoginPageTest@47ef968d] output=Completed executing following method : LoginPageTest.checkSignInBtnWithValidUserNameAndValidPassword]]]>
              </value>
            </param>
          </params>
          <reporter-output>
            <line>
              <![CDATA[Completed executing following method : BaseEngine.afterMethodExecution]]>
            </line>
          </reporter-output>
        </test-method> <!-- afterMethodExecution -->
        <test-method status="PASS" signature="beforeMethodExecution(java.lang.reflect.Method)[pri:0, instance:com.focus.testcases.LoginPageTest@47ef968d]" name="beforeMethodExecution" is-config="true" duration-ms="1" started-at="2023-01-02T11:33:42Z" finished-at="2023-01-02T11:33:42Z">
          <params>
            <param index="0">
              <value>
                <![CDATA[public void com.focus.testcases.LoginPageTest.checkUserNameInfoInHomePage() throws org.apache.poi.EncryptedDocumentException,org.apache.poi.openxml4j.exceptions.InvalidFormatException,java.io.IOException,java.lang.InterruptedException]]>
              </value>
            </param>
          </params>
          <reporter-output>
            <line>
              <![CDATA[Completed executing following method : BaseEngine.beforeMethodExecution]]>
            </line>
          </reporter-output>
        </test-method> <!-- beforeMethodExecution -->
        <test-method status="PASS" signature="checkUserNameInfoInHomePage()[pri:6, instance:com.focus.testcases.LoginPageTest@47ef968d]" name="checkUserNameInfoInHomePage" duration-ms="507" started-at="2023-01-02T11:33:42Z" finished-at="2023-01-02T11:33:43Z">
          <reporter-output>
            <line>
              <![CDATA[Completed executing following method : LoginPageTest.checkUserNameInfoInHomePage]]>
            </line>
            <line>
              <![CDATA[Test Method resides in com.focus.testcases.LoginPageTest]]>
            </line>
            <line>
              <![CDATA[Test Status: Pass]]>
            </line>
            <line>
              <![CDATA[About to begin executing following method : BaseEngine.afterMethodExecution]]>
            </line>
          </reporter-output>
        </test-method> <!-- checkUserNameInfoInHomePage -->
        <test-method status="PASS" signature="afterMethodExecution(org.testng.ITestResult)[pri:0, instance:com.focus.testcases.LoginPageTest@47ef968d]" name="afterMethodExecution" is-config="true" duration-ms="1" started-at="2023-01-02T11:33:43Z" finished-at="2023-01-02T11:33:43Z">
          <params>
            <param index="0">
              <value>
                <![CDATA[[TestResult name=checkUserNameInfoInHomePage status=SUCCESS method=LoginPageTest.checkUserNameInfoInHomePage()[pri:6, instance:com.focus.testcases.LoginPageTest@47ef968d] output=Completed executing following method : LoginPageTest.checkUserNameInfoInHomePage]]]>
              </value>
            </param>
          </params>
          <reporter-output>
            <line>
              <![CDATA[Completed executing following method : BaseEngine.afterMethodExecution]]>
            </line>
          </reporter-output>
        </test-method> <!-- afterMethodExecution -->
      </class> <!-- com.focus.testcases.LoginPageTest -->
      <class name="com.focus.testcases.URLBrowserTest">
        <test-method status="PASS" signature="openBrowser(java.lang.String)[pri:0, instance:com.focus.testcases.URLBrowserTest@5bc79255]" name="openBrowser" is-config="true" duration-ms="3922" started-at="2023-01-02T11:32:56Z" finished-at="2023-01-02T11:33:00Z">
          <params>
            <param index="0">
              <value>
                <![CDATA[chrome]]>
              </value>
            </param>
          </params>
          <reporter-output>
            <line>
              <![CDATA[Completed executing following method : BaseEngine.openBrowser]]>
            </line>
          </reporter-output>
        </test-method> <!-- openBrowser -->
        <test-method status="PASS" signature="intialiseReports()[pri:0, instance:com.focus.testcases.URLBrowserTest@5bc79255]" name="intialiseReports" is-config="true" duration-ms="248" started-at="2023-01-02T11:33:00Z" finished-at="2023-01-02T11:33:00Z">
          <reporter-output>
            <line>
              <![CDATA[Completed executing following method : BaseEngine.intialiseReports]]>
            </line>
          </reporter-output>
        </test-method> <!-- intialiseReports -->
        <test-method status="PASS" signature="beforeMethodExecution(java.lang.reflect.Method)[pri:0, instance:com.focus.testcases.URLBrowserTest@5bc79255]" name="beforeMethodExecution" is-config="true" duration-ms="4" started-at="2023-01-02T11:33:00Z" finished-at="2023-01-02T11:33:00Z">
          <params>
            <param index="0">
              <value>
                <![CDATA[public void com.focus.testcases.URLBrowserTest.verifyBrowserOpen() throws org.apache.poi.EncryptedDocumentException,org.apache.poi.openxml4j.exceptions.InvalidFormatException,java.io.IOException,java.lang.InterruptedException]]>
              </value>
            </param>
          </params>
          <reporter-output>
            <line>
              <![CDATA[Completed executing following method : BaseEngine.beforeMethodExecution]]>
            </line>
          </reporter-output>
        </test-method> <!-- beforeMethodExecution -->
        <test-method status="PASS" signature="verifyBrowserOpen()[pri:1, instance:com.focus.testcases.URLBrowserTest@5bc79255]" name="verifyBrowserOpen" duration-ms="9929" started-at="2023-01-02T11:33:00Z" finished-at="2023-01-02T11:33:10Z">
          <reporter-output>
            <line>
              <![CDATA[Completed executing following method : URLBrowserTest.verifyBrowserOpen]]>
            </line>
            <line>
              <![CDATA[Test Method resides in com.focus.testcases.URLBrowserTest]]>
            </line>
            <line>
              <![CDATA[Test Status: Pass]]>
            </line>
            <line>
              <![CDATA[About to begin executing following method : BaseEngine.afterMethodExecution]]>
            </line>
          </reporter-output>
        </test-method> <!-- verifyBrowserOpen -->
        <test-method status="PASS" signature="afterMethodExecution(org.testng.ITestResult)[pri:0, instance:com.focus.testcases.URLBrowserTest@5bc79255]" name="afterMethodExecution" is-config="true" duration-ms="1" started-at="2023-01-02T11:33:10Z" finished-at="2023-01-02T11:33:10Z">
          <params>
            <param index="0">
              <value>
                <![CDATA[[TestResult name=verifyBrowserOpen status=SUCCESS method=URLBrowserTest.verifyBrowserOpen()[pri:1, instance:com.focus.testcases.URLBrowserTest@5bc79255] output=Completed executing following method : URLBrowserTest.verifyBrowserOpen]]]>
              </value>
            </param>
          </params>
          <reporter-output>
            <line>
              <![CDATA[Completed executing following method : BaseEngine.afterMethodExecution]]>
            </line>
          </reporter-output>
        </test-method> <!-- afterMethodExecution -->
        <test-method status="PASS" signature="beforeMethodExecution(java.lang.reflect.Method)[pri:0, instance:com.focus.testcases.URLBrowserTest@5bc79255]" name="beforeMethodExecution" is-config="true" duration-ms="1" started-at="2023-01-02T11:33:10Z" finished-at="2023-01-02T11:33:10Z">
          <params>
            <param index="0">
              <value>
                <![CDATA[public void com.focus.testcases.URLBrowserTest.checkLoginPageTitleByURLInputInBrowser() throws org.apache.poi.EncryptedDocumentException,org.apache.poi.openxml4j.exceptions.InvalidFormatException,java.io.IOException,java.lang.InterruptedException]]>
              </value>
            </param>
          </params>
          <reporter-output>
            <line>
              <![CDATA[Completed executing following method : BaseEngine.beforeMethodExecution]]>
            </line>
          </reporter-output>
        </test-method> <!-- beforeMethodExecution -->
        <test-method status="PASS" signature="checkLoginPageTitleByURLInputInBrowser()[pri:2, instance:com.focus.testcases.URLBrowserTest@5bc79255]" name="checkLoginPageTitleByURLInputInBrowser" duration-ms="5693" started-at="2023-01-02T11:33:10Z" finished-at="2023-01-02T11:33:16Z">
          <reporter-output>
            <line>
              <![CDATA[Completed executing following method : URLBrowserTest.checkLoginPageTitleByURLInputInBrowser]]>
            </line>
            <line>
              <![CDATA[Test Method resides in com.focus.testcases.URLBrowserTest]]>
            </line>
            <line>
              <![CDATA[Test Status: Pass]]>
            </line>
            <line>
              <![CDATA[About to begin executing following method : BaseEngine.afterMethodExecution]]>
            </line>
          </reporter-output>
        </test-method> <!-- checkLoginPageTitleByURLInputInBrowser -->
        <test-method status="PASS" signature="afterMethodExecution(org.testng.ITestResult)[pri:0, instance:com.focus.testcases.URLBrowserTest@5bc79255]" name="afterMethodExecution" is-config="true" duration-ms="1" started-at="2023-01-02T11:33:16Z" finished-at="2023-01-02T11:33:16Z">
          <params>
            <param index="0">
              <value>
                <![CDATA[[TestResult name=checkLoginPageTitleByURLInputInBrowser status=SUCCESS method=URLBrowserTest.checkLoginPageTitleByURLInputInBrowser()[pri:2, instance:com.focus.testcases.URLBrowserTest@5bc79255] output=Completed executing following method : URLBrowserTest.checkLoginPageTitleByURLInputInBrowser]]]>
              </value>
            </param>
          </params>
          <reporter-output>
            <line>
              <![CDATA[Completed executing following method : BaseEngine.afterMethodExecution]]>
            </line>
          </reporter-output>
        </test-method> <!-- afterMethodExecution -->
        <test-method status="PASS" signature="generateReports()[pri:0, instance:com.focus.testcases.URLBrowserTest@5bc79255]" name="generateReports" is-config="true" duration-ms="399" started-at="2023-01-02T13:36:27Z" finished-at="2023-01-02T13:36:27Z">
          <reporter-output>
            <line>
              <![CDATA[Completed executing following method : BaseEngine.generateReports]]>
            </line>
          </reporter-output>
        </test-method> <!-- generateReports -->
        <test-method status="PASS" signature="closeBrowser()[pri:0, instance:com.focus.testcases.URLBrowserTest@5bc79255]" name="closeBrowser" is-config="true" duration-ms="132" started-at="2023-01-02T13:36:27Z" finished-at="2023-01-02T13:36:27Z">
          <reporter-output>
            <line>
              <![CDATA[Completed executing following method : BaseEngine.closeBrowser]]>
            </line>
          </reporter-output>
        </test-method> <!-- closeBrowser -->
      </class> <!-- com.focus.testcases.URLBrowserTest -->
    </test> <!-- Test -->
  </suite> <!-- Suite -->
</testng-results>
